#
# A fatal error has been detected by the Java Runtime Environment:
#
#  SIGSEGV (0xb) at pc=0x00007f0ddb50745c, pid=17394, tid=0x00007f0d878f5700
#
# JRE version: Java(TM) SE Runtime Environment (8.0_102-b14) (build 1.8.0_102-b14)
# Java VM: Java HotSpot(TM) 64-Bit Server VM (25.102-b14 mixed mode linux-amd64 compressed oops)
# Problematic frame:
# V  [libjvm.so+0x69945c]  java_lang_String::equals(oopDesc*, unsigned short*, int)+0x11c
#
# Failed to write core dump. Core dumps have been disabled. To enable core dumping, try "ulimit -c unlimited" before starting Java again
#
# If you would like to submit a bug report, please visit:
#   http://bugreport.java.com/bugreport/crash.jsp
#

---------------  T H R E A D  ---------------

Current thread (0x00007f0dd4e68000):  JavaThread "qtp1457417579-12" [_thread_in_vm, id=17445, stack(0x00007f0d877f5000,0x00007f0d878f6000)]

siginfo: si_signo: 11 (SIGSEGV), si_code: 1 (SEGV_MAPERR), si_addr: 0x000000000000000c

Registers:
RAX=0x0000000000000000, RBX=0x00007f0dd4050358, RCX=0x0000000000000000, RDX=0x0000000000000000
RSP=0x00007f0d878f2ee0, RBP=0x00007f0d878f2ee0, RSI=0x00007f0d9419ac40, RDI=0x0000000000000000
R8 =0x000000000000000c, R9 =0x0000000000000000, R10=0x0000000000000000, R11=0x0000000000000001
R12=0x0000000000000000, R13=0x0000000000000000, R14=0x00007f0dd4027900, R15=0x0000000000000000
RIP=0x00007f0ddb50745c, EFLAGS=0x0000000000010246, CSGSFS=0x002b000000000033, ERR=0x0000000000000004
  TRAPNO=0x000000000000000e

Top of Stack: (sp=0x00007f0d878f2ee0)
0x00007f0d878f2ee0:   00007f0d878f2f50 00007f0ddb89cc46
0x00007f0d878f2ef0:   00000028878f32a0 00007f0ddb81c810
0x00007f0d878f2f00:   000000009419ac40 00007f0dd4e68000
0x00007f0d878f2f10:   00007f0d9419ac40 0000000000000000
0x00007f0d878f2f20:   00007f0d878f2f50 00007f0dd4e697c0
0x00007f0d878f2f30:   0000000000000000 00007f0dd4e68000
0x00007f0d878f2f40:   00007f0d9419ac30 00000000000003d8
0x00007f0d878f2f50:   00007f0d878f2fb0 00007f0ddb89d24f
0x00007f0d878f2f60:   00007f0d9419ac40 00007f0d9419b018
0x00007f0d878f2f70:   00007f0d878f3280 00000000878f3070
0x00007f0d878f2f80:   000000000000000c 00007f0d878f3080
0x00007f0d878f2f90:   000000000000000d 00007f0d878f3080
0x00007f0d878f2fa0:   00007f0dd4e68000 00007f0d878f3120
0x00007f0d878f2fb0:   00007f0d878f2fe0 00007f0ddb3604c8
0x00007f0d878f2fc0:   00007f0d878f3080 00007f0dd4e68000
0x00007f0d878f2fd0:   000000000000000d 0000000000000046
0x00007f0d878f2fe0:   00007f0d878f3100 00007f0ddb366261
0x00007f0d878f2ff0:   00007f0dd4e68000 00007f0d00000008
0x00007f0d878f3000:   00007f0dd4c6aea0 00007f0d00000008
0x00007f0d878f3010:   fffffffe00000000 0000000000000000
0x00007f0d878f3020:   0000000000000000 00007f0dc533410c
0x00007f0d878f3030:   00007f0d878f3240 00007f0dc5023243
0x00007f0d878f3040:   00007f0d878f3248 00007f0dc5023243
0x00007f0d878f3050:   00007f0dc50055d0 00007f0d00000000
0x00007f0d878f3060:   00007f0d878f3290 00007f0d878f3248
0x00007f0d878f3070:   00007f0d87a2e068 00007f0dd4e68000
0x00007f0d878f3080:   00007f0d87a2e068 00007f0dd4e68000
0x00007f0d878f3090:   00007f0d878f32a0 00007f0dc5023703
0x00007f0d878f30a0:   00007f0dd4e698f8 00007f0d00000000
0x00007f0d878f30b0:   00007f0d878f32f8 00007f0d878f32a0
0x00007f0d878f30c0:   00007f0d878f32a0 00007f0dd4e68470
0x00007f0d878f30d0:   00007f0dd4e68000 00007f0dd4e68470 

Instructions: (pc=0x00007f0ddb50745c)
0x00007f0ddb50743c:   d3 e7 48 03 38 eb 09 0f 1f 44 00 00 4a 8b 3c 07
0x00007f0ddb50744c:   48 8b 05 1d 97 8d 00 80 38 01 48 19 c0 83 e0 04
0x00007f0ddb50745c:   8b 44 07 0c e9 2d ff ff ff 0f 1f 00 49 63 c2 31
0x00007f0ddb50746c:   c9 49 8d 7c 41 10 eb 10 0f 1f 40 00 48 83 c1 01 

Register to memory mapping:

RAX=0x0000000000000000 is an unknown value
RBX=0x00007f0dd4050358 is an unknown value
RCX=0x0000000000000000 is an unknown value
RDX=0x0000000000000000 is an unknown value
RSP=0x00007f0d878f2ee0 is pointing into the stack for thread: 0x00007f0dd4e68000
RBP=0x00007f0d878f2ee0 is pointing into the stack for thread: 0x00007f0dd4e68000
RSI=0x00007f0d9419ac40 is an unknown value
RDI=0x0000000000000000 is an unknown value
R8 =0x000000000000000c is an unknown value
R9 =0x0000000000000000 is an unknown value
R10=0x0000000000000000 is an unknown value
R11=0x0000000000000001 is an unknown value
R12=0x0000000000000000 is an unknown value
R13=0x0000000000000000 is an unknown value
R14=0x00007f0dd4027900 is an unknown value
R15=0x0000000000000000 is an unknown value


Stack: [0x00007f0d877f5000,0x00007f0d878f6000],  sp=0x00007f0d878f2ee0,  free space=1015k
Native frames: (J=compiled Java code, j=interpreted, Vv=VM code, C=native code)
V  [libjvm.so+0x69945c]  java_lang_String::equals(oopDesc*, unsigned short*, int)+0x11c
V  [libjvm.so+0xa2ec46]  StringTable::intern(Handle, unsigned short*, int, Thread*)+0xc6
V  [libjvm.so+0xa2f24f]  StringTable::intern(Symbol*, Thread*)+0x5f
V  [libjvm.so+0x4f24c8]  ConstantPool::string_at_impl(constantPoolHandle, int, int, Thread*)+0xc8
V  [libjvm.so+0x4f8261]  ConstantPool::resolve_constant_at_impl(constantPoolHandle, int, int, Thread*)+0x541
V  [libjvm.so+0x34293e]  Bytecode_loadconstant::resolve_constant(Thread*) const+0xce
V  [libjvm.so+0x687ba0]  InterpreterRuntime::resolve_ldc(JavaThread*, Bytecodes::Code)+0x1c0
j  java.lang.invoke.LambdaForm$Name.exprString()Ljava/lang/String;+34
j  java.lang.invoke.LambdaForm.toString()Ljava/lang/String;+122
j  java.lang.invoke.LambdaForm.compileToBytecode()Ljava/lang/invoke/MemberName;+95
j  java.lang.invoke.DirectMethodHandle.makePreparedLambdaForm(Ljava/lang/invoke/MethodType;I)Ljava/lang/invoke/LambdaForm;+638
J 4352 C1 java.lang.invoke.DirectMethodHandle.preparedLambdaForm(Ljava/lang/invoke/MemberName;)Ljava/lang/invoke/LambdaForm; (230 bytes) @ 0x00007f0dc51b4da4 [0x00007f0dc51b4400+0x9a4]
j  java.lang.invoke.DirectMethodHandle.makeAllocator(Ljava/lang/invoke/MemberName;)Ljava/lang/invoke/DirectMethodHandle;+84
j  java.lang.invoke.DirectMethodHandle.make(Ljava/lang/invoke/MemberName;)Ljava/lang/invoke/DirectMethodHandle;+8
j  java.lang.invoke.MethodHandles$Lookup.getDirectConstructorCommon(Ljava/lang/Class;Ljava/lang/invoke/MemberName;Z)Ljava/lang/invoke/MethodHandle;+61
j  java.lang.invoke.MethodHandles$Lookup.getDirectConstructorNoSecurityManager(Ljava/lang/Class;Ljava/lang/invoke/MemberName;)Ljava/lang/invoke/MethodHandle;+4
j  java.lang.invoke.MethodHandles$Lookup.getDirectMethodForConstant(BLjava/lang/Class;Ljava/lang/invoke/MemberName;)Ljava/lang/invoke/MethodHandle;+43
j  java.lang.invoke.MethodHandles$Lookup.linkMethodHandleConstant(BLjava/lang/Class;Ljava/lang/String;Ljava/lang/Object;)Ljava/lang/invoke/MethodHandle;+115
j  java.lang.invoke.MethodHandleNatives.linkMethodHandleConstant(Ljava/lang/Class;ILjava/lang/Class;Ljava/lang/String;Ljava/lang/Object;)Ljava/lang/invoke/MethodHandle;+38
v  ~StubRoutines::call_stub
V  [libjvm.so+0x68ffc6]  JavaCalls::call_helper(JavaValue*, methodHandle*, JavaCallArguments*, Thread*)+0x1056
V  [libjvm.so+0x690c51]  JavaCalls::call_static(JavaValue*, KlassHandle, Symbol*, Symbol*, JavaCallArguments*, Thread*)+0x2d1
V  [libjvm.so+0xa36fca]  SystemDictionary::link_method_handle_constant(KlassHandle, int, KlassHandle, Symbol*, Symbol*, Thread*)+0x32a
V  [libjvm.so+0x4f8095]  ConstantPool::resolve_constant_at_impl(constantPoolHandle, int, int, Thread*)+0x375
V  [libjvm.so+0x4f8e73]  ConstantPool::resolve_possibly_cached_constant_at(int, Thread*)+0x83
V  [libjvm.so+0x4f8769]  ConstantPool::resolve_bootstrap_specifier_at_impl(constantPoolHandle, int, Thread*)+0x4c9
V  [libjvm.so+0x7f7eb4]  LinkResolver::resolve_invokedynamic(CallInfo&, constantPoolHandle, int, Thread*)+0x804
V  [libjvm.so+0x7fb9a1]  LinkResolver::resolve_invoke(CallInfo&, Handle, constantPoolHandle, int, Bytecodes::Code, Thread*)+0x5f1
V  [libjvm.so+0x688a36]  InterpreterRuntime::resolve_invokedynamic(JavaThread*)+0x166
j  java.util.stream.Collectors.toList()Ljava/util/stream/Collector;+4
j  org.eclipse.jetty.server.Response.reset(Z)V+44
j  org.eclipse.jetty.server.HttpChannel.handle()Z+487
j  org.eclipse.jetty.server.HttpConnection.onFillable()V+140
j  org.eclipse.jetty.io.AbstractConnection$ReadCallback.succeeded()V+4
j  org.eclipse.jetty.io.FillInterest.fillable()V+57
j  org.eclipse.jetty.io.ChannelEndPoint$2.run()V+7
j  org.eclipse.jetty.util.thread.strategy.EatWhatYouKill.doProduce()Z+395
j  org.eclipse.jetty.util.thread.strategy.EatWhatYouKill.produce()V+47
j  org.eclipse.jetty.io.ManagedSelector$$Lambda$88.run()V+4
j  org.eclipse.jetty.util.thread.QueuedThreadPool.runJob(Ljava/lang/Runnable;)V+1
j  org.eclipse.jetty.util.thread.QueuedThreadPool$2.run()V+104
j  java.lang.Thread.run()V+11
v  ~StubRoutines::call_stub
V  [libjvm.so+0x68ffc6]  JavaCalls::call_helper(JavaValue*, methodHandle*, JavaCallArguments*, Thread*)+0x1056
V  [libjvm.so+0x6904d1]  JavaCalls::call_virtual(JavaValue*, KlassHandle, Symbol*, Symbol*, JavaCallArguments*, Thread*)+0x321
V  [libjvm.so+0x690977]  JavaCalls::call_virtual(JavaValue*, Handle, KlassHandle, Symbol*, Symbol*, Thread*)+0x47
V  [libjvm.so+0x727660]  thread_entry(JavaThread*, Thread*)+0xa0
V  [libjvm.so+0xa73ce3]  JavaThread::thread_main_inner()+0x103
V  [libjvm.so+0xa73e2c]  JavaThread::run()+0x11c
V  [libjvm.so+0x9249c8]  java_start(Thread*)+0x108
C  [libpthread.so.0+0x7fa3]  start_thread+0xf3

Java frames: (J=compiled Java code, j=interpreted, Vv=VM code)
j  java.lang.invoke.LambdaForm$Name.exprString()Ljava/lang/String;+34
j  java.lang.invoke.LambdaForm.toString()Ljava/lang/String;+122
j  java.lang.invoke.LambdaForm.compileToBytecode()Ljava/lang/invoke/MemberName;+95
j  java.lang.invoke.DirectMethodHandle.makePreparedLambdaForm(Ljava/lang/invoke/MethodType;I)Ljava/lang/invoke/LambdaForm;+638
J 4352 C1 java.lang.invoke.DirectMethodHandle.preparedLambdaForm(Ljava/lang/invoke/MemberName;)Ljava/lang/invoke/LambdaForm; (230 bytes) @ 0x00007f0dc51b4da4 [0x00007f0dc51b4400+0x9a4]
j  java.lang.invoke.DirectMethodHandle.makeAllocator(Ljava/lang/invoke/MemberName;)Ljava/lang/invoke/DirectMethodHandle;+84
j  java.lang.invoke.DirectMethodHandle.make(Ljava/lang/invoke/MemberName;)Ljava/lang/invoke/DirectMethodHandle;+8
j  java.lang.invoke.MethodHandles$Lookup.getDirectConstructorCommon(Ljava/lang/Class;Ljava/lang/invoke/MemberName;Z)Ljava/lang/invoke/MethodHandle;+61
j  java.lang.invoke.MethodHandles$Lookup.getDirectConstructorNoSecurityManager(Ljava/lang/Class;Ljava/lang/invoke/MemberName;)Ljava/lang/invoke/MethodHandle;+4
j  java.lang.invoke.MethodHandles$Lookup.getDirectMethodForConstant(BLjava/lang/Class;Ljava/lang/invoke/MemberName;)Ljava/lang/invoke/MethodHandle;+43
j  java.lang.invoke.MethodHandles$Lookup.linkMethodHandleConstant(BLjava/lang/Class;Ljava/lang/String;Ljava/lang/Object;)Ljava/lang/invoke/MethodHandle;+115
j  java.lang.invoke.MethodHandleNatives.linkMethodHandleConstant(Ljava/lang/Class;ILjava/lang/Class;Ljava/lang/String;Ljava/lang/Object;)Ljava/lang/invoke/MethodHandle;+38
v  ~StubRoutines::call_stub
j  java.util.stream.Collectors.toList()Ljava/util/stream/Collector;+4
j  org.eclipse.jetty.server.Response.reset(Z)V+44
j  org.eclipse.jetty.server.HttpChannel.handle()Z+487
j  org.eclipse.jetty.server.HttpConnection.onFillable()V+140
j  org.eclipse.jetty.io.AbstractConnection$ReadCallback.succeeded()V+4
j  org.eclipse.jetty.io.FillInterest.fillable()V+57
j  org.eclipse.jetty.io.ChannelEndPoint$2.run()V+7
j  org.eclipse.jetty.util.thread.strategy.EatWhatYouKill.doProduce()Z+395
j  org.eclipse.jetty.util.thread.strategy.EatWhatYouKill.produce()V+47
j  org.eclipse.jetty.io.ManagedSelector$$Lambda$88.run()V+4
j  org.eclipse.jetty.util.thread.QueuedThreadPool.runJob(Ljava/lang/Runnable;)V+1
j  org.eclipse.jetty.util.thread.QueuedThreadPool$2.run()V+104
j  java.lang.Thread.run()V+11
v  ~StubRoutines::call_stub

---------------  P R O C E S S  ---------------

Java Threads: ( => current thread )
  0x00007f0dd5406800 JavaThread "Scheduler-1505964934" [_thread_blocked, id=17452, stack(0x00007f0d86eee000,0x00007f0d86fef000)]
  0x00007f0dd4e8e000 JavaThread "qtp1457417579-18" [_thread_in_native, id=17451, stack(0x00007f0d871ef000,0x00007f0d872f0000)]
  0x00007f0dd4e8c000 JavaThread "qtp1457417579-17" [_thread_in_native, id=17450, stack(0x00007f0d872f0000,0x00007f0d873f1000)]
  0x00007f0dd4e8a000 JavaThread "qtp1457417579-16" [_thread_blocked, id=17449, stack(0x00007f0d873f1000,0x00007f0d874f2000)]
  0x00007f0dd4e88000 JavaThread "qtp1457417579-15" [_thread_blocked, id=17448, stack(0x00007f0d874f2000,0x00007f0d875f3000)]
  0x00007f0dd4e86800 JavaThread "qtp1457417579-14" [_thread_blocked, id=17447, stack(0x00007f0d875f3000,0x00007f0d876f4000)]
  0x00007f0dd4e84800 JavaThread "qtp1457417579-13-acceptor-0@71aa7f59-ServerConnector@de63949{HTTP/1.1,[http/1.1]}{0.0.0.0:8080}" [_thread_in_native, id=17446, stack(0x00007f0d876f4000,0x00007f0d877f5000)]
=>0x00007f0dd4e68000 JavaThread "qtp1457417579-12" [_thread_in_vm, id=17445, stack(0x00007f0d877f5000,0x00007f0d878f6000)]
  0x00007f0dd4e66800 JavaThread "qtp1457417579-11" [_thread_blocked, id=17444, stack(0x00007f0d878f6000,0x00007f0d879f7000)]
  0x00007f0dd40c9000 JavaThread "Service Thread" daemon [_thread_blocked, id=17427, stack(0x00007f0db7eff000,0x00007f0db8000000)]
  0x00007f0dd40be000 JavaThread "C1 CompilerThread2" daemon [_thread_blocked, id=17426, stack(0x00007f0dbc08f000,0x00007f0dbc18f000)]
  0x00007f0dd40bc000 JavaThread "C2 CompilerThread1" daemon [_thread_blocked, id=17425, stack(0x00007f0dbc190000,0x00007f0dbc290000)]
  0x00007f0dd40b9000 JavaThread "C2 CompilerThread0" daemon [_thread_in_native, id=17424, stack(0x00007f0dc400f000,0x00007f0dc410f000)]
  0x00007f0dd40b8000 JavaThread "Signal Dispatcher" daemon [_thread_blocked, id=17423, stack(0x00007f0dc410f000,0x00007f0dc4210000)]
  0x00007f0dd4084800 JavaThread "Finalizer" daemon [_thread_blocked, id=17420, stack(0x00007f0dc44f5000,0x00007f0dc45f6000)]
  0x00007f0dd4080000 JavaThread "Reference Handler" daemon [_thread_blocked, id=17419, stack(0x00007f0dc45f6000,0x00007f0dc46f7000)]
  0x00007f0dd400a800 JavaThread "main" [_thread_blocked, id=17412, stack(0x00007f0ddabeb000,0x00007f0ddaceb000)]

Other Threads:
  0x00007f0dd4078800 VMThread [stack: 0x00007f0dc46f8000,0x00007f0dc47f8000] [id=17418]
  0x00007f0dd40cc000 WatcherThread [stack: 0x00007f0db7dff000,0x00007f0db7eff000] [id=17428]

VM state:not at safepoint (normal execution)

VM Mutex/Monitor currently owned by a thread: None

Heap:
 PSYoungGen      total 204288K, used 156140K [0x00000000d7100000, 0x00000000e5500000, 0x0000000100000000)
  eden space 187392K, 75% used [0x00000000d7100000,0x00000000dfa63c60,0x00000000e2800000)
  from space 16896K, 91% used [0x00000000e3a00000,0x00000000e49176e8,0x00000000e4a80000)
  to   space 18432K, 0% used [0x00000000e2800000,0x00000000e2800000,0x00000000e3a00000)
 ParOldGen       total 65536K, used 23258K [0x0000000085200000, 0x0000000089200000, 0x00000000d7100000)
  object space 65536K, 35% used [0x0000000085200000,0x00000000868b68c8,0x0000000089200000)
 Metaspace       used 29095K, capacity 30108K, committed 30208K, reserved 1075200K
  class space    used 3497K, capacity 3760K, committed 3840K, reserved 1048576K

Card table byte_map: [0x00007f0dd9da3000,0x00007f0dda17b000] byte_map_base: 0x00007f0dd997a000

Marking Bits: (ParMarkBitMap*) 0x00007f0ddbe30c60
 Begin Bits: [0x00007f0dbc290000, 0x00007f0dbe148000)
 End Bits:   [0x00007f0dbe148000, 0x00007f0dc0000000)

Polling page: 0x00007f0ddc298000

CodeCache: size=245760Kb used=11725Kb max_used=13950Kb free=234034Kb
 bounds [0x00007f0dc5000000, 0x00007f0dc5db0000, 0x00007f0dd4000000]
 total_blobs=4291 nmethods=3855 adapters=349
 compilation: enabled

Compilation events (10 events):
Event: 6,000 Thread 0x00007f0dd40be000 nmethod 4374 0x00007f0dc5251290 code [0x00007f0dc5251400, 0x00007f0dc5251588]
Event: 6,001 Thread 0x00007f0dd40bc000 nmethod 4369 0x00007f0dc513c950 code [0x00007f0dc513caa0, 0x00007f0dc513cbd8]
Event: 6,001 Thread 0x00007f0dd40be000 4375       3       java.lang.StringBuilder::append (6 bytes)
Event: 6,001 Thread 0x00007f0dd40be000 nmethod 4375 0x00007f0dc539efd0 code [0x00007f0dc539f140, 0x00007f0dc539f3a8]
Event: 6,001 Thread 0x00007f0dd40be000 4367       1       java.util.Formatter::access$000 (5 bytes)
Event: 6,001 Thread 0x00007f0dd40be000 nmethod 4367 0x00007f0dc5177e10 code [0x00007f0dc5177f60, 0x00007f0dc5178050]
Event: 6,001 Thread 0x00007f0dd40be000 4360       3       java.lang.Character::isUpperCase (25 bytes)
Event: 6,001 Thread 0x00007f0dd40be000 nmethod 4360 0x00007f0dc51ca990 code [0x00007f0dc51cab40, 0x00007f0dc51caf58]
Event: 6,002 Thread 0x00007f0dd40be000 4368       1       sun.util.locale.BaseLocale::getRegion (5 bytes)
Event: 6,002 Thread 0x00007f0dd40be000 nmethod 4368 0x00007f0dc5241d10 code [0x00007f0dc5241e60, 0x00007f0dc5241f70]

GC Heap History (10 events):
Event: 2,663 GC heap before
{Heap before GC invocations=5 (full 0):
 PSYoungGen      total 68608K, used 68592K [0x00000000d7100000, 0x00000000db900000, 0x0000000100000000)
  eden space 63488K, 100% used [0x00000000d7100000,0x00000000daf00000,0x00000000daf00000)
  from space 5120K, 99% used [0x00000000db400000,0x00000000db8fc010,0x00000000db900000)
  to   space 5120K, 0% used [0x00000000daf00000,0x00000000daf00000,0x00000000db400000)
 ParOldGen       total 84992K, used 5935K [0x0000000085200000, 0x000000008a500000, 0x00000000d7100000)
  object space 84992K, 6% used [0x0000000085200000,0x00000000857cbee8,0x000000008a500000)
 Metaspace       used 16565K, capacity 16954K, committed 17280K, reserved 1064960K
  class space    used 1958K, capacity 2093K, committed 2176K, reserved 1048576K
Event: 2,678 GC heap after
Heap after GC invocations=5 (full 0):
 PSYoungGen      total 68608K, used 5104K [0x00000000d7100000, 0x00000000e0000000, 0x0000000100000000)
  eden space 63488K, 0% used [0x00000000d7100000,0x00000000d7100000,0x00000000daf00000)
  from space 5120K, 99% used [0x00000000daf00000,0x00000000db3fc050,0x00000000db400000)
  to   space 9728K, 0% used [0x00000000df680000,0x00000000df680000,0x00000000e0000000)
 ParOldGen       total 84992K, used 9321K [0x0000000085200000, 0x000000008a500000, 0x00000000d7100000)
  object space 84992K, 10% used [0x0000000085200000,0x0000000085b1a670,0x000000008a500000)
 Metaspace       used 16565K, capacity 16954K, committed 17280K, reserved 1064960K
  class space    used 1958K, capacity 2093K, committed 2176K, reserved 1048576K
}
Event: 3,170 GC heap before
{Heap before GC invocations=6 (full 0):
 PSYoungGen      total 68608K, used 43672K [0x00000000d7100000, 0x00000000e0000000, 0x0000000100000000)
  eden space 63488K, 60% used [0x00000000d7100000,0x00000000d96aa2b8,0x00000000daf00000)
  from space 5120K, 99% used [0x00000000daf00000,0x00000000db3fc050,0x00000000db400000)
  to   space 9728K, 0% used [0x00000000df680000,0x00000000df680000,0x00000000e0000000)
 ParOldGen       total 84992K, used 9321K [0x0000000085200000, 0x000000008a500000, 0x00000000d7100000)
  object space 84992K, 10% used [0x0000000085200000,0x0000000085b1a670,0x000000008a500000)
 Metaspace       used 20512K, capacity 21040K, committed 21296K, reserved 1069056K
  class space    used 2415K, capacity 2626K, committed 2688K, reserved 1048576K
Event: 3,195 GC heap after
Heap after GC invocations=6 (full 0):
 PSYoungGen      total 135680K, used 9634K [0x00000000d7100000, 0x00000000e0200000, 0x0000000100000000)
  eden space 125952K, 0% used [0x00000000d7100000,0x00000000d7100000,0x00000000dec00000)
  from space 9728K, 99% used [0x00000000df680000,0x00000000dffe8878,0x00000000e0000000)
  to   space 10752K, 0% used [0x00000000dec00000,0x00000000dec00000,0x00000000df680000)
 ParOldGen       total 84992K, used 9329K [0x0000000085200000, 0x000000008a500000, 0x00000000d7100000)
  object space 84992K, 10% used [0x0000000085200000,0x0000000085b1c670,0x000000008a500000)
 Metaspace       used 20512K, capacity 21040K, committed 21296K, reserved 1069056K
  class space    used 2415K, capacity 2626K, committed 2688K, reserved 1048576K
}
Event: 3,195 GC heap before
{Heap before GC invocations=7 (full 1):
 PSYoungGen      total 135680K, used 9634K [0x00000000d7100000, 0x00000000e0200000, 0x0000000100000000)
  eden space 125952K, 0% used [0x00000000d7100000,0x00000000d7100000,0x00000000dec00000)
  from space 9728K, 99% used [0x00000000df680000,0x00000000dffe8878,0x00000000e0000000)
  to   space 10752K, 0% used [0x00000000dec00000,0x00000000dec00000,0x00000000df680000)
 ParOldGen       total 84992K, used 9329K [0x0000000085200000, 0x000000008a500000, 0x00000000d7100000)
  object space 84992K, 10% used [0x0000000085200000,0x0000000085b1c670,0x000000008a500000)
 Metaspace       used 20512K, capacity 21040K, committed 21296K, reserved 1069056K
  class space    used 2415K, capacity 2626K, committed 2688K, reserved 1048576K
Event: 3,275 GC heap after
Heap after GC invocations=7 (full 1):
 PSYoungGen      total 135680K, used 0K [0x00000000d7100000, 0x00000000e0200000, 0x0000000100000000)
  eden space 125952K, 0% used [0x00000000d7100000,0x00000000d7100000,0x00000000dec00000)
  from space 9728K, 0% used [0x00000000df680000,0x00000000df680000,0x00000000e0000000)
  to   space 10752K, 0% used [0x00000000dec00000,0x00000000dec00000,0x00000000df680000)
 ParOldGen       total 65536K, used 13893K [0x0000000085200000, 0x0000000089200000, 0x00000000d7100000)
  object space 65536K, 21% used [0x0000000085200000,0x0000000085f91610,0x0000000089200000)
 Metaspace       used 20512K, capacity 21040K, committed 21296K, reserved 1069056K
  class space    used 2415K, capacity 2626K, committed 2688K, reserved 1048576K
}
Event: 4,461 GC heap before
{Heap before GC invocations=8 (full 1):
 PSYoungGen      total 135680K, used 125952K [0x00000000d7100000, 0x00000000e0200000, 0x0000000100000000)
  eden space 125952K, 100% used [0x00000000d7100000,0x00000000dec00000,0x00000000dec00000)
  from space 9728K, 0% used [0x00000000df680000,0x00000000df680000,0x00000000e0000000)
  to   space 10752K, 0% used [0x00000000dec00000,0x00000000dec00000,0x00000000df680000)
 ParOldGen       total 65536K, used 13893K [0x0000000085200000, 0x0000000089200000, 0x00000000d7100000)
  object space 65536K, 21% used [0x0000000085200000,0x0000000085f91610,0x0000000089200000)
 Metaspace       used 26614K, capacity 27454K, committed 27520K, reserved 1073152K
  class space    used 3172K, capacity 3441K, committed 3456K, reserved 1048576K
Event: 4,479 GC heap after
Heap after GC invocations=8 (full 1):
 PSYoungGen      total 136704K, used 10734K [0x00000000d7100000, 0x00000000e4a80000, 0x0000000100000000)
  eden space 125952K, 0% used [0x00000000d7100000,0x00000000d7100000,0x00000000dec00000)
  from space 10752K, 99% used [0x00000000dec00000,0x00000000df67baf0,0x00000000df680000)
  to   space 16896K, 0% used [0x00000000e3a00000,0x00000000e3a00000,0x00000000e4a80000)
 ParOldGen       total 65536K, used 23250K [0x0000000085200000, 0x0000000089200000, 0x00000000d7100000)
  object space 65536K, 35% used [0x0000000085200000,0x00000000868b48c8,0x0000000089200000)
 Metaspace       used 26614K, capacity 27454K, committed 27520K, reserved 1073152K
  class space    used 3172K, capacity 3441K, committed 3456K, reserved 1048576K
}
Event: 4,682 GC heap before
{Heap before GC invocations=9 (full 1):
 PSYoungGen      total 136704K, used 136686K [0x00000000d7100000, 0x00000000e4a80000, 0x0000000100000000)
  eden space 125952K, 100% used [0x00000000d7100000,0x00000000dec00000,0x00000000dec00000)
  from space 10752K, 99% used [0x00000000dec00000,0x00000000df67baf0,0x00000000df680000)
  to   space 16896K, 0% used [0x00000000e3a00000,0x00000000e3a00000,0x00000000e4a80000)
 ParOldGen       total 65536K, used 23250K [0x0000000085200000, 0x0000000089200000, 0x00000000d7100000)
  object space 65536K, 35% used [0x0000000085200000,0x00000000868b48c8,0x0000000089200000)
 Metaspace       used 26637K, capacity 27582K, committed 27776K, reserved 1073152K
  class space    used 3174K, capacity 3441K, committed 3456K, reserved 1048576K
Event: 4,693 GC heap after
Heap after GC invocations=9 (full 1):
 PSYoungGen      total 204288K, used 15453K [0x00000000d7100000, 0x00000000e5500000, 0x0000000100000000)
  eden space 187392K, 0% used [0x00000000d7100000,0x00000000d7100000,0x00000000e2800000)
  from space 16896K, 91% used [0x00000000e3a00000,0x00000000e49176e8,0x00000000e4a80000)
  to   space 18432K, 0% used [0x00000000e2800000,0x00000000e2800000,0x00000000e3a00000)
 ParOldGen       total 65536K, used 23258K [0x0000000085200000, 0x0000000089200000, 0x00000000d7100000)
  object space 65536K, 35% used [0x0000000085200000,0x00000000868b68c8,0x0000000089200000)
 Metaspace       used 26637K, capacity 27582K, committed 27776K, reserved 1073152K
  class space    used 3174K, capacity 3441K, committed 3456K, reserved 1048576K
}

Deoptimization events (10 events):
Event: 4,967 Thread 0x00007f0dd400a800 Uncommon trap: reason=class_check action=maybe_recompile pc=0x00007f0dc5d064f0 method=jodd.io.StreamUtil.copy(Ljava/io/InputStream;Ljava/io/OutputStream;)I @ 15
Event: 4,968 Thread 0x00007f0dd400a800 Uncommon trap: reason=class_check action=maybe_recompile pc=0x00007f0dc5d064f0 method=jodd.io.StreamUtil.copy(Ljava/io/InputStream;Ljava/io/OutputStream;)I @ 15
Event: 5,096 Thread 0x00007f0dd400a800 Uncommon trap: reason=unstable_if action=reinterpret pc=0x00007f0dc59330d4 method=java.util.concurrent.ConcurrentHashMap.replaceNode(Ljava/lang/Object;Ljava/lang/Object;Ljava/lang/Object;)Ljava/lang/Object; @ 47
Event: 5,951 Thread 0x00007f0dd4e68000 Uncommon trap: reason=unstable_if action=reinterpret pc=0x00007f0dc57824cc method=java.lang.ThreadLocal$ThreadLocalMap.getEntry(Ljava/lang/ThreadLocal;)Ljava/lang/ThreadLocal$ThreadLocalMap$Entry; @ 29
Event: 5,953 Thread 0x00007f0dd4e68000 Uncommon trap: reason=unstable_if action=reinterpret pc=0x00007f0dc595b0e4 method=java.lang.CharacterDataLatin1.isWhitespace(I)Z @ 14
Event: 5,986 Thread 0x00007f0dd4e68000 Uncommon trap: reason=null_check action=maybe_recompile pc=0x00007f0dc521fc2c method=java.lang.String.length()I @ 4
Event: 5,986 Thread 0x00007f0dd4e68000 Uncommon trap: reason=predicate action=maybe_recompile pc=0x00007f0dc5c17728 method=java.net.URI$Parser.scan(IILjava/lang/String;Ljava/lang/String;)I @ 9
Event: 5,986 Thread 0x00007f0dd4e68000 Uncommon trap: reason=null_check action=maybe_recompile pc=0x00007f0dc5122e58 method=java.lang.String.indexOf(II)I @ 4
Event: 5,987 Thread 0x00007f0dd4e68000 Uncommon trap: reason=null_check action=maybe_recompile pc=0x00007f0dc521fc2c method=java.lang.String.length()I @ 4
Event: 6,002 Thread 0x00007f0dd4e68000 Uncommon trap: reason=null_check action=maybe_recompile pc=0x00007f0dc51d5574 method=java.lang.String.equals(Ljava/lang/Object;)Z @ 23

Internal exceptions (10 events):
Event: 4,960 Thread 0x00007f0dd400a800 Implicit null exception at 0x00007f0dc5d038fd to 0x00007f0dc5d039ad
Event: 5,025 Thread 0x00007f0dd400a800 Exception <a 'java/lang/NoSuchMethodError': java.lang.Object.lambda$comparing$77a9974f$1(Ljava/util/function/Function;Ljava/lang/Object;Ljava/lang/Object;)I> (0x00000000deb5aac0) thrown at [/HUDSON3/workspace/8-2-build-linux-amd64/jdk8u102/7268/hotspot/sr
Event: 5,096 Thread 0x00007f0dd400a800 Implicit null exception at 0x00007f0dc5932b58 to 0x00007f0dc59330a1
Event: 5,986 Thread 0x00007f0dd4e68000 Exception <a 'java/lang/NullPointerException'> (0x00000000df95afd8) thrown at [/HUDSON3/workspace/8-2-build-linux-amd64/jdk8u102/7268/hotspot/src/share/vm/interpreter/linkResolver.cpp, line 1178]
Event: 5,986 Thread 0x00007f0dd4e68000 Exception <a 'java/lang/reflect/InvocationTargetException'> (0x00000000df95b3c8) thrown at [/HUDSON3/workspace/8-2-build-linux-amd64/jdk8u102/7268/hotspot/src/share/vm/runtime/reflection.cpp, line 1092]
Event: 5,986 Thread 0x00007f0dd4e68000 Implicit null exception at 0x00007f0dc521f877 to 0x00007f0dc521fc21
Event: 5,986 Thread 0x00007f0dd4e68000 Implicit null exception at 0x00007f0dc5c17301 to 0x00007f0dc5c17737
Event: 5,986 Thread 0x00007f0dd4e68000 Implicit null exception at 0x00007f0dc5122d52 to 0x00007f0dc5122e4d
Event: 5,987 Thread 0x00007f0dd4e68000 Implicit null exception at 0x00007f0dc521f877 to 0x00007f0dc521fc21
Event: 6,002 Thread 0x00007f0dd4e68000 Implicit null exception at 0x00007f0dc51d53ba to 0x00007f0dc51d5569

Events (10 events):
Event: 6,001 loading class java/util/stream/Collector
Event: 6,001 Thread 0x00007f0dd40be000 flushing nmethod 0x00007f0dc5a0c110
Event: 6,001 loading class java/util/stream/Collector done
Event: 6,001 loading class java/util/stream/Collectors$CollectorImpl done
Event: 6,002 Thread 0x00007f0dd40be000 flushing nmethod 0x00007f0dc5a4f790
Event: 6,002 Thread 0x00007f0dd4e68000 Uncommon trap: trap_request=0xfffffff6 fr.pc=0x00007f0dc51d5574
Event: 6,002 Thread 0x00007f0dd4e68000 DEOPT PACKING pc=0x00007f0dc51d5574 sp=0x00007f0d878f3180
Event: 6,002 Thread 0x00007f0dd4e68000 DEOPT UNPACKING pc=0x00007f0dc5005229 sp=0x00007f0d878f3130 mode 2
Event: 6,002 Thread 0x00007f0dd40be000 flushing nmethod 0x00007f0dc5a6ed10
Event: 6,002 Thread 0x00007f0dd40be000 flushing nmethod 0x00007f0dc5a8df50


Dynamic libraries:
00400000-00401000 r-xp 00000000 08:03 6423341                            /opt/jdk1.8.0_102/bin/java
00600000-00601000 rw-p 00000000 08:03 6423341                            /opt/jdk1.8.0_102/bin/java
00ddb000-00dfc000 rw-p 00000000 00:00 0                                  [heap]
85200000-89200000 rw-p 00000000 00:00 0 
89200000-d7100000 ---p 00000000 00:00 0 
d7100000-e5500000 rw-p 00000000 00:00 0 
e5500000-100000000 ---p 00000000 00:00 0 
100000000-1003c0000 rw-p 00000000 00:00 0 
1003c0000-140000000 ---p 00000000 00:00 0 
7f0d60000000-7f0d60021000 rw-p 00000000 00:00 0 
7f0d60021000-7f0d64000000 ---p 00000000 00:00 0 
7f0d64000000-7f0d64021000 rw-p 00000000 00:00 0 
7f0d64021000-7f0d68000000 ---p 00000000 00:00 0 
7f0d68000000-7f0d68021000 rw-p 00000000 00:00 0 
7f0d68021000-7f0d6c000000 ---p 00000000 00:00 0 
7f0d6c000000-7f0d6c021000 rw-p 00000000 00:00 0 
7f0d6c021000-7f0d70000000 ---p 00000000 00:00 0 
7f0d70000000-7f0d70139000 rw-p 00000000 00:00 0 
7f0d70139000-7f0d74000000 ---p 00000000 00:00 0 
7f0d74000000-7f0d7402c000 rw-p 00000000 00:00 0 
7f0d7402c000-7f0d78000000 ---p 00000000 00:00 0 
7f0d78000000-7f0d782e4000 rw-p 00000000 00:00 0 
7f0d782e4000-7f0d7c000000 ---p 00000000 00:00 0 
7f0d7c000000-7f0d7c063000 rw-p 00000000 00:00 0 
7f0d7c063000-7f0d80000000 ---p 00000000 00:00 0 
7f0d80000000-7f0d80071000 rw-p 00000000 00:00 0 
7f0d80071000-7f0d84000000 ---p 00000000 00:00 0 
7f0d8677a000-7f0d8697a000 rw-p 00000000 00:00 0 
7f0d86aee000-7f0d86cae000 rw-p 00000000 00:00 0 
7f0d86cae000-7f0d86cee000 ---p 00000000 00:00 0 
7f0d86cee000-7f0d86eee000 rw-p 00000000 00:00 0 
7f0d86eee000-7f0d86ef1000 ---p 00000000 00:00 0 
7f0d86ef1000-7f0d871ef000 rw-p 00000000 00:00 0 
7f0d871ef000-7f0d871f2000 ---p 00000000 00:00 0 
7f0d871f2000-7f0d872f0000 rw-p 00000000 00:00 0 
7f0d872f0000-7f0d872f3000 ---p 00000000 00:00 0 
7f0d872f3000-7f0d873f1000 rw-p 00000000 00:00 0 
7f0d873f1000-7f0d873f4000 ---p 00000000 00:00 0 
7f0d873f4000-7f0d874f2000 rw-p 00000000 00:00 0 
7f0d874f2000-7f0d874f5000 ---p 00000000 00:00 0 
7f0d874f5000-7f0d875f3000 rw-p 00000000 00:00 0 
7f0d875f3000-7f0d875f6000 ---p 00000000 00:00 0 
7f0d875f6000-7f0d876f4000 rw-p 00000000 00:00 0 
7f0d876f4000-7f0d876f7000 ---p 00000000 00:00 0 
7f0d876f7000-7f0d877f5000 rw-p 00000000 00:00 0 
7f0d877f5000-7f0d877f8000 ---p 00000000 00:00 0 
7f0d877f8000-7f0d878f6000 rw-p 00000000 00:00 0 
7f0d878f6000-7f0d878f9000 ---p 00000000 00:00 0 
7f0d878f9000-7f0d87bf7000 rw-p 00000000 00:00 0 
7f0d87bf7000-7f0d87c00000 r-xp 00000000 08:03 6423459                    /opt/jdk1.8.0_102/jre/lib/amd64/libmanagement.so
7f0d87c00000-7f0d87dff000 ---p 00009000 08:03 6423459                    /opt/jdk1.8.0_102/jre/lib/amd64/libmanagement.so
7f0d87dff000-7f0d87e00000 rw-p 00008000 08:03 6423459                    /opt/jdk1.8.0_102/jre/lib/amd64/libmanagement.so
7f0d87e00000-7f0d88000000 rw-p 00000000 00:00 0 
7f0d88000000-7f0d88021000 rw-p 00000000 00:00 0 
7f0d88021000-7f0d8c000000 ---p 00000000 00:00 0 
7f0d8c000000-7f0d8c021000 rw-p 00000000 00:00 0 
7f0d8c021000-7f0d90000000 ---p 00000000 00:00 0 
7f0d90000000-7f0d91231000 rw-p 00000000 00:00 0 
7f0d91231000-7f0d94000000 ---p 00000000 00:00 0 
7f0d94000000-7f0d9526e000 rw-p 00000000 00:00 0 
7f0d9526e000-7f0d98000000 ---p 00000000 00:00 0 
7f0d98000000-7f0d98021000 rw-p 00000000 00:00 0 
7f0d98021000-7f0d9c000000 ---p 00000000 00:00 0 
7f0d9c000000-7f0d9d351000 rw-p 00000000 00:00 0 
7f0d9d351000-7f0da0000000 ---p 00000000 00:00 0 
7f0da0000000-7f0da0021000 rw-p 00000000 00:00 0 
7f0da0021000-7f0da4000000 ---p 00000000 00:00 0 
7f0da4000000-7f0da4021000 rw-p 00000000 00:00 0 
7f0da4021000-7f0da8000000 ---p 00000000 00:00 0 
7f0da8000000-7f0da8021000 rw-p 00000000 00:00 0 
7f0da8021000-7f0dac000000 ---p 00000000 00:00 0 
7f0dac000000-7f0dac021000 rw-p 00000000 00:00 0 
7f0dac021000-7f0db0000000 ---p 00000000 00:00 0 
7f0db0000000-7f0db0021000 rw-p 00000000 00:00 0 
7f0db0021000-7f0db4000000 ---p 00000000 00:00 0 
7f0db4031000-7f0db4044000 r--s 00345000 08:03 6423647                    /opt/jdk1.8.0_102/jre/lib/resources.jar
7f0db4044000-7f0db4045000 r--s 0000f000 08:03 1312186                    /home/k/.m2/repository/org/jodd/jodd-http/5.0.10/jodd-http-5.0.10.jar
7f0db4045000-7f0db4048000 r--s 0000e000 08:03 1312178                    /home/k/.m2/repository/com/sun/activation/jakarta.activation/1.2.1/jakarta.activation-1.2.1.jar
7f0db4048000-7f0db404a000 r--s 0000d000 08:03 1312172                    /home/k/.m2/repository/org/jodd/jodd-mail/5.0.10/jodd-mail-5.0.10.jar
7f0db404a000-7f0db404c000 r--s 00010000 08:03 1312141                    /home/k/.m2/repository/org/jodd/jodd-joy/5.0.10/jodd-joy-5.0.10.jar
7f0db404c000-7f0db404f000 r--s 00013000 08:03 1312146                    /home/k/.m2/repository/org/jodd/jodd-petite/5.0.10/jodd-petite-5.0.10.jar
7f0db404f000-7f0db4050000 r--s 00003000 08:03 1312184                    /home/k/.m2/repository/org/jodd/jodd-decora/5.0.10/jodd-decora-5.0.10.jar
7f0db4050000-7f0db4053000 r--s 00013000 08:03 1312159                    /home/k/.m2/repository/org/jodd/jodd-json/5.0.10/jodd-json-5.0.10.jar
7f0db4053000-7f0db4055000 r--s 0000c000 08:03 1312158                    /home/k/.m2/repository/org/jodd/jodd-servlet/5.0.10/jodd-servlet-5.0.10.jar
7f0db4055000-7f0db4056000 r--s 00006000 08:03 1312153                    /home/k/.m2/repository/org/jodd/jodd-props/5.0.10/jodd-props-5.0.10.jar
7f0db4056000-7f0db405f000 r--s 00098000 08:03 1312177                    /home/k/.m2/repository/com/sun/mail/jakarta.mail/1.6.3/jakarta.mail-1.6.3.jar
7f0db405f000-7f0db4064000 r--s 00031000 08:03 1312183                    /home/k/.m2/repository/org/jodd/jodd-lagarto/5.0.10/jodd-lagarto-5.0.10.jar
7f0db4064000-7f0db4067000 r--s 0001c000 08:03 1312149                    /home/k/.m2/repository/org/jodd/jodd-bean/5.0.10/jodd-bean-5.0.10.jar
7f0db4067000-7f0db406b000 r--s 00026000 08:03 1312154                    /home/k/.m2/repository/org/jodd/jodd-madvoc/5.0.10/jodd-madvoc-5.0.10.jar
7f0db406b000-7f0db406c000 r--s 00004000 08:03 1312182                    /home/k/.m2/repository/org/jodd/jodd-log/5.0.10/jodd-log-5.0.10.jar
7f0db406c000-7f0db4071000 r--s 00031000 08:03 1312175                    /home/k/.m2/repository/jakarta/mail/jakarta.mail-api/1.6.3/jakarta.mail-api-1.6.3.jar
7f0db4071000-7f0db4077000 r--s 0005d000 08:03 1312147                    /home/k/.m2/repository/org/jodd/jodd-core/5.0.10/jodd-core-5.0.10.jar
7f0db4077000-7f0db407b000 r--s 0002a000 08:03 1312165                    /home/k/.m2/repository/org/jodd/jodd-db/5.0.10/jodd-db-5.0.10.jar
7f0db407b000-7f0db407e000 r--s 00036000 08:03 1312167                    /home/k/.m2/repository/org/jodd/jodd-proxetta/5.0.10/jodd-proxetta-5.0.10.jar
7f0db407e000-7f0db4080000 r--s 00005000 08:03 1312163                    /home/k/.m2/repository/org/jodd/jodd-jtx/5.0.10/jodd-jtx-5.0.10.jar
7f0db4080000-7f0db4083000 r--s 00008000 08:03 1312160                    /home/k/.m2/repository/org/jodd/jodd-vtor/5.0.10/jodd-vtor-5.0.10.jar
7f0db4083000-7f0db4085000 r--s 00006000 08:03 1313590                    /home/k/.m2/repository/javax/transaction/javax.transaction-api/1.2/javax.transaction-api-1.2.jar
7f0db4085000-7f0db408a000 r--s 0002e000 08:03 1313624                    /home/k/.m2/repository/org/apache/taglibs/taglibs-standard-impl/1.2.5/taglibs-standard-impl-1.2.5.jar
7f0db408a000-7f0db408c000 r--s 00008000 08:03 1313621                    /home/k/.m2/repository/org/apache/taglibs/taglibs-standard-spec/1.2.5/taglibs-standard-spec-1.2.5.jar
7f0db408c000-7f0db408d000 r--s 00000000 08:03 1313620                    /home/k/.m2/repository/org/eclipse/jetty/apache-jstl/9.4.8.v20171121/apache-jstl-9.4.8.v20171121.jar
7f0db408d000-7f0db40a0000 r--s 00244000 08:03 1313618                    /home/k/.m2/repository/org/eclipse/jdt/ecj/3.12.3/ecj-3.12.3.jar
7f0db40a0000-7f0db40a5000 r--s 00037000 08:03 1313617                    /home/k/.m2/repository/org/mortbay/jasper/apache-el/8.5.23/apache-el-8.5.23.jar
7f0db40a5000-7f0db40b3000 r--s 000e4000 08:03 1313615                    /home/k/.m2/repository/org/mortbay/jasper/apache-jsp/8.5.23/apache-jsp-8.5.23.jar
7f0db40b3000-7f0db40b5000 r--s 0002d000 08:03 1313612                    /home/k/.m2/repository/org/eclipse/jetty/toolchain/jetty-schemas/3.1/jetty-schemas-3.1.jar
7f0db40b5000-7f0db40b7000 r--s 00002000 08:03 1313610                    /home/k/.m2/repository/org/eclipse/jetty/apache-jsp/9.4.8.v20171121/apache-jsp-9.4.8.v20171121.jar
7f0db40b7000-7f0db40b9000 r--s 00004000 08:03 1313609                    /home/k/.m2/repository/org/eclipse/jetty/websocket/websocket-servlet/9.4.8.v20171121/websocket-servlet-9.4.8.v20171121.jar
7f0db40b9000-7f0db40bf000 r--s 0003e000 08:03 1313508                    /home/k/.m2/repository/org/eclipse/jetty/jetty-client/9.4.8.v20171121/jetty-client-9.4.8.v20171121.jar
7f0db40bf000-7f0db40c1000 r--s 00007000 08:03 1313606                    /home/k/.m2/repository/org/eclipse/jetty/websocket/websocket-client/9.4.8.v20171121/websocket-client-9.4.8.v20171121.jar
7f0db40c1000-7f0db40c4000 r--s 00008000 08:03 1313601                    /home/k/.m2/repository/org/eclipse/jetty/websocket/websocket-api/9.4.8.v20171121/websocket-api-9.4.8.v20171121.jar
7f0db40c4000-7f0db40c8000 r--s 0002c000 08:03 1313600                    /home/k/.m2/repository/org/eclipse/jetty/websocket/websocket-common/9.4.8.v20171121/websocket-common-9.4.8.v20171121.jar
7f0db40c8000-7f0db40ca000 r--s 00007000 08:03 1313599                    /home/k/.m2/repository/org/eclipse/jetty/websocket/websocket-server/9.4.8.v20171121/websocket-server-9.4.8.v20171121.jar
7f0db40ca000-7f0db40cc000 r--s 00007000 08:03 1313598                    /home/k/.m2/repository/javax/websocket/javax.websocket-api/1.0/javax.websocket-api-1.0.jar
7f0db40cc000-7f0db40ce000 r--s 00005000 08:03 1313597                    /home/k/.m2/repository/javax/websocket/javax.websocket-client-api/1.0/javax.websocket-client-api-1.0.jar
7f0db40ce000-7f0db40d3000 r--s 00023000 08:03 1313591                    /home/k/.m2/repository/org/eclipse/jetty/websocket/javax-websocket-client-impl/9.4.8.v20171121/javax-websocket-client-impl-9.4.8.v20171121.jar
7f0db40d3000-7f0db40d4000 r--s 00008000 08:03 1313531                    /home/k/.m2/repository/org/eclipse/jetty/websocket/javax-websocket-server-impl/9.4.8.v20171121/javax-websocket-server-impl-9.4.8.v20171121.jar
7f0db40d4000-7f0db40d6000 r--s 0000a000 08:03 1313589                    /home/k/.m2/repository/org/ow2/asm/asm-tree/6.0/asm-tree-6.0.jar
7f0db40d6000-7f0db40d7000 r--s 00012000 08:03 1313585                    /home/k/.m2/repository/org/ow2/asm/asm-commons/6.0/asm-commons-6.0.jar
7f0db40d7000-7f0db40d9000 r--s 00016000 08:03 1313584                    /home/k/.m2/repository/org/ow2/asm/asm/6.0/asm-6.0.jar
7f0db40d9000-7f0db40db000 r--s 00005000 08:03 1313583                    /home/k/.m2/repository/javax/annotation/javax.annotation-api/1.2/javax.annotation-api-1.2.jar
7f0db40db000-7f0db40de000 r--s 00011000 08:03 1313581                    /home/k/.m2/repository/org/eclipse/jetty/jetty-annotations/9.4.8.v20171121/jetty-annotations-9.4.8.v20171121.jar
7f0db40de000-7f0db40e0000 r--s 00005000 08:03 1313580                    /home/k/.m2/repository/org/eclipse/jetty/jetty-jmx/9.4.8.v20171121/jetty-jmx-9.4.8.v20171121.jar
7f0db40e0000-7f0db40e3000 r--s 0001d000 08:03 1313575                    /home/k/.m2/repository/org/eclipse/jetty/jetty-io/9.4.8.v20171121/jetty-io-9.4.8.v20171121.jar
7f0db40e3000-7f0db40e6000 r--s 00026000 08:03 1313574                    /home/k/.m2/repository/org/eclipse/jetty/jetty-http/9.4.8.v20171121/jetty-http-9.4.8.v20171121.jar
7f0db40e6000-7f0db40e9000 r--s 00015000 08:03 1313488                    /home/k/.m2/repository/javax/servlet/javax.servlet-api/3.1.0/javax.servlet-api-3.1.0.jar
7f0db40e9000-7f0db40f1000 r--s 00087000 08:03 1313571                    /home/k/.m2/repository/org/eclipse/jetty/jetty-server/9.4.8.v20171121/jetty-server-9.4.8.v20171121.jar
7f0db40f1000-7f0db40f3000 r--s 00009000 08:03 1313568                    /home/k/.m2/repository/org/eclipse/jetty/jetty-jndi/9.4.8.v20171121/jetty-jndi-9.4.8.v20171121.jar
7f0db40f3000-7f0db40f5000 r--s 0000c000 08:03 1313566                    /home/k/.m2/repository/org/eclipse/jetty/jetty-plus/9.4.8.v20171121/jetty-plus-9.4.8.v20171121.jar
7f0db40f5000-7f0db40f7000 r--s 00015000 08:03 1313564                    /home/k/.m2/repository/org/eclipse/jetty/jetty-security/9.4.8.v20171121/jetty-security-9.4.8.v20171121.jar
7f0db40f7000-7f0db40f9000 r--s 00008000 08:03 1313563                    /home/k/.m2/repository/org/eclipse/jetty/jetty-jaas/9.4.8.v20171121/jetty-jaas-9.4.8.v20171121.jar
7f0db40f9000-7f0db40fb000 r--s 00008000 08:03 1313562                    /home/k/.m2/repository/org/eclipse/jetty/jetty-quickstart/9.4.8.v20171121/jetty-quickstart-9.4.8.v20171121.jar
7f0db40fb000-7f0db40fd000 r--s 00019000 08:03 1313557                    /home/k/.m2/repository/org/eclipse/jetty/jetty-servlet/9.4.8.v20171121/jetty-servlet-9.4.8.v20171121.jar
7f0db40fd000-7f0db40fe000 r--s 0000c000 08:03 1313556                    /home/k/.m2/repository/org/eclipse/jetty/jetty-xml/9.4.8.v20171121/jetty-xml-9.4.8.v20171121.jar
7f0db40fe000-7f0db4101000 r--s 0001d000 08:03 1313555                    /home/k/.m2/repository/org/eclipse/jetty/jetty-webapp/9.4.8.v20171121/jetty-webapp-9.4.8.v20171121.jar
7f0db4101000-7f0db4109000 r--s 0006e000 08:03 1313551                    /home/k/.m2/repository/org/eclipse/jetty/jetty-util/9.4.8.v20171121/jetty-util-9.4.8.v20171121.jar
7f0db4109000-7f0db410f000 r--s 00033000 08:03 1313547                    /home/k/.m2/repository/commons-codec/commons-codec/1.6/commons-codec-1.6.jar
7f0db410f000-7f0db411a000 r--s 00069000 08:03 1313546                    /home/k/.m2/repository/org/sonatype/sisu/sisu-guice/2.1.7/sisu-guice-2.1.7-noaop.jar
7f0db411a000-7f0db411f000 r--s 00021000 08:03 1313544                    /home/k/.m2/repository/org/sonatype/sisu/sisu-inject-bean/1.4.2/sisu-inject-bean-1.4.2.jar
7f0db411f000-7f0db4122000 r--s 0000d000 08:03 1313541                    /home/k/.m2/repository/org/apache/maven/shared/maven-common-artifact-filters/3.0.1/maven-common-artifact-filters-3.0.1.jar
7f0db4122000-7f0db4127000 r--s 0001a000 08:03 1313538                    /home/k/.m2/repository/org/apache/maven/shared/maven-artifact-transfer/0.9.1/maven-artifact-transfer-0.9.1.jar
7f0db4127000-7f0db412f000 r--s 00049000 08:03 1313533                    /home/k/.m2/repository/backport-util-concurrent/backport-util-concurrent/3.1/backport-util-concurrent-3.1.jar
7f0db412f000-7f0db4130000 r--s 00005000 08:03 1313525                    /home/k/.m2/repository/org/apache/maven/plugin-tools/maven-plugin-tools-api/3.5/maven-plugin-tools-api-3.5.jar
7f0db4130000-7f0db4132000 r--s 00002000 08:03 1313524                    /home/k/.m2/repository/org/sonatype/plexus/plexus-cipher/1.4/plexus-cipher-1.4.jar
7f0db4132000-7f0db4133000 r--s 00006000 08:03 1313519                    /home/k/.m2/repository/org/sonatype/plexus/plexus-sec-dispatcher/1.4/plexus-sec-dispatcher-1.4.jar
7f0db4133000-7f0db4135000 r--s 00000000 08:03 1313518                    /home/k/.m2/repository/org/codehaus/plexus/plexus-component-annotations/1.7.1/plexus-component-annotations-1.7.1.jar
7f0db4135000-7f0db4138000 r--s 00011000 08:03 1313516                    /home/k/.m2/repository/org/codehaus/plexus/plexus-interpolation/1.24/plexus-interpolation-1.24.jar
7f0db4138000-7f0db413a000 r--s 00000000 08:03 1313511                    /home/k/.m2/repository/aopalliance/aopalliance/1.0/aopalliance-1.0.jar
7f0db413a000-7f0db4143000 r--s 0005f000 08:03 1313509                    /home/k/.m2/repository/com/google/inject/guice/4.0/guice-4.0-no_aop.jar
7f0db4143000-7f0db4147000 r--s 0002f000 08:03 1313498                    /home/k/.m2/repository/commons-io/commons-io/2.5/commons-io-2.5.jar
7f0db4147000-7f0db414a000 r--s 00025000 08:03 1313503                    /home/k/.m2/repository/org/apache/maven/shared/maven-shared-utils/3.1.0/maven-shared-utils-3.1.0.jar
7f0db414a000-7f0db414e000 r--s 00023000 08:03 1313502                    /home/k/.m2/repository/org/apache/maven/resolver/maven-resolver-util/1.0.3/maven-resolver-util-1.0.3.jar
7f0db414e000-7f0db417d000 r--s 00226000 08:03 1313491                    /home/k/.m2/repository/com/google/guava/guava/20.0/guava-20.0.jar
7f0db417d000-7f0db417e000 r--s 00003000 08:03 1313466                    /home/k/.m2/repository/org/apache/maven/maven-builder-support/3.5.0/maven-builder-support-3.5.0.jar
7f0db417e000-7f0db4186000 r--s 0006e000 08:03 1313477                    /home/k/.m2/repository/org/apache/commons/commons-lang3/3.5/commons-lang3-3.5.jar
7f0db4186000-7f0db418a000 r--s 00039000 08:03 1313475                    /home/k/.m2/repository/org/codehaus/plexus/plexus-utils/3.0.24/plexus-utils-3.0.24.jar
7f0db418a000-7f0db4191000 r--s 00056000 08:03 1313471                    /home/k/.m2/repository/org/eclipse/sisu/org.eclipse.sisu.inject/0.3.3/org.eclipse.sisu.inject-0.3.3.jar
7f0db4191000-7f0db4194000 r--s 00008000 08:03 1313467                    /home/k/.m2/repository/javax/enterprise/cdi-api/1.0/cdi-api-1.0.jar
7f0db4194000-7f0db4197000 r--s 0001a000 08:03 1311918                    /home/k/.m2/repository/org/eclipse/jetty/jetty-maven-plugin/9.4.8.v20171121/jetty-maven-plugin-9.4.8.v20171121.jar
7f0db4197000-7f0db4198000 r--s 00003000 08:03 1312645                    /home/k/.m2/repository/org/codehaus/plexus/plexus-compiler-javac/1.9.1/plexus-compiler-javac-1.9.1.jar
7f0db4198000-7f0db419a000 r--s 00000000 08:03 1312643                    /home/k/.m2/repository/org/codehaus/plexus/plexus-compiler-manager/1.9.1/plexus-compiler-manager-1.9.1.jar
7f0db419a000-7f0db419c000 r--s 00004000 08:03 1312642                    /home/k/.m2/repository/org/codehaus/plexus/plexus-compiler-api/1.9.1/plexus-compiler-api-1.9.1.jar
7f0db419c000-7f0db41a0000 r--s 00034000 08:03 1312638                    /home/k/.m2/repository/org/codehaus/plexus/plexus-utils/3.0/plexus-utils-3.0.jar
7f0db41a0000-7f0db41a1000 r--s 00007000 08:03 1311904                    /home/k/.m2/repository/org/apache/maven/plugins/maven-compiler-plugin/2.5.1/maven-compiler-plugin-2.5.1.jar
7f0db41a1000-7f0db41a3000 r--s 0000d000 08:03 1312480                    /home/k/.m2/repository/org/codehaus/plexus/plexus-interpolation/1.13/plexus-interpolation-1.13.jar
7f0db41a3000-7f0db41a4000 r--s 00001000 08:03 1312474                    /home/k/.m2/repository/org/sonatype/plexus/plexus-build-api/0.0.4/plexus-build-api-0.0.4.jar
7f0db41a4000-7f0db41a6000 r--s 00009000 08:03 1312435                    /home/k/.m2/repository/org/apache/maven/shared/maven-filtering/1.1/maven-filtering-1.1.jar
7f0db41a6000-7f0db41aa000 r--s 00033000 08:03 1312472                    /home/k/.m2/repository/org/codehaus/plexus/plexus-utils/2.0.5/plexus-utils-2.0.5.jar
7f0db41aa000-7f0db41ad000 r--s 0001b000 08:03 1312471                    /home/k/.m2/repository/junit/junit/3.8.1/junit-3.8.1.jar
7f0db41ad000-7f0db41af000 r--s 00002000 08:03 1312456                    /home/k/.m2/repository/org/codehaus/plexus/plexus-interactivity-api/1.0-alpha-4/plexus-interactivity-api-1.0-alpha-4.jar
7f0db41af000-7f0db41b1000 r--s 00006000 08:03 1312452                    /home/k/.m2/repository/commons-cli/commons-cli/1.0/commons-cli-1.0.jar
7f0db41b1000-7f0db41b2000 r--s 00001000 08:03 1312446                    /home/k/.m2/repository/org/apache/maven/doxia/doxia-sink-api/1.0-alpha-7/doxia-sink-api-1.0-alpha-7.jar
7f0db41b2000-7f0db41c3000 r-xp 00000000 08:03 6423448                    /opt/jdk1.8.0_102/jre/lib/amd64/libnio.so
7f0db41c3000-7f0db43c2000 ---p 00011000 08:03 6423448                    /opt/jdk1.8.0_102/jre/lib/amd64/libnio.so
7f0db43c2000-7f0db43c3000 rw-p 00010000 08:03 6423448                    /opt/jdk1.8.0_102/jre/lib/amd64/libnio.so
7f0db43c3000-7f0db73c4000 rw-p 00000000 00:00 0 
7f0db73c4000-7f0db73da000 r-xp 00000000 08:03 6423423                    /opt/jdk1.8.0_102/jre/lib/amd64/libnet.so
7f0db73da000-7f0db75da000 ---p 00016000 08:03 6423423                    /opt/jdk1.8.0_102/jre/lib/amd64/libnet.so
7f0db75da000-7f0db75db000 rw-p 00016000 08:03 6423423                    /opt/jdk1.8.0_102/jre/lib/amd64/libnet.so
7f0db75db000-7f0db77db000 rw-p 00000000 00:00 0 
7f0db77db000-7f0db77df000 r--s 00097000 08:03 6423367                    /opt/jdk1.8.0_102/jre/lib/jsse.jar
7f0db77df000-7f0db79df000 rw-p 00000000 00:00 0 
7f0db79df000-7f0db7bdf000 rw-p 00000000 00:00 0 
7f0db7bdf000-7f0db7bfb000 r--s 00393000 08:03 6423506                    /opt/jdk1.8.0_102/jre/lib/ext/cldrdata.jar
7f0db7bfb000-7f0db7bfe000 r-xp 00000000 08:03 11669709                   /opt/apache-maven-3.5.2/lib/jansi-native/linux64/libjansi.so
7f0db7bfe000-7f0db7dfd000 ---p 00003000 08:03 11669709                   /opt/apache-maven-3.5.2/lib/jansi-native/linux64/libjansi.so
7f0db7dfd000-7f0db7dfe000 rw-p 00002000 08:03 11669709                   /opt/apache-maven-3.5.2/lib/jansi-native/linux64/libjansi.so
7f0db7dfe000-7f0db7dff000 ---p 00000000 00:00 0 
7f0db7dff000-7f0db7eff000 rw-p 00000000 00:00 0 
7f0db7eff000-7f0db7f02000 ---p 00000000 00:00 0 
7f0db7f02000-7f0db8000000 rw-p 00000000 00:00 0 
7f0db8000000-7f0db8021000 rw-p 00000000 00:00 0 
7f0db8021000-7f0dbc000000 ---p 00000000 00:00 0 
7f0dbc000000-7f0dbc001000 r--s 00002000 08:03 1312444                    /home/k/.m2/repository/org/apache/maven/reporting/maven-reporting-api/2.0.6/maven-reporting-api-2.0.6.jar
7f0dbc001000-7f0dbc003000 r--s 00006000 08:03 1311937                    /home/k/.m2/repository/org/apache/maven/plugins/maven-resources-plugin/2.6/maven-resources-plugin-2.6.jar
7f0dbc003000-7f0dbc00d000 r--s 00116000 08:03 6423503                    /opt/jdk1.8.0_102/jre/lib/ext/localedata.jar
7f0dbc00d000-7f0dbc00e000 r--p 00000000 08:03 525087                     /lib/x86_64-linux-gnu/libutil-2.28.so
7f0dbc00e000-7f0dbc00f000 r-xp 00001000 08:03 525087                     /lib/x86_64-linux-gnu/libutil-2.28.so
7f0dbc00f000-7f0dbc010000 r--p 00002000 08:03 525087                     /lib/x86_64-linux-gnu/libutil-2.28.so
7f0dbc010000-7f0dbc011000 r--p 00002000 08:03 525087                     /lib/x86_64-linux-gnu/libutil-2.28.so
7f0dbc011000-7f0dbc012000 rw-p 00003000 08:03 525087                     /lib/x86_64-linux-gnu/libutil-2.28.so
7f0dbc012000-7f0dbc014000 r--s 0000c000 08:03 11669752                   /opt/apache-maven-3.5.2/lib/commons-cli-1.4.jar
7f0dbc014000-7f0dbc018000 r--s 0002a000 08:03 11669745                   /opt/apache-maven-3.5.2/lib/maven-resolver-impl-1.1.0.jar
7f0dbc018000-7f0dbc047000 r--s 00226000 08:03 11669740                   /opt/apache-maven-3.5.2/lib/guava-20.0.jar
7f0dbc047000-7f0dbc04f000 r--s 0006e000 08:03 11669724                   /opt/apache-maven-3.5.2/lib/commons-lang3-3.5.jar
7f0dbc04f000-7f0dbc055000 r--s 00041000 08:03 11669753                   /opt/apache-maven-3.5.2/lib/maven-compat-3.5.2.jar
7f0dbc055000-7f0dbc058000 r--s 00025000 08:03 11669746                   /opt/apache-maven-3.5.2/lib/maven-shared-utils-3.1.0.jar
7f0dbc058000-7f0dbc05a000 r--s 00000000 08:03 11669750                   /opt/apache-maven-3.5.2/lib/aopalliance-1.0.jar
7f0dbc05a000-7f0dbc05c000 r--s 0000f000 08:03 11669741                   /opt/apache-maven-3.5.2/lib/maven-resolver-provider-3.5.2.jar
7f0dbc05c000-7f0dbc05d000 r--s 00003000 08:03 11669723                   /opt/apache-maven-3.5.2/lib/maven-builder-support-3.5.2.jar
7f0dbc05d000-7f0dbc060000 r--s 00015000 08:03 11669719                   /opt/apache-maven-3.5.2/lib/maven-embedder-3.5.2.jar
7f0dbc060000-7f0dbc063000 r--s 00011000 08:03 11669725                   /opt/apache-maven-3.5.2/lib/plexus-interpolation-1.24.jar
7f0dbc063000-7f0dbc065000 r--s 00006000 08:03 11669760                   /opt/apache-maven-3.5.2/lib/maven-resolver-transport-wagon-1.1.0.jar
7f0dbc065000-7f0dbc067000 r--s 00007000 08:03 11669743                   /opt/apache-maven-3.5.2/lib/maven-resolver-spi-1.1.0.jar
7f0dbc067000-7f0dbc069000 r--s 0000a000 08:03 11669733                   /opt/apache-maven-3.5.2/lib/maven-plugin-api-3.5.2.jar
7f0dbc069000-7f0dbc070000 r--s 00056000 08:03 11669738                   /opt/apache-maven-3.5.2/lib/org.eclipse.sisu.inject-0.3.3.jar
7f0dbc070000-7f0dbc07d000 r--s 0008d000 08:03 11669729                   /opt/apache-maven-3.5.2/lib/maven-core-3.5.2.jar
7f0dbc07d000-7f0dbc083000 r--s 0002d000 08:03 11669734                   /opt/apache-maven-3.5.2/lib/org.eclipse.sisu.plexus-0.3.3.jar
7f0dbc083000-7f0dbc085000 r--s 00009000 08:03 11669751                   /opt/apache-maven-3.5.2/lib/slf4j-api-1.7.25.jar
7f0dbc085000-7f0dbc08e000 r--s 0005f000 08:03 11669748                   /opt/apache-maven-3.5.2/lib/guice-4.0-no_aop.jar
7f0dbc08e000-7f0dbc08f000 ---p 00000000 00:00 0 
7f0dbc08f000-7f0dbc092000 ---p 00000000 00:00 0 
7f0dbc092000-7f0dbc18f000 rw-p 00000000 00:00 0 
7f0dbc18f000-7f0dbc190000 ---p 00000000 00:00 0 
7f0dbc190000-7f0dbc193000 ---p 00000000 00:00 0 
7f0dbc193000-7f0dc0000000 rw-p 00000000 00:00 0 
7f0dc0000000-7f0dc0021000 rw-p 00000000 00:00 0 
7f0dc0021000-7f0dc4000000 ---p 00000000 00:00 0 
7f0dc4000000-7f0dc4001000 r--s 0000a000 08:03 11669720                   /opt/apache-maven-3.5.2/lib/maven-settings-3.5.2.jar
7f0dc4001000-7f0dc4005000 r--s 0003c000 08:03 11669721                   /opt/apache-maven-3.5.2/lib/plexus-utils-3.1.0.jar
7f0dc4005000-7f0dc4007000 r--s 00009000 08:03 11669759                   /opt/apache-maven-3.5.2/lib/maven-resolver-connector-basic-1.1.0.jar
7f0dc4007000-7f0dc400b000 r--s 0002f000 08:03 11669747                   /opt/apache-maven-3.5.2/lib/commons-io-2.5.jar
7f0dc400b000-7f0dc400e000 r--s 00008000 08:03 11669735                   /opt/apache-maven-3.5.2/lib/cdi-api-1.0.jar
7f0dc400e000-7f0dc400f000 ---p 00000000 00:00 0 
7f0dc400f000-7f0dc4012000 ---p 00000000 00:00 0 
7f0dc4012000-7f0dc410f000 rw-p 00000000 00:00 0 
7f0dc410f000-7f0dc4112000 ---p 00000000 00:00 0 
7f0dc4112000-7f0dc4210000 rw-p 00000000 00:00 0 
7f0dc4210000-7f0dc44f5000 r--p 00000000 08:03 11014009                   /usr/lib/locale/locale-archive
7f0dc44f5000-7f0dc44f8000 ---p 00000000 00:00 0 
7f0dc44f8000-7f0dc45f6000 rw-p 00000000 00:00 0 
7f0dc45f6000-7f0dc45f9000 ---p 00000000 00:00 0 
7f0dc45f9000-7f0dc46f7000 rw-p 00000000 00:00 0 
7f0dc46f7000-7f0dc46f8000 ---p 00000000 00:00 0 
7f0dc46f8000-7f0dc5000000 rw-p 00000000 00:00 0 
7f0dc5000000-7f0dc5db0000 rwxp 00000000 00:00 0 
7f0dc5db0000-7f0dd4000000 ---p 00000000 00:00 0 
7f0dd4000000-7f0dd5b04000 rw-p 00000000 00:00 0 
7f0dd5b04000-7f0dd8000000 ---p 00000000 00:00 0 
7f0dd8000000-7f0dd8002000 r--s 00000000 08:03 11669726                   /opt/apache-maven-3.5.2/lib/plexus-component-annotations-1.7.1.jar
7f0dd8002000-7f0dd8005000 r--s 0003c000 08:03 11669762                   /opt/apache-maven-3.5.2/lib/jansi-1.16.jar
7f0dd8005000-7f0dd8007000 r--s 0000c000 08:03 11669732                   /opt/apache-maven-3.5.2/lib/maven-artifact-3.5.2.jar
7f0dd8007000-7f0dd8008000 r--s 00000000 08:03 11669737                   /opt/apache-maven-3.5.2/lib/javax.inject-1.jar
7f0dd8008000-7f0dd800b000 r--s 00026000 08:03 11669730                   /opt/apache-maven-3.5.2/lib/maven-model-3.5.2.jar
7f0dd800b000-7f0dd800c000 r--s 00005000 08:03 11669761                   /opt/apache-maven-3.5.2/lib/maven-slf4j-provider-3.5.2.jar
7f0dd800c000-7f0dd800d000 r--s 00001000 08:03 11669736                   /opt/apache-maven-3.5.2/lib/jsr250-api-1.0.jar
7f0dd800d000-7f0dd8011000 r--s 00028000 08:03 11669739                   /opt/apache-maven-3.5.2/lib/maven-model-builder-3.5.2.jar
7f0dd8011000-7f0dd8012000 r--s 00006000 08:03 11669727                   /opt/apache-maven-3.5.2/lib/plexus-sec-dispatcher-1.4.jar
7f0dd8012000-7f0dd8014000 r--s 00009000 08:03 11669722                   /opt/apache-maven-3.5.2/lib/maven-settings-builder-3.5.2.jar
7f0dd8014000-7f0dd8015000 r--s 00002000 08:03 11669758                   /opt/apache-maven-3.5.2/lib/wagon-file-2.12.jar
7f0dd8015000-7f0dd8017000 r--s 00003000 08:03 11669756                   /opt/apache-maven-3.5.2/lib/jcl-over-slf4j-1.7.25.jar
7f0dd8017000-7f0dd801b000 r--s 00023000 08:03 11669744                   /opt/apache-maven-3.5.2/lib/maven-resolver-util-1.1.0.jar
7f0dd801b000-7f0dd8047000 r--s 001e6000 08:03 11669755                   /opt/apache-maven-3.5.2/lib/wagon-http-2.12-shaded.jar
7f0dd8047000-7f0dd806c000 r--p 00000000 08:03 11010688                   /usr/share/locale/pl/LC_MESSAGES/libc.mo
7f0dd806c000-7f0dd8867000 rw-p 00000000 00:00 0 
7f0dd8867000-7f0dd8a3f000 r--s 03d29000 08:03 6423415                    /opt/jdk1.8.0_102/jre/lib/rt.jar
7f0dd8a3f000-7f0dd970f000 rw-p 00000000 00:00 0 
7f0dd970f000-7f0dd9710000 ---p 00000000 00:00 0 
7f0dd9710000-7f0dd9810000 rw-p 00000000 00:00 0 
7f0dd9810000-7f0dd9811000 ---p 00000000 00:00 0 
7f0dd9811000-7f0dd9911000 rw-p 00000000 00:00 0 
7f0dd9911000-7f0dd9912000 ---p 00000000 00:00 0 
7f0dd9912000-7f0dd9a12000 rw-p 00000000 00:00 0 
7f0dd9a12000-7f0dd9a13000 ---p 00000000 00:00 0 
7f0dd9a13000-7f0dd9b33000 rw-p 00000000 00:00 0 
7f0dd9b33000-7f0dd9da3000 ---p 00000000 00:00 0 
7f0dd9da3000-7f0dd9dc3000 rw-p 00000000 00:00 0 
7f0dd9dc3000-7f0dda032000 ---p 00000000 00:00 0 
7f0dda032000-7f0dda0a5000 rw-p 00000000 00:00 0 
7f0dda0a5000-7f0dda17a000 ---p 00000000 00:00 0 
7f0dda17a000-7f0dda1b2000 rw-p 00000000 00:00 0 
7f0dda1b2000-7f0dda53b000 ---p 00000000 00:00 0 
7f0dda53b000-7f0dda555000 r-xp 00000000 08:03 6423446                    /opt/jdk1.8.0_102/jre/lib/amd64/libzip.so
7f0dda555000-7f0dda755000 ---p 0001a000 08:03 6423446                    /opt/jdk1.8.0_102/jre/lib/amd64/libzip.so
7f0dda755000-7f0dda756000 rw-p 0001a000 08:03 6423446                    /opt/jdk1.8.0_102/jre/lib/amd64/libzip.so
7f0dda756000-7f0dda759000 r--p 00000000 08:03 524921                     /lib/x86_64-linux-gnu/libnss_files-2.28.so
7f0dda759000-7f0dda760000 r-xp 00003000 08:03 524921                     /lib/x86_64-linux-gnu/libnss_files-2.28.so
7f0dda760000-7f0dda762000 r--p 0000a000 08:03 524921                     /lib/x86_64-linux-gnu/libnss_files-2.28.so
7f0dda762000-7f0dda763000 ---p 0000c000 08:03 524921                     /lib/x86_64-linux-gnu/libnss_files-2.28.so
7f0dda763000-7f0dda764000 r--p 0000c000 08:03 524921                     /lib/x86_64-linux-gnu/libnss_files-2.28.so
7f0dda764000-7f0dda765000 rw-p 0000d000 08:03 524921                     /lib/x86_64-linux-gnu/libnss_files-2.28.so
7f0dda765000-7f0dda76b000 rw-p 00000000 00:00 0 
7f0dda76b000-7f0dda76d000 r--s 00002000 08:03 11669728                   /opt/apache-maven-3.5.2/lib/plexus-cipher-1.7.jar
7f0dda76d000-7f0dda76e000 r--s 00006000 08:03 11669731                   /opt/apache-maven-3.5.2/lib/maven-repository-metadata-3.5.2.jar
7f0dda76e000-7f0dda770000 r--s 0000c000 08:03 11669754                   /opt/apache-maven-3.5.2/lib/wagon-provider-api-2.12.jar
7f0dda770000-7f0dda774000 r--s 00020000 08:03 11669742                   /opt/apache-maven-3.5.2/lib/maven-resolver-api-1.1.0.jar
7f0dda774000-7f0dda776000 r--s 0000b000 08:03 11670784                   /opt/apache-maven-3.5.2/boot/plexus-classworlds-2.5.2.jar
7f0dda776000-7f0dda79d000 rw-p 00000000 00:00 0 
7f0dda79d000-7f0dda7a5000 rw-s 00000000 00:27 97363                      /tmp/hsperfdata_k/17394
7f0dda7a5000-7f0dda7cf000 r-xp 00000000 08:03 6423473                    /opt/jdk1.8.0_102/jre/lib/amd64/libjava.so
7f0dda7cf000-7f0dda9cf000 ---p 0002a000 08:03 6423473                    /opt/jdk1.8.0_102/jre/lib/amd64/libjava.so
7f0dda9cf000-7f0dda9d1000 rw-p 0002a000 08:03 6423473                    /opt/jdk1.8.0_102/jre/lib/amd64/libjava.so
7f0dda9d1000-7f0dda9de000 r-xp 00000000 08:03 6423424                    /opt/jdk1.8.0_102/jre/lib/amd64/libverify.so
7f0dda9de000-7f0ddabde000 ---p 0000d000 08:03 6423424                    /opt/jdk1.8.0_102/jre/lib/amd64/libverify.so
7f0ddabde000-7f0ddabe0000 rw-p 0000d000 08:03 6423424                    /opt/jdk1.8.0_102/jre/lib/amd64/libverify.so
7f0ddabe0000-7f0ddabe2000 r--p 00000000 08:03 525084                     /lib/x86_64-linux-gnu/librt-2.28.so
7f0ddabe2000-7f0ddabe6000 r-xp 00002000 08:03 525084                     /lib/x86_64-linux-gnu/librt-2.28.so
7f0ddabe6000-7f0ddabe8000 r--p 00006000 08:03 525084                     /lib/x86_64-linux-gnu/librt-2.28.so
7f0ddabe8000-7f0ddabe9000 r--p 00007000 08:03 525084                     /lib/x86_64-linux-gnu/librt-2.28.so
7f0ddabe9000-7f0ddabea000 rw-p 00008000 08:03 525084                     /lib/x86_64-linux-gnu/librt-2.28.so
7f0ddabea000-7f0ddabeb000 ---p 00000000 00:00 0 
7f0ddabeb000-7f0ddabee000 ---p 00000000 00:00 0 
7f0ddabee000-7f0ddaceb000 rw-p 00000000 00:00 0 
7f0ddaceb000-7f0ddacf8000 r--p 00000000 08:03 524804                     /lib/x86_64-linux-gnu/libm-2.28.so
7f0ddacf8000-7f0ddad97000 r-xp 0000d000 08:03 524804                     /lib/x86_64-linux-gnu/libm-2.28.so
7f0ddad97000-7f0ddae6c000 r--p 000ac000 08:03 524804                     /lib/x86_64-linux-gnu/libm-2.28.so
7f0ddae6c000-7f0ddae6d000 r--p 00180000 08:03 524804                     /lib/x86_64-linux-gnu/libm-2.28.so
7f0ddae6d000-7f0ddae6e000 rw-p 00181000 08:03 524804                     /lib/x86_64-linux-gnu/libm-2.28.so
7f0ddae6e000-7f0ddbb3a000 r-xp 00000000 08:03 6423477                    /opt/jdk1.8.0_102/jre/lib/amd64/server/libjvm.so
7f0ddbb3a000-7f0ddbd3a000 ---p 00ccc000 08:03 6423477                    /opt/jdk1.8.0_102/jre/lib/amd64/server/libjvm.so
7f0ddbd3a000-7f0ddbe13000 rw-p 00ccc000 08:03 6423477                    /opt/jdk1.8.0_102/jre/lib/amd64/server/libjvm.so
7f0ddbe13000-7f0ddbe60000 rw-p 00000000 00:00 0 
7f0ddbe60000-7f0ddbe82000 r--p 00000000 08:03 524788                     /lib/x86_64-linux-gnu/libc-2.28.so
7f0ddbe82000-7f0ddbfca000 r-xp 00022000 08:03 524788                     /lib/x86_64-linux-gnu/libc-2.28.so
7f0ddbfca000-7f0ddc016000 r--p 0016a000 08:03 524788                     /lib/x86_64-linux-gnu/libc-2.28.so
7f0ddc016000-7f0ddc017000 ---p 001b6000 08:03 524788                     /lib/x86_64-linux-gnu/libc-2.28.so
7f0ddc017000-7f0ddc01b000 r--p 001b6000 08:03 524788                     /lib/x86_64-linux-gnu/libc-2.28.so
7f0ddc01b000-7f0ddc01d000 rw-p 001ba000 08:03 524788                     /lib/x86_64-linux-gnu/libc-2.28.so
7f0ddc01d000-7f0ddc021000 rw-p 00000000 00:00 0 
7f0ddc021000-7f0ddc022000 r--p 00000000 08:03 524802                     /lib/x86_64-linux-gnu/libdl-2.28.so
7f0ddc022000-7f0ddc023000 r-xp 00001000 08:03 524802                     /lib/x86_64-linux-gnu/libdl-2.28.so
7f0ddc023000-7f0ddc024000 r--p 00002000 08:03 524802                     /lib/x86_64-linux-gnu/libdl-2.28.so
7f0ddc024000-7f0ddc025000 r--p 00002000 08:03 524802                     /lib/x86_64-linux-gnu/libdl-2.28.so
7f0ddc025000-7f0ddc026000 rw-p 00003000 08:03 524802                     /lib/x86_64-linux-gnu/libdl-2.28.so
7f0ddc026000-7f0ddc03b000 r-xp 00000000 08:03 6422575                    /opt/jdk1.8.0_102/lib/amd64/jli/libjli.so
7f0ddc03b000-7f0ddc23b000 ---p 00015000 08:03 6422575                    /opt/jdk1.8.0_102/lib/amd64/jli/libjli.so
7f0ddc23b000-7f0ddc23c000 rw-p 00015000 08:03 6422575                    /opt/jdk1.8.0_102/lib/amd64/jli/libjli.so
7f0ddc23c000-7f0ddc242000 r--p 00000000 08:03 525074                     /lib/x86_64-linux-gnu/libpthread-2.28.so
7f0ddc242000-7f0ddc251000 r-xp 00006000 08:03 525074                     /lib/x86_64-linux-gnu/libpthread-2.28.so
7f0ddc251000-7f0ddc257000 r--p 00015000 08:03 525074                     /lib/x86_64-linux-gnu/libpthread-2.28.so
7f0ddc257000-7f0ddc258000 r--p 0001a000 08:03 525074                     /lib/x86_64-linux-gnu/libpthread-2.28.so
7f0ddc258000-7f0ddc259000 rw-p 0001b000 08:03 525074                     /lib/x86_64-linux-gnu/libpthread-2.28.so
7f0ddc259000-7f0ddc25f000 rw-p 00000000 00:00 0 
7f0ddc25f000-7f0ddc266000 r--s 00000000 08:03 11043919                   /usr/lib/x86_64-linux-gnu/gconv/gconv-modules.cache
7f0ddc266000-7f0ddc26a000 r--p 00000000 08:03 524896                     /lib/x86_64-linux-gnu/libnsl-2.28.so
7f0ddc26a000-7f0ddc276000 r-xp 00004000 08:03 524896                     /lib/x86_64-linux-gnu/libnsl-2.28.so
7f0ddc276000-7f0ddc27b000 r--p 00010000 08:03 524896                     /lib/x86_64-linux-gnu/libnsl-2.28.so
7f0ddc27b000-7f0ddc27c000 r--p 00014000 08:03 524896                     /lib/x86_64-linux-gnu/libnsl-2.28.so
7f0ddc27c000-7f0ddc27d000 rw-p 00015000 08:03 524896                     /lib/x86_64-linux-gnu/libnsl-2.28.so
7f0ddc27d000-7f0ddc27f000 rw-p 00000000 00:00 0 
7f0ddc27f000-7f0ddc281000 r--p 00000000 08:03 524924                     /lib/x86_64-linux-gnu/libnss_nis-2.28.so
7f0ddc281000-7f0ddc288000 r-xp 00002000 08:03 524924                     /lib/x86_64-linux-gnu/libnss_nis-2.28.so
7f0ddc288000-7f0ddc28a000 r--p 00009000 08:03 524924                     /lib/x86_64-linux-gnu/libnss_nis-2.28.so
7f0ddc28a000-7f0ddc28b000 r--p 0000a000 08:03 524924                     /lib/x86_64-linux-gnu/libnss_nis-2.28.so
7f0ddc28b000-7f0ddc28c000 rw-p 0000b000 08:03 524924                     /lib/x86_64-linux-gnu/libnss_nis-2.28.so
7f0ddc28c000-7f0ddc28e000 r--p 00000000 08:03 524901                     /lib/x86_64-linux-gnu/libnss_compat-2.28.so
7f0ddc28e000-7f0ddc293000 r-xp 00002000 08:03 524901                     /lib/x86_64-linux-gnu/libnss_compat-2.28.so
7f0ddc293000-7f0ddc295000 r--p 00007000 08:03 524901                     /lib/x86_64-linux-gnu/libnss_compat-2.28.so
7f0ddc295000-7f0ddc296000 r--p 00008000 08:03 524901                     /lib/x86_64-linux-gnu/libnss_compat-2.28.so
7f0ddc296000-7f0ddc297000 rw-p 00009000 08:03 524901                     /lib/x86_64-linux-gnu/libnss_compat-2.28.so
7f0ddc297000-7f0ddc298000 rw-p 00000000 00:00 0 
7f0ddc298000-7f0ddc299000 r--p 00000000 00:00 0 
7f0ddc299000-7f0ddc29a000 r--p 00000000 08:03 524338                     /lib/x86_64-linux-gnu/ld-2.28.so
7f0ddc29a000-7f0ddc2b8000 r-xp 00001000 08:03 524338                     /lib/x86_64-linux-gnu/ld-2.28.so
7f0ddc2b8000-7f0ddc2c0000 r--p 0001f000 08:03 524338                     /lib/x86_64-linux-gnu/ld-2.28.so
7f0ddc2c0000-7f0ddc2c1000 r--p 00026000 08:03 524338                     /lib/x86_64-linux-gnu/ld-2.28.so
7f0ddc2c1000-7f0ddc2c2000 rw-p 00027000 08:03 524338                     /lib/x86_64-linux-gnu/ld-2.28.so
7f0ddc2c2000-7f0ddc2c3000 rw-p 00000000 00:00 0 
7ffcaf058000-7ffcaf07a000 rw-p 00000000 00:00 0                          [stack]
7ffcaf1fa000-7ffcaf1fd000 r--p 00000000 00:00 0                          [vvar]
7ffcaf1fd000-7ffcaf1ff000 r-xp 00000000 00:00 0                          [vdso]
ffffffffff600000-ffffffffff601000 r-xp 00000000 00:00 0                  [vsyscall]

VM Arguments:
jvm_args: -Dclassworlds.conf=/opt/apache-maven-3.5.2/bin/m2.conf -Dmaven.home=/opt/apache-maven-3.5.2 -Dlibrary.jansi.path=/opt/apache-maven-3.5.2/lib/jansi-native -Dmaven.multiModuleProjectDirectory=/home/k/src/java-workspace/joddt1/joddt1 
java_command: org.codehaus.plexus.classworlds.launcher.Launcher jetty:run
java_class_path (initial): /opt/apache-maven-3.5.2/boot/plexus-classworlds-2.5.2.jar
Launcher Type: SUN_STANDARD

Environment Variables:
JAVA_HOME=/opt/java
PATH=/home/k/.cargo/bin:/home/k/src/GOROOT/bin:/usr/lib/go//bin:/opt/java/bin:/home/k/bin:/home/k/.local/bin:/home/k/.cargo/bin:/sbin/:/usr/sbin/:/home/k/ownCloud.enc/bin/:/home/k/src/GOROOT/bin:/usr/lib/go//bin:/home/k/.cargo/bin:/home/k/src/GOROOT/bin:/usr/lib/go//bin:/opt/java/bin:/home/k/bin:/home/k/.local/bin:/home/k/.cargo/bin:/sbin/:/usr/sbin/:/home/k/ownCloud.enc/bin/:/home/k/.cargo/bin:/home/k/src/GOROOT/bin:/usr/lib/go//bin:/opt/java/bin:/home/k/bin:/home/k/.local/bin:/home/k/.cargo/bin:/sbin/:/usr/sbin/:/home/k/ownCloud.enc/bin/:/usr/local/bin:/usr/bin:/bin:/usr/local/games:/usr/games:/home/k/.fzf/bin:/opt/calibre/bin/:/opt/esp-open-sdk/esptool/:/opt/esp-open-sdk/xtensa-lx106-elf/bin:/opt/esp-open-sdk/esptool2:/opt/apache-maven-3.5.2/bin:/opt/calibre/bin/:/opt/esp-open-sdk/esptool/:/opt/esp-open-sdk/xtensa-lx106-elf/bin:/opt/esp-open-sdk/esptool2:/opt/apache-maven-3.5.2/bin:/home/k/.fzf/bin/:/opt/calibre/bin/:/opt/esp-open-sdk/esptool/:/opt/esp-open-sdk/xtensa-lx106-elf/bin:/opt/esp-open-sdk/esptool2:/opt/apache-maven-3.5.2/bin:/home/k/.fzf/bin/
SHELL=/bin/bash
DISPLAY=:0.0

Signal Handlers:
SIGSEGV: [libjvm.so+0xac5b30], sa_mask[0]=11111111011111111101111111111110, sa_flags=SA_RESTART|SA_SIGINFO
SIGBUS: [libjvm.so+0xac5b30], sa_mask[0]=11111111011111111101111111111110, sa_flags=SA_RESTART|SA_SIGINFO
SIGFPE: [libjvm.so+0x91f470], sa_mask[0]=11111111011111111101111111111110, sa_flags=SA_RESTART|SA_SIGINFO
SIGPIPE: [libjvm.so+0x91f470], sa_mask[0]=11111111011111111101111111111110, sa_flags=SA_RESTART|SA_SIGINFO
SIGXFSZ: [libjvm.so+0x91f470], sa_mask[0]=11111111011111111101111111111110, sa_flags=SA_RESTART|SA_SIGINFO
SIGILL: [libjvm.so+0x91f470], sa_mask[0]=11111111011111111101111111111110, sa_flags=SA_RESTART|SA_SIGINFO
SIGUSR1: SIG_DFL, sa_mask[0]=00000000000000000000000000000000, sa_flags=none
SIGUSR2: [libjvm.so+0x920aa0], sa_mask[0]=00000000000000000000000000000000, sa_flags=SA_RESTART|SA_SIGINFO
SIGHUP: [libjvm.so+0x921ea0], sa_mask[0]=11111111011111111101111111111110, sa_flags=SA_RESTART|SA_SIGINFO
SIGINT: [libjvm.so+0x921ea0], sa_mask[0]=11111111011111111101111111111110, sa_flags=SA_RESTART|SA_SIGINFO
SIGTERM: [libjvm.so+0x921ea0], sa_mask[0]=11111111011111111101111111111110, sa_flags=SA_RESTART|SA_SIGINFO
SIGQUIT: [libjvm.so+0x921ea0], sa_mask[0]=11111111011111111101111111111110, sa_flags=SA_RESTART|SA_SIGINFO


---------------  S Y S T E M  ---------------

OS:PRETTY_NAME="Debian GNU/Linux buster/sid"
NAME="Debian GNU/Linux"
ID=debian
HOME_URL="https://www.debian.org/"
SUPPORT_URL="https://www.debian.org/support"
BUG_REPORT_URL="https://bugs.debian.org/"

uname:Linux 4.19.0-4-amd64 #1 SMP Debian 4.19.28-2 (2019-03-15) x86_64
libc:glibc 2.28 NPTL 2.28 
rlimit: STACK 8192k, CORE 0k, NPROC 31275, NOFILE 1048576, AS 2147483648k
load average:2,36 1,98 1,37

/proc/meminfo:
MemTotal:        8046004 kB
MemFree:         2310896 kB
MemAvailable:    4264732 kB
Buffers:          427624 kB
Cached:          1657048 kB
SwapCached:            0 kB
Active:          4135512 kB
Inactive:        1081448 kB
Active(anon):    3141376 kB
Inactive(anon):   114148 kB
Active(file):     994136 kB
Inactive(file):   967300 kB
Unevictable:         196 kB
Mlocked:             196 kB
SwapTotal:             0 kB
SwapFree:              0 kB
Dirty:              9480 kB
Writeback:             0 kB
AnonPages:       3007072 kB
Mapped:           466840 kB
Shmem:            123240 kB
Slab:             383644 kB
SReclaimable:     294800 kB
SUnreclaim:        88844 kB
KernelStack:       11216 kB
PageTables:        24284 kB
NFS_Unstable:          0 kB
Bounce:                0 kB
WritebackTmp:          0 kB
CommitLimit:     4023000 kB
Committed_AS:    5956896 kB
VmallocTotal:   34359738367 kB
VmallocUsed:           0 kB
VmallocChunk:          0 kB
Percpu:             6848 kB
HardwareCorrupted:     0 kB
AnonHugePages:   1218560 kB
ShmemHugePages:        0 kB
ShmemPmdMapped:        0 kB
HugePages_Total:       0
HugePages_Free:        0
HugePages_Rsvd:        0
HugePages_Surp:        0
Hugepagesize:       2048 kB
Hugetlb:               0 kB
DirectMap4k:      163280 kB
DirectMap2M:     8103936 kB


CPU:total 4 (2 cores per cpu, 2 threads per core) family 6 model 42 stepping 7, cmov, cx8, fxsr, mmx, sse, sse2, sse3, ssse3, sse4.1, sse4.2, popcnt, avx, aes, clmul, ht, tsc, tscinvbit

/proc/cpuinfo:
processor	: 0
vendor_id	: GenuineIntel
cpu family	: 6
model		: 42
model name	: Intel(R) Core(TM) i5-2520M CPU @ 2.50GHz
stepping	: 7
microcode	: 0x2e
cpu MHz		: 1824.643
cache size	: 3072 KB
physical id	: 0
siblings	: 4
core id		: 0
cpu cores	: 2
apicid		: 0
initial apicid	: 0
fpu		: yes
fpu_exception	: yes
cpuid level	: 13
wp		: yes
flags		: fpu vme de pse tsc msr pae mce cx8 apic sep mtrr pge mca cmov pat pse36 clflush dts acpi mmx fxsr sse sse2 ss ht tm pbe syscall nx rdtscp lm constant_tsc arch_perfmon pebs bts rep_good nopl xtopology nonstop_tsc cpuid aperfmperf pni pclmulqdq dtes64 monitor ds_cpl vmx smx est tm2 ssse3 cx16 xtpr pdcm pcid sse4_1 sse4_2 x2apic popcnt tsc_deadline_timer aes xsave avx lahf_lm epb pti ssbd ibrs ibpb stibp tpr_shadow vnmi flexpriority ept vpid xsaveopt dtherm ida arat pln pts flush_l1d
bugs		: cpu_meltdown spectre_v1 spectre_v2 spec_store_bypass l1tf
bogomips	: 4988.64
clflush size	: 64
cache_alignment	: 64
address sizes	: 36 bits physical, 48 bits virtual
power management:

processor	: 1
vendor_id	: GenuineIntel
cpu family	: 6
model		: 42
model name	: Intel(R) Core(TM) i5-2520M CPU @ 2.50GHz
stepping	: 7
microcode	: 0x2e
cpu MHz		: 1613.828
cache size	: 3072 KB
physical id	: 0
siblings	: 4
core id		: 1
cpu cores	: 2
apicid		: 2
initial apicid	: 2
fpu		: yes
fpu_exception	: yes
cpuid level	: 13
wp		: yes
flags		: fpu vme de pse tsc msr pae mce cx8 apic sep mtrr pge mca cmov pat pse36 clflush dts acpi mmx fxsr sse sse2 ss ht tm pbe syscall nx rdtscp lm constant_tsc arch_perfmon pebs bts rep_good nopl xtopology nonstop_tsc cpuid aperfmperf pni pclmulqdq dtes64 monitor ds_cpl vmx smx est tm2 ssse3 cx16 xtpr pdcm pcid sse4_1 sse4_2 x2apic popcnt tsc_deadline_timer aes xsave avx lahf_lm epb pti ssbd ibrs ibpb stibp tpr_shadow vnmi flexpriority ept vpid xsaveopt dtherm ida arat pln pts flush_l1d
bugs		: cpu_meltdown spectre_v1 spectre_v2 spec_store_bypass l1tf
bogomips	: 4988.64
clflush size	: 64
cache_alignment	: 64
address sizes	: 36 bits physical, 48 bits virtual
power management:

processor	: 2
vendor_id	: GenuineIntel
cpu family	: 6
model		: 42
model name	: Intel(R) Core(TM) i5-2520M CPU @ 2.50GHz
stepping	: 7
microcode	: 0x2e
cpu MHz		: 2055.135
cache size	: 3072 KB
physical id	: 0
siblings	: 4
core id		: 0
cpu cores	: 2
apicid		: 1
initial apicid	: 1
fpu		: yes
fpu_exception	: yes
cpuid level	: 13
wp		: yes
flags		: fpu vme de pse tsc msr pae mce cx8 apic sep mtrr pge mca cmov pat pse36 clflush dts acpi mmx fxsr sse sse2 ss ht tm pbe syscall nx rdtscp lm constant_tsc arch_perfmon pebs bts rep_good nopl xtopology nonstop_tsc cpuid aperfmperf pni pclmulqdq dtes64 monitor ds_cpl vmx smx est tm2 ssse3 cx16 xtpr pdcm pcid sse4_1 sse4_2 x2apic popcnt tsc_deadline_timer aes xsave avx lahf_lm epb pti ssbd ibrs ibpb stibp tpr_shadow vnmi flexpriority ept vpid xsaveopt dtherm ida arat pln pts flush_l1d
bugs		: cpu_meltdown spectre_v1 spectre_v2 spec_store_bypass l1tf
bogomips	: 4988.64
clflush size	: 64
cache_alignment	: 64
address sizes	: 36 bits physical, 48 bits virtual
power management:

processor	: 3
vendor_id	: GenuineIntel
cpu family	: 6
model		: 42
model name	: Intel(R) Core(TM) i5-2520M CPU @ 2.50GHz
stepping	: 7
microcode	: 0x2e
cpu MHz		: 1486.838
cache size	: 3072 KB
physical id	: 0
siblings	: 4
core id		: 1
cpu cores	: 2
apicid		: 3
initial apicid	: 3
fpu		: yes
fpu_exception	: yes
cpuid level	: 13
wp		: yes
flags		: fpu vme de pse tsc msr pae mce cx8 apic sep mtrr pge mca cmov pat pse36 clflush dts acpi mmx fxsr sse sse2 ss ht tm pbe syscall nx rdtscp lm constant_tsc arch_perfmon pebs bts rep_good nopl xtopology nonstop_tsc cpuid aperfmperf pni pclmulqdq dtes64 monitor ds_cpl vmx smx est tm2 ssse3 cx16 xtpr pdcm pcid sse4_1 sse4_2 x2apic popcnt tsc_deadline_timer aes xsave avx lahf_lm epb pti ssbd ibrs ibpb stibp tpr_shadow vnmi flexpriority ept vpid xsaveopt dtherm ida arat pln pts flush_l1d
bugs		: cpu_meltdown spectre_v1 spectre_v2 spec_store_bypass l1tf
bogomips	: 4988.64
clflush size	: 64
cache_alignment	: 64
address sizes	: 36 bits physical, 48 bits virtual
power management:



Memory: 4k page, physical 8046004k(2310896k free), swap 0k(0k free)

vm_info: Java HotSpot(TM) 64-Bit Server VM (25.102-b14) for linux-amd64 JRE (1.8.0_102-b14), built on Jun 22 2016 18:43:17 by "java_re" with gcc 4.3.0 20080428 (Red Hat 4.3.0-8)

time: Thu Mar 28 10:49:11 2019
elapsed time: 6 seconds (0d 0h 0m 6s)

