#
# A fatal error has been detected by the Java Runtime Environment:
#
#  SIGSEGV (0xb) at pc=0x00007f43d04658aa, pid=31457, tid=31509
#
# JRE version: OpenJDK Runtime Environment (11.0.3+4) (build 11.0.3+4-Debian-1)
# Java VM: OpenJDK 64-Bit Server VM (11.0.3+4-Debian-1, mixed mode, sharing, tiered, compressed oops, g1 gc, linux-amd64)
# Problematic frame:
# J 438 c2 java.lang.String.equals(Ljava/lang/Object;)Z java.base@11.0.3 (65 bytes) @ 0x00007f43d04658aa [0x00007f43d0465820+0x000000000000008a]
#
# No core dump will be written. Core dumps have been disabled. To enable core dumping, try "ulimit -c unlimited" before starting Java again
#
# If you would like to submit a bug report, please visit:
#   http://bugreport.java.com/bugreport/crash.jsp
#

---------------  S U M M A R Y ------------

Command Line: -Dclassworlds.conf=/opt/apache-maven-3.5.2/bin/m2.conf -Dmaven.home=/opt/apache-maven-3.5.2 -Dlibrary.jansi.path=/opt/apache-maven-3.5.2/lib/jansi-native -Dmaven.multiModuleProjectDirectory=/home/k/src/java-workspace/joddt1/joddt1 org.codehaus.plexus.classworlds.launcher.Launcher jetty:run

Host: Intel(R) Core(TM) i5-2520M CPU @ 2.50GHz, 4 cores, 7G, Debian GNU/Linux buster/sid
Time: Thu Mar 28 10:57:00 2019 CET elapsed time: 7 seconds (0d 0h 0m 7s)

---------------  T H R E A D  ---------------

Current thread (0x00007f43e114f000):  JavaThread "qtp1929447269-20" [_thread_in_Java, id=31509, stack(0x00007f435feff000,0x00007f4360000000)]

Stack: [0x00007f435feff000,0x00007f4360000000],  sp=0x00007f435fffac40,  free space=1007k
Native frames: (J=compiled Java code, A=aot compiled Java code, j=interpreted, Vv=VM code, C=native code)
J 438 c2 java.lang.String.equals(Ljava/lang/Object;)Z java.base@11.0.3 (65 bytes) @ 0x00007f43d04658aa [0x00007f43d0465820+0x000000000000008a]
J 694 c1 java.io.File.<init>(Ljava/io/File;Ljava/lang/String;)V java.base@11.0.3 (113 bytes) @ 0x00007f43c906a3e4 [0x00007f43c906a260+0x0000000000000184]
J 696 c1 jdk.internal.loader.URLClassPath$FileLoader.getResource(Ljava/lang/String;Z)Ljdk/internal/loader/Resource; java.base@11.0.3 (164 bytes) @ 0x00007f43c906c6dc [0x00007f43c906b780+0x0000000000000f5c]
J 4583 c1 jdk.internal.loader.URLClassPath$FileLoader.findResource(Ljava/lang/String;Z)Ljava/net/URL; java.base@11.0.3 (18 bytes) @ 0x00007f43c9373584 [0x00007f43c93734e0+0x00000000000000a4]
J 4061 c1 jdk.internal.loader.URLClassPath.findResource(Ljava/lang/String;Z)Ljava/net/URL; java.base@11.0.3 (38 bytes) @ 0x00007f43c9700754 [0x00007f43c9700600+0x0000000000000154]
J 4631 c1 java.net.URLClassLoader$2.run()Ljava/lang/Object; java.base@11.0.3 (5 bytes) @ 0x00007f43c94f8764 [0x00007f43c94f8660+0x0000000000000104]
v  ~StubRoutines::call_stub
V  [libjvm.so+0x7f3131]
V  [libjvm.so+0x899044]  JVM_DoPrivileged+0x5f4
J 4335  java.security.AccessController.doPrivileged(Ljava/security/PrivilegedAction;Ljava/security/AccessControlContext;)Ljava/lang/Object; java.base@11.0.3 (0 bytes) @ 0x00007f43d04b1da8 [0x00007f43d04b1cc0+0x00000000000000e8]
J 4634 c1 org.eclipse.jetty.webapp.WebAppClassLoader.loadClass(Ljava/lang/String;Z)Ljava/lang/Class; (488 bytes) @ 0x00007f43c977a344 [0x00007f43c9778aa0+0x00000000000018a4]
J 4526 c1 java.lang.ClassLoader.loadClass(Ljava/lang/String;)Ljava/lang/Class; java.base@11.0.3 (7 bytes) @ 0x00007f43c91e13ec [0x00007f43c91e12c0+0x000000000000012c]
v  ~StubRoutines::call_stub
V  [libjvm.so+0x7f3131]
V  [libjvm.so+0x7f15d0]
V  [libjvm.so+0x7f171e]
V  [libjvm.so+0xc87cbb]
V  [libjvm.so+0xc86bd2]
V  [libjvm.so+0xc890d6]
V  [libjvm.so+0x60f29d]
V  [libjvm.so+0x60f702]
V  [libjvm.so+0x9b1be6]
V  [libjvm.so+0x9b82dd]
V  [libjvm.so+0x7ed6a6]
V  [libjvm.so+0x7edcdd]
j  jodd.madvoc.ActionRequest.invokeActionMethod()Ljava/lang/Object;+51
j  jodd.madvoc.ActionRequest.lambda$createExecutionArray$1(Ljodd/madvoc/ActionRequest;)Ljava/lang/Object;+2
j  jodd.madvoc.ActionRequest$$Lambda$191.apply(Ljodd/madvoc/ActionRequest;)Ljava/lang/Object;+5
j  jodd.madvoc.ActionRequest.invoke()Ljava/lang/Object;+17
j  jodd.madvoc.interceptor.ServletConfigInterceptor.intercept(Ljodd/madvoc/ActionRequest;)Ljava/lang/Object;+46
j  jodd.madvoc.interceptor.ActionInterceptor.apply(Ljodd/madvoc/ActionRequest;)Ljava/lang/Object;+2
j  jodd.madvoc.ActionRequest.invoke()Ljava/lang/Object;+17
j  jodd.joy.i18n.I18nInterceptor.intercept(Ljodd/madvoc/ActionRequest;)Ljava/lang/Object;+18
j  jodd.madvoc.interceptor.ActionInterceptor.apply(Ljodd/madvoc/ActionRequest;)Ljava/lang/Object;+2
j  jodd.madvoc.ActionRequest.invoke()Ljava/lang/Object;+17
j  jodd.joy.auth.AuthInterceptor.intercept(Ljodd/madvoc/ActionRequest;)Ljava/lang/Object;+96
j  jodd.madvoc.interceptor.ActionInterceptor.apply(Ljodd/madvoc/ActionRequest;)Ljava/lang/Object;+2
j  jodd.madvoc.ActionRequest.invoke()Ljava/lang/Object;+17
j  jodd.madvoc.ActionRequest.lambda$createExecutionArray$0(Ljodd/madvoc/ActionRequest;)Ljava/lang/Object;+1
j  jodd.madvoc.ActionRequest$$Lambda$190.apply(Ljodd/madvoc/ActionRequest;)Ljava/lang/Object;+5
j  jodd.madvoc.ActionRequest.invoke()Ljava/lang/Object;+17
j  jodd.madvoc.component.MadvocController.invoke(Ljava/lang/String;Ljavax/servlet/http/HttpServletRequest;Ljavax/servlet/http/HttpServletResponse;)Ljava/lang/String;+325
j  jodd.madvoc.MadvocServletFilter.doFilter(Ljavax/servlet/ServletRequest;Ljavax/servlet/ServletResponse;Ljavax/servlet/FilterChain;)V+40
j  org.eclipse.jetty.servlet.ServletHandler$CachedChain.doFilter(Ljavax/servlet/ServletRequest;Ljavax/servlet/ServletResponse;)V+90
j  org.eclipse.jetty.websocket.server.WebSocketUpgradeFilter.doFilter(Ljavax/servlet/ServletRequest;Ljavax/servlet/ServletResponse;Ljavax/servlet/FilterChain;)V+117
j  org.eclipse.jetty.servlet.ServletHandler$CachedChain.doFilter(Ljavax/servlet/ServletRequest;Ljavax/servlet/ServletResponse;)V+126
j  org.eclipse.jetty.servlet.ServletHandler.doHandle(Ljava/lang/String;Lorg/eclipse/jetty/server/Request;Ljavax/servlet/http/HttpServletRequest;Ljavax/servlet/http/HttpServletResponse;)V+194
j  org.eclipse.jetty.server.handler.ScopedHandler.handle(Ljava/lang/String;Lorg/eclipse/jetty/server/Request;Ljavax/servlet/http/HttpServletRequest;Ljavax/servlet/http/HttpServletResponse;)V+32
j  org.eclipse.jetty.security.SecurityHandler.handle(Ljava/lang/String;Lorg/eclipse/jetty/server/Request;Ljavax/servlet/http/HttpServletRequest;Ljavax/servlet/http/HttpServletResponse;)V+553
j  org.eclipse.jetty.server.handler.HandlerWrapper.handle(Ljava/lang/String;Lorg/eclipse/jetty/server/Request;Ljavax/servlet/http/HttpServletRequest;Ljavax/servlet/http/HttpServletResponse;)V+18
j  org.eclipse.jetty.server.handler.ScopedHandler.nextHandle(Ljava/lang/String;Lorg/eclipse/jetty/server/Request;Ljavax/servlet/http/HttpServletRequest;Ljavax/servlet/http/HttpServletResponse;)V+46
j  org.eclipse.jetty.server.session.SessionHandler.doHandle(Ljava/lang/String;Lorg/eclipse/jetty/server/Request;Ljavax/servlet/http/HttpServletRequest;Ljavax/servlet/http/HttpServletResponse;)V+6
j  org.eclipse.jetty.server.handler.ScopedHandler.nextHandle(Ljava/lang/String;Lorg/eclipse/jetty/server/Request;Ljavax/servlet/http/HttpServletRequest;Ljavax/servlet/http/HttpServletResponse;)V+27
j  org.eclipse.jetty.server.handler.ContextHandler.doHandle(Ljava/lang/String;Lorg/eclipse/jetty/server/Request;Ljavax/servlet/http/HttpServletRequest;Ljavax/servlet/http/HttpServletResponse;)V+141
j  org.eclipse.jetty.server.handler.ScopedHandler.nextScope(Ljava/lang/String;Lorg/eclipse/jetty/server/Request;Ljavax/servlet/http/HttpServletRequest;Ljavax/servlet/http/HttpServletResponse;)V+38
j  org.eclipse.jetty.servlet.ServletHandler.doScope(Ljava/lang/String;Lorg/eclipse/jetty/server/Request;Ljavax/servlet/http/HttpServletRequest;Ljavax/servlet/http/HttpServletResponse;)V+188
j  org.eclipse.jetty.server.session.SessionHandler.doScope(Ljava/lang/String;Lorg/eclipse/jetty/server/Request;Ljavax/servlet/http/HttpServletRequest;Ljavax/servlet/http/HttpServletResponse;)V+206
j  org.eclipse.jetty.server.handler.ScopedHandler.nextScope(Ljava/lang/String;Lorg/eclipse/jetty/server/Request;Ljavax/servlet/http/HttpServletRequest;Ljavax/servlet/http/HttpServletResponse;)V+16
j  org.eclipse.jetty.server.handler.ContextHandler.doScope(Ljava/lang/String;Lorg/eclipse/jetty/server/Request;Ljavax/servlet/http/HttpServletRequest;Ljavax/servlet/http/HttpServletResponse;)V+424
j  org.eclipse.jetty.server.handler.ScopedHandler.handle(Ljava/lang/String;Lorg/eclipse/jetty/server/Request;Ljavax/servlet/http/HttpServletRequest;Ljavax/servlet/http/HttpServletResponse;)V+20
j  org.eclipse.jetty.server.handler.ContextHandlerCollection.handle(Ljava/lang/String;Lorg/eclipse/jetty/server/Request;Ljavax/servlet/http/HttpServletRequest;Ljavax/servlet/http/HttpServletResponse;)V+224
j  org.eclipse.jetty.server.handler.HandlerCollection.handle(Ljava/lang/String;Lorg/eclipse/jetty/server/Request;Ljavax/servlet/http/HttpServletRequest;Ljavax/servlet/http/HttpServletResponse;)V+42
j  org.eclipse.jetty.server.handler.HandlerWrapper.handle(Ljava/lang/String;Lorg/eclipse/jetty/server/Request;Ljavax/servlet/http/HttpServletRequest;Ljavax/servlet/http/HttpServletResponse;)V+18
j  org.eclipse.jetty.server.Server.handle(Lorg/eclipse/jetty/server/HttpChannel;)V+141
j  org.eclipse.jetty.server.HttpChannel.handle()Z+325
j  org.eclipse.jetty.server.HttpConnection.onFillable()V+140
j  org.eclipse.jetty.io.AbstractConnection$ReadCallback.succeeded()V+4
j  org.eclipse.jetty.io.FillInterest.fillable()V+57
j  org.eclipse.jetty.io.ChannelEndPoint$2.run()V+7
j  org.eclipse.jetty.util.thread.strategy.EatWhatYouKill.doProduce()Z+395
j  org.eclipse.jetty.util.thread.strategy.EatWhatYouKill.produce()V+47
j  org.eclipse.jetty.io.ManagedSelector$$Lambda$182.run()V+4
j  org.eclipse.jetty.util.thread.QueuedThreadPool.runJob(Ljava/lang/Runnable;)V+1
j  org.eclipse.jetty.util.thread.QueuedThreadPool$2.run()V+104
j  java.lang.Thread.run()V+11 java.base@11.0.3
v  ~StubRoutines::call_stub
V  [libjvm.so+0x7f3131]
V  [libjvm.so+0x7f15d0]
V  [libjvm.so+0x7f168b]
V  [libjvm.so+0x88d62c]
V  [libjvm.so+0xcbe040]
V  [libjvm.so+0xcbe330]
V  [libjvm.so+0xcb9ec4]
V  [libjvm.so+0xb2aeee]


siginfo: si_signo: 11 (SIGSEGV), si_code: 1 (SEGV_MAPERR), si_addr: 0x000000000000000c

Register to memory mapping:

RAX=0x0 is NULL
RBX=0x0000000085c1e0d0 points into unknown readable memory: 1d 00 00 00 00 00 00 00
RCX=0x000000008b514c88 points into unknown readable memory: 05 00 00 00 00 00 00 00
RDX=0x00000000852852b0 points into unknown readable memory: 11 00 00 00 00 00 00 00
RSP=0x00007f435fffac40 is pointing into the stack for thread: 0x00007f43e114f000
RBP=0x0 is NULL
RSI=0x0000000085c1e0d0 points into unknown readable memory: 1d 00 00 00 00 00 00 00
RDI=0x0000000085c1e0d0 points into unknown readable memory: 1d 00 00 00 00 00 00 00
R8 =0x0000000000000020 is an unknown value
R9 =0x0000000000000022 is an unknown value
R10=0x0000000085c1e0e8 points into unknown readable memory: 19 00 00 00 00 00 00 00
R11=0x0 is NULL
R12=0x0 is NULL
R13=0x000000000000001e is an unknown value
R14=0x0000000000000022 is an unknown value
R15=0x00007f43e114f000 is a thread


Registers:
RAX=0x0000000000000000, RBX=0x0000000085c1e0d0, RCX=0x000000008b514c88, RDX=0x00000000852852b0
RSP=0x00007f435fffac40, RBP=0x0000000000000000, RSI=0x0000000085c1e0d0, RDI=0x0000000085c1e0d0
R8 =0x0000000000000020, R9 =0x0000000000000022, R10=0x0000000085c1e0e8, R11=0x0000000000000000
R12=0x0000000000000000, R13=0x000000000000001e, R14=0x0000000000000022, R15=0x00007f43e114f000
RIP=0x00007f43d04658aa, EFLAGS=0x0000000000010246, CSGSFS=0x002b000000000033, ERR=0x0000000000000004
  TRAPNO=0x000000000000000e

Top of Stack: (sp=0x00007f435fffac40)
0x00007f435fffac40:   000000008b514f58 0000000085c1dae0
0x00007f435fffac50:   0000000000000022 0000000800323270
0x00007f435fffac60:   0000000000000022 000000000000004f
0x00007f435fffac70:   00007f435fffb050 00007f43c906a3e4 

Instructions: (pc=0x00007f43d04658aa)
0x00007f43d046588a:   5e 14 0f be 6a 14 44 3b dd 0f 85 f4 00 00 00 45
0x00007f43d046589a:   85 db 0f 85 08 01 00 00 44 8b 5a 0c 44 8b 56 0c
0x00007f43d04658aa:   45 8b 4b 0c 41 8b 4a 0c 41 3b c9 0f 85 c2 00 00
0x00007f43d04658ba:   00 4d 8b c3 49 8d 73 10 4d 8b da 49 8d 7a 10 85 

Stack slot to memory mapping:
stack at sp + 0 slots: 0x000000008b514f58 points into unknown readable memory: 01 00 00 00 00 00 00 00
stack at sp + 1 slots: 0x0000000085c1dae0 points into unknown readable memory: 1d 00 00 00 00 00 00 00
stack at sp + 2 slots: 0x0000000000000022 is an unknown value
stack at sp + 3 slots: 0x0000000800323270 is pointing into metadata
stack at sp + 4 slots: 0x0000000000000022 is an unknown value
stack at sp + 5 slots: 0x000000000000004f is an unknown value
stack at sp + 6 slots: 0x00007f435fffb050 is pointing into the stack for thread: 0x00007f43e114f000
stack at sp + 7 slots: 0x00007f43c906a3e4 is at entry_point+388 in (nmethod*)0x00007f43c9069f90



---------------  P R O C E S S  ---------------

Threads class SMR info:
_java_thread_list=0x00007f43e13f8900, length=19, elements={
0x00007f43e0012000, 0x00007f43e0108000, 0x00007f43e010a000, 0x00007f43e010f800,
0x00007f43e0111800, 0x00007f43e0114000, 0x00007f43e0116000, 0x00007f43e015d000,
0x00007f43e0165800, 0x00007f43903ad000, 0x00007f43e1143800, 0x00007f43e1144800,
0x00007f43e1146000, 0x00007f43e1148000, 0x00007f43e1149800, 0x00007f43e114b800,
0x00007f43e114d000, 0x00007f43e114f000, 0x00007f43e13f5800
}

Java Threads: ( => current thread )
  0x00007f43e0012000 JavaThread "main" [_thread_blocked, id=31475, stack(0x00007f43e5ae3000,0x00007f43e5be4000)]
  0x00007f43e0108000 JavaThread "Reference Handler" daemon [_thread_blocked, id=31482, stack(0x00007f43c000c000,0x00007f43c010d000)]
  0x00007f43e010a000 JavaThread "Finalizer" daemon [_thread_blocked, id=31483, stack(0x00007f43b9eff000,0x00007f43ba000000)]
  0x00007f43e010f800 JavaThread "Signal Dispatcher" daemon [_thread_blocked, id=31484, stack(0x00007f43b9b19000,0x00007f43b9c1a000)]
  0x00007f43e0111800 JavaThread "C2 CompilerThread0" daemon [_thread_blocked, id=31485, stack(0x00007f43b9a18000,0x00007f43b9b19000)]
  0x00007f43e0114000 JavaThread "C1 CompilerThread0" daemon [_thread_blocked, id=31486, stack(0x00007f43b9917000,0x00007f43b9a18000)]
  0x00007f43e0116000 JavaThread "Sweeper thread" daemon [_thread_blocked, id=31487, stack(0x00007f43b9816000,0x00007f43b9917000)]
  0x00007f43e015d000 JavaThread "Service Thread" daemon [_thread_blocked, id=31488, stack(0x00007f43b9715000,0x00007f43b9816000)]
  0x00007f43e0165800 JavaThread "Common-Cleaner" daemon [_thread_blocked, id=31490, stack(0x00007f43b9512000,0x00007f43b9613000)]
  0x00007f43903ad000 JavaThread "C2 CompilerThread1" daemon [_thread_blocked, id=31493, stack(0x00007f43b91dd000,0x00007f43b92de000)]
  0x00007f43e1143800 JavaThread "qtp1929447269-13" [_thread_in_native, id=31502, stack(0x00007f43b88d8000,0x00007f43b89d9000)]
  0x00007f43e1144800 JavaThread "qtp1929447269-14" [_thread_in_native, id=31503, stack(0x00007f43b87d7000,0x00007f43b88d8000)]
  0x00007f43e1146000 JavaThread "qtp1929447269-15" [_thread_blocked, id=31504, stack(0x00007f43b86d6000,0x00007f43b87d7000)]
  0x00007f43e1148000 JavaThread "qtp1929447269-16" [_thread_blocked, id=31505, stack(0x00007f43b85d5000,0x00007f43b86d6000)]
  0x00007f43e1149800 JavaThread "qtp1929447269-17" [_thread_blocked, id=31506, stack(0x00007f43b8254000,0x00007f43b8355000)]
  0x00007f43e114b800 JavaThread "qtp1929447269-18-acceptor-0@179dc12-ServerConnector@140cfc5f{HTTP/1.1,[http/1.1]}{0.0.0.0:8080}" [_thread_in_native, id=31507, stack(0x00007f43b8153000,0x00007f43b8254000)]
  0x00007f43e114d000 JavaThread "qtp1929447269-19" [_thread_blocked, id=31508, stack(0x00007f43b8052000,0x00007f43b8153000)]
=>0x00007f43e114f000 JavaThread "qtp1929447269-20" [_thread_in_Java, id=31509, stack(0x00007f435feff000,0x00007f4360000000)]
  0x00007f43e13f5800 JavaThread "Scheduler-1919497442" [_thread_blocked, id=31519, stack(0x00007f435f8fc000,0x00007f435f9fd000)]

Other Threads:
  0x00007f43e0105800 VMThread "VM Thread" [stack: 0x00007f43c010f000,0x00007f43c020f000] [id=31481]
  0x00007f43e015f000 WatcherThread [stack: 0x00007f43b9615000,0x00007f43b9715000] [id=31489]
  0x00007f43e0028800 GCTaskThread "GC Thread#0" [stack: 0x00007f43e576f000,0x00007f43e586f000] [id=31476]
  0x00007f43ac001000 GCTaskThread "GC Thread#1" [stack: 0x00007f43b90dd000,0x00007f43b91dd000] [id=31494]
  0x00007f43ac002800 GCTaskThread "GC Thread#2" [stack: 0x00007f43b8fdb000,0x00007f43b90db000] [id=31495]
  0x00007f43ac008000 GCTaskThread "GC Thread#3" [stack: 0x00007f435fbff000,0x00007f435fcff000] [id=31513]
  0x00007f43e0059000 ConcurrentGCThread "G1 Main Marker" [stack: 0x00007f43e46a2000,0x00007f43e47a2000] [id=31477]
  0x00007f43e005b000 ConcurrentGCThread "G1 Conc#0" [stack: 0x00007f43e45a0000,0x00007f43e46a0000] [id=31478]
  0x00007f43e00d3000 ConcurrentGCThread "G1 Refine#0" [stack: 0x00007f43e409a000,0x00007f43e419a000] [id=31479]
  0x00007f43e00d5000 ConcurrentGCThread "G1 Young RemSet Sampling" [stack: 0x00007f43c887e000,0x00007f43c897e000] [id=31480]

Threads with active compile tasks:

VM state:not at safepoint (normal execution)

VM Mutex/Monitor currently owned by a thread: None

Heap address: 0x0000000085200000, size: 1966 MB, Compressed Oops mode: 32-bit
Narrow klass base: 0x0000000800000000, Narrow klass shift: 3
Compressed class space size: 1073741824 Address: 0x0000000840000000

Heap:
 garbage-first heap   total 155648K, used 68395K [0x0000000085200000, 0x0000000100000000)
  region size 1024K, 54 young (55296K), 3 survivors (3072K)
 Metaspace       used 27653K, capacity 28526K, committed 28668K, reserved 1075200K
  class space    used 3217K, capacity 3559K, committed 3584K, reserved 1048576K
Heap Regions: E=young(eden), S=young(survivor), O=old, HS=humongous(starts), HC=humongous(continues), CS=collection set, F=free, A=archive, TAMS=top-at-mark-start (previous, next)
|   0|0x0000000085200000, 0x0000000085300000, 0x0000000085300000|100%| O|  |TAMS 0x0000000085300000, 0x0000000085200000| Untracked 
|   1|0x0000000085300000, 0x0000000085400000, 0x0000000085400000|100%| O|  |TAMS 0x0000000085400000, 0x0000000085300000| Untracked 
|   2|0x0000000085400000, 0x0000000085500000, 0x0000000085500000|100%| O|  |TAMS 0x0000000085500000, 0x0000000085400000| Untracked 
|   3|0x0000000085500000, 0x0000000085600000, 0x0000000085600000|100%| O|  |TAMS 0x0000000085600000, 0x0000000085500000| Untracked 
|   4|0x0000000085600000, 0x0000000085700000, 0x0000000085700000|100%| O|  |TAMS 0x0000000085700000, 0x0000000085600000| Untracked 
|   5|0x0000000085700000, 0x0000000085800000, 0x0000000085800000|100%| O|  |TAMS 0x0000000085800000, 0x0000000085700000| Untracked 
|   6|0x0000000085800000, 0x0000000085900000, 0x0000000085900000|100%| O|  |TAMS 0x0000000085900000, 0x0000000085800000| Untracked 
|   7|0x0000000085900000, 0x0000000085a00000, 0x0000000085a00000|100%| O|  |TAMS 0x0000000085a00000, 0x0000000085900000| Untracked 
|   8|0x0000000085a00000, 0x0000000085b00000, 0x0000000085b00000|100%| O|  |TAMS 0x0000000085b00000, 0x0000000085a00000| Untracked 
|   9|0x0000000085b00000, 0x0000000085c00000, 0x0000000085c00000|100%| O|  |TAMS 0x0000000085bf2200, 0x0000000085b00000| Untracked 
|  10|0x0000000085c00000, 0x0000000085d00000, 0x0000000085d00000|100%| O|  |TAMS 0x0000000085c00000, 0x0000000085c00000| Untracked 
|  11|0x0000000085d00000, 0x0000000085e00000, 0x0000000085e00000|100%| O|  |TAMS 0x0000000085d00000, 0x0000000085d00000| Untracked 
|  12|0x0000000085e00000, 0x0000000085f00000, 0x0000000085f00000|100%| O|  |TAMS 0x0000000085e00000, 0x0000000085e00000| Untracked 
|  13|0x0000000085f00000, 0x0000000085fdf800, 0x0000000086000000| 87%| O|  |TAMS 0x0000000085f00000, 0x0000000085f00000| Untracked 
|  14|0x0000000086000000, 0x0000000086000000, 0x0000000086100000|  0%| F|  |TAMS 0x0000000086000000, 0x0000000086000000| Untracked 
|  15|0x0000000086100000, 0x0000000086100000, 0x0000000086200000|  0%| F|  |TAMS 0x0000000086100000, 0x0000000086100000| Untracked 
|  16|0x0000000086200000, 0x0000000086200000, 0x0000000086300000|  0%| F|  |TAMS 0x0000000086200000, 0x0000000086200000| Untracked 
|  17|0x0000000086300000, 0x0000000086300000, 0x0000000086400000|  0%| F|  |TAMS 0x0000000086300000, 0x0000000086300000| Untracked 
|  18|0x0000000086400000, 0x0000000086400000, 0x0000000086500000|  0%| F|  |TAMS 0x0000000086400000, 0x0000000086400000| Untracked 
|  19|0x0000000086500000, 0x0000000086500000, 0x0000000086600000|  0%| F|  |TAMS 0x0000000086500000, 0x0000000086500000| Untracked 
|  20|0x0000000086600000, 0x0000000086600000, 0x0000000086700000|  0%| F|  |TAMS 0x0000000086600000, 0x0000000086600000| Untracked 
|  21|0x0000000086700000, 0x0000000086700000, 0x0000000086800000|  0%| F|  |TAMS 0x0000000086700000, 0x0000000086700000| Untracked 
|  22|0x0000000086800000, 0x0000000086800000, 0x0000000086900000|  0%| F|  |TAMS 0x0000000086800000, 0x0000000086800000| Untracked 
|  23|0x0000000086900000, 0x0000000086900000, 0x0000000086a00000|  0%| F|  |TAMS 0x0000000086900000, 0x0000000086900000| Untracked 
|  24|0x0000000086a00000, 0x0000000086a00000, 0x0000000086b00000|  0%| F|  |TAMS 0x0000000086a00000, 0x0000000086a00000| Untracked 
|  25|0x0000000086b00000, 0x0000000086b00000, 0x0000000086c00000|  0%| F|  |TAMS 0x0000000086b00000, 0x0000000086b00000| Untracked 
|  26|0x0000000086c00000, 0x0000000086c00000, 0x0000000086d00000|  0%| F|  |TAMS 0x0000000086c00000, 0x0000000086c00000| Untracked 
|  27|0x0000000086d00000, 0x0000000086d00000, 0x0000000086e00000|  0%| F|  |TAMS 0x0000000086d00000, 0x0000000086d00000| Untracked 
|  28|0x0000000086e00000, 0x0000000086e00000, 0x0000000086f00000|  0%| F|  |TAMS 0x0000000086e00000, 0x0000000086e00000| Untracked 
|  29|0x0000000086f00000, 0x0000000086f00000, 0x0000000087000000|  0%| F|  |TAMS 0x0000000086f00000, 0x0000000086f00000| Untracked 
|  30|0x0000000087000000, 0x0000000087000000, 0x0000000087100000|  0%| F|  |TAMS 0x0000000087000000, 0x0000000087000000| Untracked 
|  31|0x0000000087100000, 0x0000000087100000, 0x0000000087200000|  0%| F|  |TAMS 0x0000000087100000, 0x0000000087100000| Untracked 
|  32|0x0000000087200000, 0x0000000087200000, 0x0000000087300000|  0%| F|  |TAMS 0x0000000087200000, 0x0000000087200000| Untracked 
|  33|0x0000000087300000, 0x0000000087300000, 0x0000000087400000|  0%| F|  |TAMS 0x0000000087300000, 0x0000000087300000| Untracked 
|  34|0x0000000087400000, 0x0000000087400000, 0x0000000087500000|  0%| F|  |TAMS 0x0000000087400000, 0x0000000087400000| Untracked 
|  35|0x0000000087500000, 0x0000000087500000, 0x0000000087600000|  0%| F|  |TAMS 0x0000000087500000, 0x0000000087500000| Untracked 
|  36|0x0000000087600000, 0x0000000087600000, 0x0000000087700000|  0%| F|  |TAMS 0x0000000087600000, 0x0000000087600000| Untracked 
|  37|0x0000000087700000, 0x0000000087700000, 0x0000000087800000|  0%| F|  |TAMS 0x0000000087700000, 0x0000000087700000| Untracked 
|  38|0x0000000087800000, 0x0000000087800000, 0x0000000087900000|  0%| F|  |TAMS 0x0000000087800000, 0x0000000087800000| Untracked 
|  39|0x0000000087900000, 0x0000000087900000, 0x0000000087a00000|  0%| F|  |TAMS 0x0000000087900000, 0x0000000087900000| Untracked 
|  40|0x0000000087a00000, 0x0000000087a00000, 0x0000000087b00000|  0%| F|  |TAMS 0x0000000087a00000, 0x0000000087a00000| Untracked 
|  41|0x0000000087b00000, 0x0000000087b00000, 0x0000000087c00000|  0%| F|  |TAMS 0x0000000087b00000, 0x0000000087b00000| Untracked 
|  42|0x0000000087c00000, 0x0000000087c00000, 0x0000000087d00000|  0%| F|  |TAMS 0x0000000087c00000, 0x0000000087c00000| Untracked 
|  43|0x0000000087d00000, 0x0000000087d00000, 0x0000000087e00000|  0%| F|  |TAMS 0x0000000087d00000, 0x0000000087d00000| Untracked 
|  44|0x0000000087e00000, 0x0000000087e00000, 0x0000000087f00000|  0%| F|  |TAMS 0x0000000087e00000, 0x0000000087e00000| Untracked 
|  45|0x0000000087f00000, 0x0000000087f00000, 0x0000000088000000|  0%| F|  |TAMS 0x0000000087f00000, 0x0000000087f00000| Untracked 
|  46|0x0000000088000000, 0x0000000088000000, 0x0000000088100000|  0%| F|  |TAMS 0x0000000088000000, 0x0000000088000000| Untracked 
|  47|0x0000000088100000, 0x0000000088100000, 0x0000000088200000|  0%| F|  |TAMS 0x0000000088100000, 0x0000000088100000| Untracked 
|  48|0x0000000088200000, 0x0000000088200000, 0x0000000088300000|  0%| F|  |TAMS 0x0000000088200000, 0x0000000088200000| Untracked 
|  49|0x0000000088300000, 0x0000000088300000, 0x0000000088400000|  0%| F|  |TAMS 0x0000000088300000, 0x0000000088300000| Untracked 
|  50|0x0000000088400000, 0x0000000088400000, 0x0000000088500000|  0%| F|  |TAMS 0x0000000088400000, 0x0000000088400000| Untracked 
|  51|0x0000000088500000, 0x0000000088500000, 0x0000000088600000|  0%| F|  |TAMS 0x0000000088500000, 0x0000000088500000| Untracked 
|  52|0x0000000088600000, 0x0000000088600000, 0x0000000088700000|  0%| F|  |TAMS 0x0000000088600000, 0x0000000088600000| Untracked 
|  53|0x0000000088700000, 0x0000000088700000, 0x0000000088800000|  0%| F|  |TAMS 0x0000000088700000, 0x0000000088700000| Untracked 
|  54|0x0000000088800000, 0x0000000088800000, 0x0000000088900000|  0%| F|  |TAMS 0x0000000088800000, 0x0000000088800000| Untracked 
|  55|0x0000000088900000, 0x0000000088900000, 0x0000000088a00000|  0%| F|  |TAMS 0x0000000088900000, 0x0000000088900000| Untracked 
|  56|0x0000000088a00000, 0x0000000088a4d790, 0x0000000088b00000| 30%| S|CS|TAMS 0x0000000088a00000, 0x0000000088a00000| Complete 
|  57|0x0000000088b00000, 0x0000000088c00000, 0x0000000088c00000|100%| S|CS|TAMS 0x0000000088b00000, 0x0000000088b00000| Complete 
|  58|0x0000000088c00000, 0x0000000088d00000, 0x0000000088d00000|100%| S|CS|TAMS 0x0000000088c00000, 0x0000000088c00000| Complete 
|  59|0x0000000088d00000, 0x0000000088d00000, 0x0000000088e00000|  0%| F|  |TAMS 0x0000000088d00000, 0x0000000088d00000| Untracked 
|  60|0x0000000088e00000, 0x0000000088e00000, 0x0000000088f00000|  0%| F|  |TAMS 0x0000000088e00000, 0x0000000088e00000| Untracked 
|  61|0x0000000088f00000, 0x0000000088f00000, 0x0000000089000000|  0%| F|  |TAMS 0x0000000088f00000, 0x0000000088f00000| Untracked 
|  62|0x0000000089000000, 0x0000000089000000, 0x0000000089100000|  0%| F|  |TAMS 0x0000000089000000, 0x0000000089000000| Untracked 
|  63|0x0000000089100000, 0x0000000089100000, 0x0000000089200000|  0%| F|  |TAMS 0x0000000089100000, 0x0000000089100000| Untracked 
|  64|0x0000000089200000, 0x0000000089200000, 0x0000000089300000|  0%| F|  |TAMS 0x0000000089200000, 0x0000000089200000| Untracked 
|  65|0x0000000089300000, 0x0000000089300000, 0x0000000089400000|  0%| F|  |TAMS 0x0000000089300000, 0x0000000089300000| Untracked 
|  66|0x0000000089400000, 0x0000000089400000, 0x0000000089500000|  0%| F|  |TAMS 0x0000000089400000, 0x0000000089400000| Untracked 
|  67|0x0000000089500000, 0x0000000089500000, 0x0000000089600000|  0%| F|  |TAMS 0x0000000089500000, 0x0000000089500000| Untracked 
|  68|0x0000000089600000, 0x0000000089600000, 0x0000000089700000|  0%| F|  |TAMS 0x0000000089600000, 0x0000000089600000| Untracked 
|  69|0x0000000089700000, 0x0000000089700000, 0x0000000089800000|  0%| F|  |TAMS 0x0000000089700000, 0x0000000089700000| Untracked 
|  70|0x0000000089800000, 0x0000000089800000, 0x0000000089900000|  0%| F|  |TAMS 0x0000000089800000, 0x0000000089800000| Untracked 
|  71|0x0000000089900000, 0x0000000089900000, 0x0000000089a00000|  0%| F|  |TAMS 0x0000000089900000, 0x0000000089900000| Untracked 
|  72|0x0000000089a00000, 0x0000000089a00000, 0x0000000089b00000|  0%| F|  |TAMS 0x0000000089a00000, 0x0000000089a00000| Untracked 
|  73|0x0000000089b00000, 0x0000000089b00000, 0x0000000089c00000|  0%| F|  |TAMS 0x0000000089b00000, 0x0000000089b00000| Untracked 
|  74|0x0000000089c00000, 0x0000000089c00000, 0x0000000089d00000|  0%| F|  |TAMS 0x0000000089c00000, 0x0000000089c00000| Untracked 
|  75|0x0000000089d00000, 0x0000000089d00000, 0x0000000089e00000|  0%| F|  |TAMS 0x0000000089d00000, 0x0000000089d00000| Untracked 
|  76|0x0000000089e00000, 0x0000000089e00000, 0x0000000089f00000|  0%| F|  |TAMS 0x0000000089e00000, 0x0000000089e00000| Untracked 
|  77|0x0000000089f00000, 0x0000000089f00000, 0x000000008a000000|  0%| F|  |TAMS 0x0000000089f00000, 0x0000000089f00000| Untracked 
|  78|0x000000008a000000, 0x000000008a000000, 0x000000008a100000|  0%| F|  |TAMS 0x000000008a000000, 0x000000008a000000| Untracked 
|  79|0x000000008a100000, 0x000000008a100000, 0x000000008a200000|  0%| F|  |TAMS 0x000000008a100000, 0x000000008a100000| Untracked 
|  80|0x000000008a200000, 0x000000008a200000, 0x000000008a300000|  0%| F|  |TAMS 0x000000008a200000, 0x000000008a200000| Untracked 
|  81|0x000000008a300000, 0x000000008a300000, 0x000000008a400000|  0%| F|  |TAMS 0x000000008a300000, 0x000000008a300000| Untracked 
|  82|0x000000008a400000, 0x000000008a400000, 0x000000008a500000|  0%| F|  |TAMS 0x000000008a400000, 0x000000008a400000| Untracked 
|  83|0x000000008a500000, 0x000000008a500000, 0x000000008a600000|  0%| F|  |TAMS 0x000000008a500000, 0x000000008a500000| Untracked 
|  84|0x000000008a600000, 0x000000008a600000, 0x000000008a700000|  0%| F|  |TAMS 0x000000008a600000, 0x000000008a600000| Untracked 
|  85|0x000000008a700000, 0x000000008a700000, 0x000000008a800000|  0%| F|  |TAMS 0x000000008a700000, 0x000000008a700000| Untracked 
|  86|0x000000008a800000, 0x000000008a800000, 0x000000008a900000|  0%| F|  |TAMS 0x000000008a800000, 0x000000008a800000| Untracked 
|  87|0x000000008a900000, 0x000000008a900000, 0x000000008aa00000|  0%| F|  |TAMS 0x000000008a900000, 0x000000008a900000| Untracked 
|  88|0x000000008aa00000, 0x000000008aa00000, 0x000000008ab00000|  0%| F|  |TAMS 0x000000008aa00000, 0x000000008aa00000| Untracked 
|  89|0x000000008ab00000, 0x000000008ab00000, 0x000000008ac00000|  0%| F|  |TAMS 0x000000008ab00000, 0x000000008ab00000| Untracked 
|  90|0x000000008ac00000, 0x000000008ac00000, 0x000000008ad00000|  0%| F|  |TAMS 0x000000008ac00000, 0x000000008ac00000| Untracked 
|  91|0x000000008ad00000, 0x000000008ad00000, 0x000000008ae00000|  0%| F|  |TAMS 0x000000008ad00000, 0x000000008ad00000| Untracked 
|  92|0x000000008ae00000, 0x000000008ae00000, 0x000000008af00000|  0%| F|  |TAMS 0x000000008ae00000, 0x000000008ae00000| Untracked 
|  93|0x000000008af00000, 0x000000008af00000, 0x000000008b000000|  0%| F|  |TAMS 0x000000008af00000, 0x000000008af00000| Untracked 
|  94|0x000000008b000000, 0x000000008b000000, 0x000000008b100000|  0%| F|  |TAMS 0x000000008b000000, 0x000000008b000000| Untracked 
|  95|0x000000008b100000, 0x000000008b100000, 0x000000008b200000|  0%| F|  |TAMS 0x000000008b100000, 0x000000008b100000| Untracked 
|  96|0x000000008b200000, 0x000000008b200000, 0x000000008b300000|  0%| F|  |TAMS 0x000000008b200000, 0x000000008b200000| Untracked 
|  97|0x000000008b300000, 0x000000008b300000, 0x000000008b400000|  0%| F|  |TAMS 0x000000008b300000, 0x000000008b300000| Untracked 
|  98|0x000000008b400000, 0x000000008b400000, 0x000000008b500000|  0%| F|  |TAMS 0x000000008b400000, 0x000000008b400000| Untracked 
|  99|0x000000008b500000, 0x000000008b55cab0, 0x000000008b600000| 36%| E|  |TAMS 0x000000008b500000, 0x000000008b500000| Complete 
| 100|0x000000008b600000, 0x000000008b700000, 0x000000008b700000|100%| E|CS|TAMS 0x000000008b600000, 0x000000008b600000| Complete 
| 101|0x000000008b700000, 0x000000008b800000, 0x000000008b800000|100%| E|CS|TAMS 0x000000008b700000, 0x000000008b700000| Complete 
| 102|0x000000008b800000, 0x000000008b900000, 0x000000008b900000|100%| E|CS|TAMS 0x000000008b800000, 0x000000008b800000| Complete 
| 103|0x000000008b900000, 0x000000008ba00000, 0x000000008ba00000|100%| E|CS|TAMS 0x000000008b900000, 0x000000008b900000| Complete 
| 104|0x000000008ba00000, 0x000000008bb00000, 0x000000008bb00000|100%| E|CS|TAMS 0x000000008ba00000, 0x000000008ba00000| Complete 
| 105|0x000000008bb00000, 0x000000008bc00000, 0x000000008bc00000|100%| E|CS|TAMS 0x000000008bb00000, 0x000000008bb00000| Complete 
| 106|0x000000008bc00000, 0x000000008bd00000, 0x000000008bd00000|100%| E|CS|TAMS 0x000000008bc00000, 0x000000008bc00000| Complete 
| 107|0x000000008bd00000, 0x000000008be00000, 0x000000008be00000|100%| E|CS|TAMS 0x000000008bd00000, 0x000000008bd00000| Complete 
| 108|0x000000008be00000, 0x000000008bf00000, 0x000000008bf00000|100%| E|CS|TAMS 0x000000008be00000, 0x000000008be00000| Complete 
| 109|0x000000008bf00000, 0x000000008c000000, 0x000000008c000000|100%| E|CS|TAMS 0x000000008bf00000, 0x000000008bf00000| Complete 
| 110|0x000000008c000000, 0x000000008c100000, 0x000000008c100000|100%| E|CS|TAMS 0x000000008c000000, 0x000000008c000000| Complete 
| 111|0x000000008c100000, 0x000000008c200000, 0x000000008c200000|100%| E|CS|TAMS 0x000000008c100000, 0x000000008c100000| Complete 
| 112|0x000000008c200000, 0x000000008c300000, 0x000000008c300000|100%| E|CS|TAMS 0x000000008c200000, 0x000000008c200000| Complete 
| 113|0x000000008c300000, 0x000000008c400000, 0x000000008c400000|100%| E|CS|TAMS 0x000000008c300000, 0x000000008c300000| Complete 
| 114|0x000000008c400000, 0x000000008c500000, 0x000000008c500000|100%| E|CS|TAMS 0x000000008c400000, 0x000000008c400000| Complete 
| 115|0x000000008c500000, 0x000000008c600000, 0x000000008c600000|100%| E|CS|TAMS 0x000000008c500000, 0x000000008c500000| Complete 
| 116|0x000000008c600000, 0x000000008c700000, 0x000000008c700000|100%| E|CS|TAMS 0x000000008c600000, 0x000000008c600000| Complete 
| 117|0x000000008c700000, 0x000000008c800000, 0x000000008c800000|100%| E|CS|TAMS 0x000000008c700000, 0x000000008c700000| Complete 
| 118|0x000000008c800000, 0x000000008c900000, 0x000000008c900000|100%| E|CS|TAMS 0x000000008c800000, 0x000000008c800000| Complete 
| 119|0x000000008c900000, 0x000000008ca00000, 0x000000008ca00000|100%| E|CS|TAMS 0x000000008c900000, 0x000000008c900000| Complete 
| 120|0x000000008ca00000, 0x000000008cb00000, 0x000000008cb00000|100%| E|CS|TAMS 0x000000008ca00000, 0x000000008ca00000| Complete 
| 121|0x000000008cb00000, 0x000000008cc00000, 0x000000008cc00000|100%| E|CS|TAMS 0x000000008cb00000, 0x000000008cb00000| Complete 
| 122|0x000000008cc00000, 0x000000008cd00000, 0x000000008cd00000|100%| E|CS|TAMS 0x000000008cc00000, 0x000000008cc00000| Complete 
| 123|0x000000008cd00000, 0x000000008ce00000, 0x000000008ce00000|100%| E|CS|TAMS 0x000000008cd00000, 0x000000008cd00000| Complete 
| 124|0x000000008ce00000, 0x000000008cf00000, 0x000000008cf00000|100%| E|CS|TAMS 0x000000008ce00000, 0x000000008ce00000| Complete 
| 125|0x000000008cf00000, 0x000000008d000000, 0x000000008d000000|100%| E|CS|TAMS 0x000000008cf00000, 0x000000008cf00000| Complete 
| 126|0x000000008d000000, 0x000000008d100000, 0x000000008d100000|100%| E|CS|TAMS 0x000000008d000000, 0x000000008d000000| Complete 
| 127|0x000000008d100000, 0x000000008d200000, 0x000000008d200000|100%| E|CS|TAMS 0x000000008d100000, 0x000000008d100000| Complete 
| 128|0x000000008d200000, 0x000000008d300000, 0x000000008d300000|100%| E|CS|TAMS 0x000000008d200000, 0x000000008d200000| Complete 
| 129|0x000000008d300000, 0x000000008d400000, 0x000000008d400000|100%| E|CS|TAMS 0x000000008d300000, 0x000000008d300000| Complete 
| 130|0x000000008d400000, 0x000000008d500000, 0x000000008d500000|100%| E|CS|TAMS 0x000000008d400000, 0x000000008d400000| Complete 
| 131|0x000000008d500000, 0x000000008d600000, 0x000000008d600000|100%| E|CS|TAMS 0x000000008d500000, 0x000000008d500000| Complete 
| 132|0x000000008d600000, 0x000000008d700000, 0x000000008d700000|100%| E|CS|TAMS 0x000000008d600000, 0x000000008d600000| Complete 
| 133|0x000000008d700000, 0x000000008d800000, 0x000000008d800000|100%| E|CS|TAMS 0x000000008d700000, 0x000000008d700000| Complete 
| 134|0x000000008d800000, 0x000000008d900000, 0x000000008d900000|100%| E|CS|TAMS 0x000000008d800000, 0x000000008d800000| Complete 
| 135|0x000000008d900000, 0x000000008da00000, 0x000000008da00000|100%| E|CS|TAMS 0x000000008d900000, 0x000000008d900000| Complete 
| 136|0x000000008da00000, 0x000000008db00000, 0x000000008db00000|100%| E|CS|TAMS 0x000000008da00000, 0x000000008da00000| Complete 
| 137|0x000000008db00000, 0x000000008dc00000, 0x000000008dc00000|100%| E|CS|TAMS 0x000000008db00000, 0x000000008db00000| Complete 
| 138|0x000000008dc00000, 0x000000008dd00000, 0x000000008dd00000|100%| E|CS|TAMS 0x000000008dc00000, 0x000000008dc00000| Complete 
| 139|0x000000008dd00000, 0x000000008de00000, 0x000000008de00000|100%| E|CS|TAMS 0x000000008dd00000, 0x000000008dd00000| Complete 
| 140|0x000000008de00000, 0x000000008df00000, 0x000000008df00000|100%| E|CS|TAMS 0x000000008de00000, 0x000000008de00000| Complete 
| 141|0x000000008df00000, 0x000000008e000000, 0x000000008e000000|100%| E|CS|TAMS 0x000000008df00000, 0x000000008df00000| Complete 
| 142|0x000000008e000000, 0x000000008e100000, 0x000000008e100000|100%| E|CS|TAMS 0x000000008e000000, 0x000000008e000000| Complete 
| 143|0x000000008e100000, 0x000000008e200000, 0x000000008e200000|100%| E|CS|TAMS 0x000000008e100000, 0x000000008e100000| Complete 
| 144|0x000000008e200000, 0x000000008e300000, 0x000000008e300000|100%| E|CS|TAMS 0x000000008e200000, 0x000000008e200000| Complete 
| 145|0x000000008e300000, 0x000000008e400000, 0x000000008e400000|100%| E|CS|TAMS 0x000000008e300000, 0x000000008e300000| Complete 
| 146|0x000000008e400000, 0x000000008e500000, 0x000000008e500000|100%| E|CS|TAMS 0x000000008e400000, 0x000000008e400000| Complete 
| 147|0x000000008e500000, 0x000000008e600000, 0x000000008e600000|100%| E|CS|TAMS 0x000000008e500000, 0x000000008e500000| Complete 
| 148|0x000000008e600000, 0x000000008e700000, 0x000000008e700000|100%| E|CS|TAMS 0x000000008e600000, 0x000000008e600000| Complete 
| 149|0x000000008e700000, 0x000000008e800000, 0x000000008e800000|100%| E|CS|TAMS 0x000000008e700000, 0x000000008e700000| Complete 
|1964|0x00000000ffe00000, 0x00000000ffe34000, 0x00000000fff00000| 20%|OA|  |TAMS 0x00000000ffe34000, 0x00000000ffe00000| Untracked 
|1965|0x00000000fff00000, 0x00000000fff6a000, 0x0000000100000000| 41%|CA|  |TAMS 0x00000000fff6a000, 0x00000000fff00000| Untracked 

Card table byte_map: [0x00007f43e4bbb000,0x00007f43e4f92000] _byte_map_base: 0x00007f43e4792000

Marking Bits (Prev, Next): (CMBitMap*) 0x00007f43e0050b50, (CMBitMap*) 0x00007f43e0050b18
 Prev Bits: [0x00007f43c0290000, 0x00007f43c2148000)
 Next Bits: [0x00007f43c2148000, 0x00007f43c4000000)

Polling page: 0x00007f43e7459000

Metaspace:

Usage:
  Non-class:     24,38 MB capacity,    23,86 MB ( 98%) used,   462,16 KB (  2%) free+waste,    69,44 KB ( <1%) overhead. 
      Class:      3,48 MB capacity,     3,14 MB ( 90%) used,   307,79 KB (  9%) free+waste,    33,50 KB ( <1%) overhead. 
       Both:     27,86 MB capacity,    27,00 MB ( 97%) used,   769,95 KB (  3%) free+waste,   102,94 KB ( <1%) overhead. 

Virtual space:
  Non-class space:       26,00 MB reserved,      24,50 MB ( 94%) committed 
      Class space:        1,00 GB reserved,       3,50 MB ( <1%) committed 
             Both:        1,03 GB reserved,      28,00 MB (  3%) committed 

Chunk freelists:
   Non-Class:  69,00 KB
       Class:  0 bytes
        Both:  69,00 KB

CodeHeap 'non-profiled nmethods': size=120032Kb used=2224Kb max_used=2224Kb free=117807Kb
 bounds [0x00007f43d0446000, 0x00007f43d06b6000, 0x00007f43d797e000]
CodeHeap 'profiled nmethods': size=120032Kb used=9192Kb max_used=9250Kb free=110839Kb
 bounds [0x00007f43c8f0e000, 0x00007f43c982e000, 0x00007f43d0446000]
CodeHeap 'non-nmethods': size=5696Kb used=1174Kb max_used=1205Kb free=4521Kb
 bounds [0x00007f43c897e000, 0x00007f43c8bee000, 0x00007f43c8f0e000]
 total_blobs=6581 nmethods=4439 adapters=434
 compilation: enabled
              stopped_count=0, restarted_count=0
 full_count=0

Compilation events (10 events):
Event: 7,446 Thread 0x00007f43e0114000 5012       3       jdk.internal.org.objectweb.asm.ClassWriter::visit (121 bytes)
Event: 7,447 Thread 0x00007f43e0114000 nmethod 5012 0x00007f43c94fdb10 code [0x00007f43c94fdd40, 0x00007f43c94fe4f8]
Event: 7,447 Thread 0x00007f43e0114000 5011       3       jdk.internal.org.objectweb.asm.ClassVisitor::<init> (35 bytes)
Event: 7,447 Thread 0x00007f43e0114000 nmethod 5011 0x00007f43c929be10 code [0x00007f43c929bfe0, 0x00007f43c929c368]
Event: 7,447 Thread 0x00007f43e0114000 5013       3       java.lang.Module::allows (60 bytes)
Event: 7,448 Thread 0x00007f43e0114000 nmethod 5013 0x00007f43c9303490 code [0x00007f43c93036a0, 0x00007f43c9303d28]
Event: 7,448 Thread 0x00007f43e0114000 5014       3       java.lang.Module::implIsExportedOrOpen (92 bytes)
Event: 7,460 Thread 0x00007f43e0114000 nmethod 5014 0x00007f43c9599490 code [0x00007f43c95996c0, 0x00007f43c9599dd8]
Event: 7,477 Thread 0x00007f43e0114000 5015       3       java.lang.Module::isExported (18 bytes)
Event: 7,477 Thread 0x00007f43e0114000 nmethod 5015 0x00007f43c92ae110 code [0x00007f43c92ae300, 0x00007f43c92ae788]

GC Heap History (10 events):
Event: 3,991 GC heap before
{Heap before GC invocations=3 (full 0):
 garbage-first heap   total 129024K, used 78799K [0x0000000085200000, 0x0000000100000000)
  region size 1024K, 74 young (75776K), 8 survivors (8192K)
 Metaspace       used 20244K, capacity 20883K, committed 20992K, reserved 1067008K
  class space    used 2298K, capacity 2530K, committed 2560K, reserved 1048576K
}
Event: 4,007 GC heap after
{Heap after GC invocations=4 (full 0):
 garbage-first heap   total 129024K, used 16211K [0x0000000085200000, 0x0000000100000000)
  region size 1024K, 9 young (9216K), 9 survivors (9216K)
 Metaspace       used 20244K, capacity 20883K, committed 20992K, reserved 1067008K
  class space    used 2298K, capacity 2530K, committed 2560K, reserved 1048576K
}
Event: 4,142 GC heap before
{Heap before GC invocations=4 (full 0):
 garbage-first heap   total 129024K, used 31571K [0x0000000085200000, 0x0000000100000000)
  region size 1024K, 25 young (25600K), 9 survivors (9216K)
 Metaspace       used 20358K, capacity 20947K, committed 21248K, reserved 1069056K
  class space    used 2313K, capacity 2530K, committed 2560K, reserved 1048576K
}
Event: 4,154 GC heap after
{Heap after GC invocations=5 (full 0):
 garbage-first heap   total 155648K, used 16313K [0x0000000085200000, 0x0000000100000000)
  region size 1024K, 6 young (6144K), 6 survivors (6144K)
 Metaspace       used 20358K, capacity 20947K, committed 21248K, reserved 1069056K
  class space    used 2313K, capacity 2530K, committed 2560K, reserved 1048576K
}
Event: 5,107 GC heap before
{Heap before GC invocations=6 (full 0):
 garbage-first heap   total 155648K, used 102329K [0x0000000085200000, 0x0000000100000000)
  region size 1024K, 91 young (93184K), 6 survivors (6144K)
 Metaspace       used 24968K, capacity 25786K, committed 26108K, reserved 1073152K
  class space    used 2885K, capacity 3239K, committed 3328K, reserved 1048576K
}
Event: 5,116 GC heap after
{Heap after GC invocations=7 (full 0):
 garbage-first heap   total 155648K, used 17513K [0x0000000085200000, 0x0000000100000000)
  region size 1024K, 7 young (7168K), 7 survivors (7168K)
 Metaspace       used 24968K, capacity 25786K, committed 26108K, reserved 1073152K
  class space    used 2885K, capacity 3239K, committed 3328K, reserved 1048576K
}
Event: 5,228 GC heap before
{Heap before GC invocations=7 (full 0):
 garbage-first heap   total 155648K, used 103529K [0x0000000085200000, 0x0000000100000000)
  region size 1024K, 91 young (93184K), 7 survivors (7168K)
 Metaspace       used 24976K, capacity 25786K, committed 26108K, reserved 1073152K
  class space    used 2885K, capacity 3239K, committed 3328K, reserved 1048576K
}
Event: 5,248 GC heap after
{Heap after GC invocations=8 (full 0):
 garbage-first heap   total 155648K, used 17489K [0x0000000085200000, 0x0000000100000000)
  region size 1024K, 3 young (3072K), 3 survivors (3072K)
 Metaspace       used 24976K, capacity 25786K, committed 26108K, reserved 1073152K
  class space    used 2885K, capacity 3239K, committed 3328K, reserved 1048576K
}
Event: 5,391 GC heap before
{Heap before GC invocations=8 (full 0):
 garbage-first heap   total 155648K, used 107601K [0x0000000085200000, 0x0000000100000000)
  region size 1024K, 91 young (93184K), 3 survivors (3072K)
 Metaspace       used 25226K, capacity 25978K, committed 26364K, reserved 1073152K
  class space    used 2912K, capacity 3239K, committed 3328K, reserved 1048576K
}
Event: 5,408 GC heap after
{Heap after GC invocations=9 (full 0):
 garbage-first heap   total 155648K, used 17195K [0x0000000085200000, 0x0000000100000000)
  region size 1024K, 3 young (3072K), 3 survivors (3072K)
 Metaspace       used 25226K, capacity 25978K, committed 26364K, reserved 1073152K
  class space    used 2912K, capacity 3239K, committed 3328K, reserved 1048576K
}

Deoptimization events (10 events):
Event: 5,518 Thread 0x00007f43e0012000 Uncommon trap: reason=bimorphic_or_optimized_type_check action=maybe_recompile pc=0x00007f43d06288ac method=java.net.URL.<init>(Ljava/net/URL;Ljava/lang/String;Ljava/net/URLStreamHandler;)V @ 504 c2
Event: 5,544 Thread 0x00007f43e0012000 Uncommon trap: reason=bimorphic_or_optimized_type_check action=maybe_recompile pc=0x00007f43d06288ac method=java.net.URL.<init>(Ljava/net/URL;Ljava/lang/String;Ljava/net/URLStreamHandler;)V @ 504 c2
Event: 5,572 Thread 0x00007f43e0012000 Uncommon trap: reason=unstable_if action=reinterpret pc=0x00007f43d05fa040 method=jdk.internal.org.objectweb.asm.Type.getArgumentsAndReturnSizes(Ljava/lang/String;)I @ 88 c2
Event: 5,573 Thread 0x00007f43e0012000 Uncommon trap: reason=unstable_if action=reinterpret pc=0x00007f43d046a59c method=java.lang.AbstractStringBuilder.append(Ljava/lang/String;)Ljava/lang/AbstractStringBuilder; @ 1 c2
Event: 5,573 Thread 0x00007f43e0012000 Uncommon trap: reason=unstable_if action=reinterpret pc=0x00007f43d04786a8 method=java.lang.AbstractStringBuilder.append(Ljava/lang/String;)Ljava/lang/AbstractStringBuilder; @ 1 c2
Event: 5,583 Thread 0x00007f43e0012000 Uncommon trap: reason=unstable_if action=reinterpret pc=0x00007f43d0606138 method=java.util.Properties.loadConvert([CII[C)Ljava/lang/String; @ 57 c2
Event: 7,406 Thread 0x00007f43e114d000 Uncommon trap: reason=bimorphic_or_optimized_type_check action=maybe_recompile pc=0x00007f43d064bde8 method=java.util.Collections$SetFromMap.add(Ljava/lang/Object;)Z @ 8 c2
Event: 7,409 Thread 0x00007f43e114f000 Uncommon trap: reason=unstable_if action=reinterpret pc=0x00007f43d04ae730 method=java.lang.CharacterDataLatin1.isWhitespace(I)Z @ 14 c2
Event: 7,410 Thread 0x00007f43e114f000 Uncommon trap: reason=unstable_if action=reinterpret pc=0x00007f43d05b9490 method=java.lang.ThreadLocal$ThreadLocalMap.getEntry(Ljava/lang/ThreadLocal;)Ljava/lang/ThreadLocal$ThreadLocalMap$Entry; @ 29 c2
Event: 7,477 Thread 0x00007f43e114f000 Uncommon trap: reason=unstable_if action=reinterpret pc=0x00007f43d066b1d4 method=java.util.concurrent.ConcurrentHashMap.get(Ljava/lang/Object;)Ljava/lang/Object; @ 76 c2

Classes redefined (0 events):
No events

Internal exceptions (10 events):
Event: 5,573 Thread 0x00007f43e0012000 Exception <a 'java/lang/NoSuchMethodError'{0x000000008bd17558}: java.lang.invoke.DirectMethodHandle$Holder.invokeStatic(Ljava/lang/Object;Ljava/lang/Object;ILjava/lang/Object;)V> (0x000000008bd17558) thrown at [/build/openjdk-11-OvPluS/openjdk-11-11.0.3+4
Event: 5,573 Thread 0x00007f43e0012000 Implicit null exception at 0x00007f43d046a004 to 0x00007f43d046a586
Event: 5,573 Thread 0x00007f43e0012000 Implicit null exception at 0x00007f43d0478104 to 0x00007f43d0478696
Event: 5,575 Thread 0x00007f43e0012000 Exception <a 'java/lang/NoSuchMethodError'{0x000000008bd29080}: java.lang.invoke.DirectMethodHandle$Holder.invokeStatic(Ljava/lang/Object;Ljava/lang/Object;Ljava/lang/Object;ILjava/lang/Object;)V> (0x000000008bd29080) thrown at [/build/openjdk-11-OvPluS/o
Event: 5,642 Thread 0x00007f43e0012000 Exception <a 'java/lang/NoSuchMethodError'{0x000000008bbab080}: java.lang.invoke.DirectMethodHandle$Holder.invokeInterface(Ljava/lang/Object;Ljava/lang/Object;)I> (0x000000008bbab080) thrown at [/build/openjdk-11-OvPluS/openjdk-11-11.0.3+4/src/hotspot/sha
Event: 7,444 Thread 0x00007f43e114f000 Exception <a 'java/lang/NoSuchMethodError'{0x000000008b6d7bf0}: java.lang.invoke.DirectMethodHandle$Holder.invokeSpecial(Ljava/lang/Object;Ljava/lang/Object;Ljava/lang/Object;Ljava/lang/Object;Ljava/lang/Object;I)Ljava/lang/Object;> (0x000000008b6d7bf0) t
Event: 7,444 Thread 0x00007f43e114f000 Exception <a 'java/lang/NoSuchMethodError'{0x000000008b6db4e0}: java.lang.invoke.Invokers$Holder.linkToTargetMethod(Ljava/lang/Object;Ljava/lang/Object;Ljava/lang/Object;ILjava/lang/Object;)Ljava/lang/Object;> (0x000000008b6db4e0) thrown at [/build/openjd
Event: 7,478 Thread 0x00007f43e114f000 Exception <a 'java/lang/NullPointerException'{0x000000008b514010}> (0x000000008b514010) thrown at [/build/openjdk-11-OvPluS/openjdk-11-11.0.3+4/src/hotspot/share/interpreter/linkResolver.cpp, line 1354]
Event: 7,478 Thread 0x00007f43e114f000 Exception <a 'java/lang/reflect/InvocationTargetException'{0x000000008b514588}> (0x000000008b514588) thrown at [/build/openjdk-11-OvPluS/openjdk-11-11.0.3+4/src/hotspot/share/runtime/reflection.cpp, line 1242]
Event: 7,478 Thread 0x00007f43e114f000 Implicit null exception at 0x00007f43d04658aa to 0x0000000000000000

Events (10 events):
Event: 7,475 loading class java/util/RegularEnumSet$EnumSetIterator done
Event: 7,475 loading class java/lang/WeakPairMap$Pair$Weak
Event: 7,475 loading class java/lang/WeakPairMap$WeakRefPeer
Event: 7,475 loading class java/lang/WeakPairMap$WeakRefPeer done
Event: 7,475 loading class java/lang/WeakPairMap$Pair$Weak done
Event: 7,475 loading class java/lang/WeakPairMap$Pair$Weak$1
Event: 7,475 loading class java/lang/WeakPairMap$Pair$Weak$1 done
Event: 7,477 Thread 0x00007f43e114f000 Uncommon trap: trap_request=0xffffff4d fr.pc=0x00007f43d066b1d4 relative=0x00000000000001f4
Event: 7,477 Thread 0x00007f43e114f000 DEOPT PACKING pc=0x00007f43d066b1d4 sp=0x00007f435fff9f90
Event: 7,477 Thread 0x00007f43e114f000 DEOPT UNPACKING pc=0x00007f43c89a69a5 sp=0x00007f435fff9f28 mode 2


Dynamic libraries:
85200000-8e800000 rw-p 00000000 00:00 0 
8e800000-ffe00000 ---p 00000000 00:00 0 
ffe00000-ffe34000 rw-p 0111b000 08:03 11272702                           /usr/lib/jvm/java-11-openjdk-amd64/lib/server/classes.jsa
ffe34000-fff00000 rw-p 00000000 00:00 0 
fff00000-fff6a000 rw-p 010b1000 08:03 11272702                           /usr/lib/jvm/java-11-openjdk-amd64/lib/server/classes.jsa
fff6a000-100000000 rw-p 00000000 00:00 0 
800000000-800002000 rwxp 00001000 08:03 11272702                         /usr/lib/jvm/java-11-openjdk-amd64/lib/server/classes.jsa
800002000-8003be000 rw-p 00003000 08:03 11272702                         /usr/lib/jvm/java-11-openjdk-amd64/lib/server/classes.jsa
8003be000-800a9a000 r--p 003bf000 08:03 11272702                         /usr/lib/jvm/java-11-openjdk-amd64/lib/server/classes.jsa
800a9a000-800a9b000 rw-p 00a9b000 08:03 11272702                         /usr/lib/jvm/java-11-openjdk-amd64/lib/server/classes.jsa
800a9b000-8010b0000 r--p 00a9c000 08:03 11272702                         /usr/lib/jvm/java-11-openjdk-amd64/lib/server/classes.jsa
840000000-840380000 rw-p 00000000 00:00 0 
840380000-880000000 ---p 00000000 00:00 0 
55733bb38000-55733bb39000 r--p 00000000 08:03 11145068                   /usr/lib/jvm/java-11-openjdk-amd64/bin/java
55733bb39000-55733bb3a000 r-xp 00001000 08:03 11145068                   /usr/lib/jvm/java-11-openjdk-amd64/bin/java
55733bb3a000-55733bb3b000 r--p 00002000 08:03 11145068                   /usr/lib/jvm/java-11-openjdk-amd64/bin/java
55733bb3b000-55733bb3c000 r--p 00002000 08:03 11145068                   /usr/lib/jvm/java-11-openjdk-amd64/bin/java
55733bb3c000-55733bb3d000 rw-p 00003000 08:03 11145068                   /usr/lib/jvm/java-11-openjdk-amd64/bin/java
55733c5fb000-55733c61c000 rw-p 00000000 00:00 0                          [heap]
7f434c000000-7f434c021000 rw-p 00000000 00:00 0 
7f434c021000-7f4350000000 ---p 00000000 00:00 0 
7f4350000000-7f4350021000 rw-p 00000000 00:00 0 
7f4350021000-7f4354000000 ---p 00000000 00:00 0 
7f4354000000-7f4354026000 rw-p 00000000 00:00 0 
7f4354026000-7f4358000000 ---p 00000000 00:00 0 
7f4358000000-7f435802a000 rw-p 00000000 00:00 0 
7f435802a000-7f435c000000 ---p 00000000 00:00 0 
7f435f2fc000-7f435f37c000 rw-p 00000000 00:00 0 
7f435f37c000-7f435f4fc000 ---p 00000000 00:00 0 
7f435f4fc000-7f435f6fc000 rw-p 00000000 00:00 0 
7f435f6fc000-7f435f8fc000 rw-p 00000000 00:00 0 
7f435f8fc000-7f435f900000 ---p 00000000 00:00 0 
7f435f900000-7f435fbfc000 rw-p 00000000 00:00 0 
7f435fbfc000-7f435fbfd000 ---p 00000000 00:00 0 
7f435fbfd000-7f435fbfe000 ---p 00000000 00:00 0 
7f435fbfe000-7f435feff000 rw-p 00000000 00:00 0 
7f435feff000-7f435ff03000 ---p 00000000 00:00 0 
7f435ff03000-7f4360000000 rw-p 00000000 00:00 0 
7f4360000000-7f4360021000 rw-p 00000000 00:00 0 
7f4360021000-7f4364000000 ---p 00000000 00:00 0 
7f4364000000-7f4364021000 rw-p 00000000 00:00 0 
7f4364021000-7f4368000000 ---p 00000000 00:00 0 
7f4368000000-7f4368021000 rw-p 00000000 00:00 0 
7f4368021000-7f436c000000 ---p 00000000 00:00 0 
7f436c000000-7f436c0ff000 rw-p 00000000 00:00 0 
7f436c0ff000-7f4370000000 ---p 00000000 00:00 0 
7f4370000000-7f4370021000 rw-p 00000000 00:00 0 
7f4370021000-7f4374000000 ---p 00000000 00:00 0 
7f4374000000-7f4374021000 rw-p 00000000 00:00 0 
7f4374021000-7f4378000000 ---p 00000000 00:00 0 
7f4378000000-7f4378021000 rw-p 00000000 00:00 0 
7f4378021000-7f437c000000 ---p 00000000 00:00 0 
7f437c000000-7f437c021000 rw-p 00000000 00:00 0 
7f437c021000-7f4380000000 ---p 00000000 00:00 0 
7f4380000000-7f4380021000 rw-p 00000000 00:00 0 
7f4380021000-7f4384000000 ---p 00000000 00:00 0 
7f4384000000-7f4384afd000 rw-p 00000000 00:00 0 
7f4384afd000-7f4388000000 ---p 00000000 00:00 0 
7f4388000000-7f4388021000 rw-p 00000000 00:00 0 
7f4388021000-7f438c000000 ---p 00000000 00:00 0 
7f438c000000-7f438c021000 rw-p 00000000 00:00 0 
7f438c021000-7f4390000000 ---p 00000000 00:00 0 
7f4390000000-7f4390934000 rw-p 00000000 00:00 0 
7f4390934000-7f4394000000 ---p 00000000 00:00 0 
7f4394000000-7f4394021000 rw-p 00000000 00:00 0 
7f4394021000-7f4398000000 ---p 00000000 00:00 0 
7f4398000000-7f4398021000 rw-p 00000000 00:00 0 
7f4398021000-7f439c000000 ---p 00000000 00:00 0 
7f439c000000-7f439cf39000 rw-p 00000000 00:00 0 
7f439cf39000-7f43a0000000 ---p 00000000 00:00 0 
7f43a0000000-7f43a0021000 rw-p 00000000 00:00 0 
7f43a0021000-7f43a4000000 ---p 00000000 00:00 0 
7f43a4000000-7f43a4021000 rw-p 00000000 00:00 0 
7f43a4021000-7f43a8000000 ---p 00000000 00:00 0 
7f43a8000000-7f43a8021000 rw-p 00000000 00:00 0 
7f43a8021000-7f43ac000000 ---p 00000000 00:00 0 
7f43ac000000-7f43ac032000 rw-p 00000000 00:00 0 
7f43ac032000-7f43b0000000 ---p 00000000 00:00 0 
7f43b0000000-7f43b0021000 rw-p 00000000 00:00 0 
7f43b0021000-7f43b4000000 ---p 00000000 00:00 0 
7f43b4000000-7f43b4021000 rw-p 00000000 00:00 0 
7f43b4021000-7f43b8000000 ---p 00000000 00:00 0 
7f43b8052000-7f43b8056000 ---p 00000000 00:00 0 
7f43b8056000-7f43b8153000 rw-p 00000000 00:00 0 
7f43b8153000-7f43b8157000 ---p 00000000 00:00 0 
7f43b8157000-7f43b8254000 rw-p 00000000 00:00 0 
7f43b8254000-7f43b8258000 ---p 00000000 00:00 0 
7f43b8258000-7f43b8555000 rw-p 00000000 00:00 0 
7f43b85b0000-7f43b85d5000 r--p 00000000 08:03 11010688                   /usr/share/locale/pl/LC_MESSAGES/libc.mo
7f43b85d5000-7f43b85d9000 ---p 00000000 00:00 0 
7f43b85d9000-7f43b86d6000 rw-p 00000000 00:00 0 
7f43b86d6000-7f43b86da000 ---p 00000000 00:00 0 
7f43b86da000-7f43b87d7000 rw-p 00000000 00:00 0 
7f43b87d7000-7f43b87db000 ---p 00000000 00:00 0 
7f43b87db000-7f43b88d8000 rw-p 00000000 00:00 0 
7f43b88d8000-7f43b88dc000 ---p 00000000 00:00 0 
7f43b88dc000-7f43b8bd9000 rw-p 00000000 00:00 0 
7f43b8bd9000-7f43b8dd9000 rw-p 00000000 00:00 0 
7f43b8dd9000-7f43b8fd9000 rw-p 00000000 00:00 0 
7f43b8fd9000-7f43b8fda000 ---p 00000000 00:00 0 
7f43b8fda000-7f43b90db000 rw-p 00000000 00:00 0 
7f43b90db000-7f43b90dc000 ---p 00000000 00:00 0 
7f43b90dc000-7f43b91dd000 rw-p 00000000 00:00 0 
7f43b91dd000-7f43b91e1000 ---p 00000000 00:00 0 
7f43b91e1000-7f43b92de000 rw-p 00000000 00:00 0 
7f43b92de000-7f43b92e1000 r-xp 00000000 08:03 11669709                   /opt/apache-maven-3.5.2/lib/jansi-native/linux64/libjansi.so
7f43b92e1000-7f43b94e0000 ---p 00003000 08:03 11669709                   /opt/apache-maven-3.5.2/lib/jansi-native/linux64/libjansi.so
7f43b94e0000-7f43b94e1000 rw-p 00002000 08:03 11669709                   /opt/apache-maven-3.5.2/lib/jansi-native/linux64/libjansi.so
7f43b94e1000-7f43b9512000 rw-p 00000000 00:00 0 
7f43b9512000-7f43b9516000 ---p 00000000 00:00 0 
7f43b9516000-7f43b9613000 rw-p 00000000 00:00 0 
7f43b9613000-7f43b9614000 ---p 00000000 00:00 0 
7f43b9614000-7f43b9715000 rw-p 00000000 00:00 0 
7f43b9715000-7f43b9719000 ---p 00000000 00:00 0 
7f43b9719000-7f43b9816000 rw-p 00000000 00:00 0 
7f43b9816000-7f43b981a000 ---p 00000000 00:00 0 
7f43b981a000-7f43b9917000 rw-p 00000000 00:00 0 
7f43b9917000-7f43b991b000 ---p 00000000 00:00 0 
7f43b991b000-7f43b9a18000 rw-p 00000000 00:00 0 
7f43b9a18000-7f43b9a1c000 ---p 00000000 00:00 0 
7f43b9a1c000-7f43b9b19000 rw-p 00000000 00:00 0 
7f43b9b19000-7f43b9b1d000 ---p 00000000 00:00 0 
7f43b9b1d000-7f43b9c1a000 rw-p 00000000 00:00 0 
7f43b9c1a000-7f43b9eff000 r--p 00000000 08:03 11014009                   /usr/lib/locale/locale-archive
7f43b9eff000-7f43b9f03000 ---p 00000000 00:00 0 
7f43b9f03000-7f43bc000000 rw-p 00000000 00:00 0 
7f43bc000000-7f43bc021000 rw-p 00000000 00:00 0 
7f43bc021000-7f43c0000000 ---p 00000000 00:00 0 
7f43c000c000-7f43c0010000 ---p 00000000 00:00 0 
7f43c0010000-7f43c010d000 rw-p 00000000 00:00 0 
7f43c010d000-7f43c010e000 ---p 00000000 00:00 0 
7f43c010e000-7f43c04e8000 rw-p 00000000 00:00 0 
7f43c04e8000-7f43c2140000 ---p 00000000 00:00 0 
7f43c2140000-7f43c23a0000 rw-p 00000000 00:00 0 
7f43c23a0000-7f43c3ff8000 ---p 00000000 00:00 0 
7f43c3ff8000-7f43c4000000 rw-p 00000000 00:00 0 
7f43c4000000-7f43c4021000 rw-p 00000000 00:00 0 
7f43c4021000-7f43c8000000 ---p 00000000 00:00 0 
7f43c8021000-7f43c887c000 rw-p 00000000 00:00 0 
7f43c887c000-7f43c887d000 ---p 00000000 00:00 0 
7f43c887d000-7f43c897e000 rw-p 00000000 00:00 0 
7f43c897e000-7f43c8bee000 rwxp 00000000 00:00 0 
7f43c8bee000-7f43c8f0e000 ---p 00000000 00:00 0 
7f43c8f0e000-7f43c982e000 rwxp 00000000 00:00 0 
7f43c982e000-7f43d0446000 ---p 00000000 00:00 0 
7f43d0446000-7f43d06b6000 rwxp 00000000 00:00 0 
7f43d06b6000-7f43d797e000 ---p 00000000 00:00 0 
7f43d797e000-7f43e0000000 r--s 00000000 08:03 11284676                   /usr/lib/jvm/java-11-openjdk-amd64/lib/modules
7f43e0000000-7f43e1b61000 rw-p 00000000 00:00 0 
7f43e1b61000-7f43e4000000 ---p 00000000 00:00 0 
7f43e4001000-7f43e4002000 r--p 00000000 08:03 11284599                   /usr/lib/jvm/java-11-openjdk-amd64/lib/libextnet.so
7f43e4002000-7f43e4003000 r-xp 00001000 08:03 11284599                   /usr/lib/jvm/java-11-openjdk-amd64/lib/libextnet.so
7f43e4003000-7f43e4004000 r--p 00002000 08:03 11284599                   /usr/lib/jvm/java-11-openjdk-amd64/lib/libextnet.so
7f43e4004000-7f43e4005000 r--p 00002000 08:03 11284599                   /usr/lib/jvm/java-11-openjdk-amd64/lib/libextnet.so
7f43e4005000-7f43e4006000 rw-p 00003000 08:03 11284599                   /usr/lib/jvm/java-11-openjdk-amd64/lib/libextnet.so
7f43e4006000-7f43e400d000 r--s 00000000 08:03 11043919                   /usr/lib/x86_64-linux-gnu/gconv/gconv-modules.cache
7f43e400d000-7f43e400f000 r--p 00000000 08:03 11284664                   /usr/lib/jvm/java-11-openjdk-amd64/lib/libmanagement_ext.so
7f43e400f000-7f43e4011000 r-xp 00002000 08:03 11284664                   /usr/lib/jvm/java-11-openjdk-amd64/lib/libmanagement_ext.so
7f43e4011000-7f43e4012000 r--p 00004000 08:03 11284664                   /usr/lib/jvm/java-11-openjdk-amd64/lib/libmanagement_ext.so
7f43e4012000-7f43e4013000 ---p 00005000 08:03 11284664                   /usr/lib/jvm/java-11-openjdk-amd64/lib/libmanagement_ext.so
7f43e4013000-7f43e4014000 r--p 00005000 08:03 11284664                   /usr/lib/jvm/java-11-openjdk-amd64/lib/libmanagement_ext.so
7f43e4014000-7f43e4015000 rw-p 00006000 08:03 11284664                   /usr/lib/jvm/java-11-openjdk-amd64/lib/libmanagement_ext.so
7f43e4015000-7f43e4019000 r--p 00000000 08:03 11284666                   /usr/lib/jvm/java-11-openjdk-amd64/lib/libnet.so
7f43e4019000-7f43e4028000 r-xp 00004000 08:03 11284666                   /usr/lib/jvm/java-11-openjdk-amd64/lib/libnet.so
7f43e4028000-7f43e402c000 r--p 00013000 08:03 11284666                   /usr/lib/jvm/java-11-openjdk-amd64/lib/libnet.so
7f43e402c000-7f43e402d000 r--p 00016000 08:03 11284666                   /usr/lib/jvm/java-11-openjdk-amd64/lib/libnet.so
7f43e402d000-7f43e402e000 rw-p 00017000 08:03 11284666                   /usr/lib/jvm/java-11-openjdk-amd64/lib/libnet.so
7f43e402e000-7f43e4098000 rw-p 00000000 00:00 0 
7f43e4098000-7f43e4099000 ---p 00000000 00:00 0 
7f43e4099000-7f43e459e000 rw-p 00000000 00:00 0 
7f43e459e000-7f43e459f000 ---p 00000000 00:00 0 
7f43e459f000-7f43e46a0000 rw-p 00000000 00:00 0 
7f43e46a0000-7f43e46a1000 ---p 00000000 00:00 0 
7f43e46a1000-7f43e482f000 rw-p 00000000 00:00 0 
7f43e482f000-7f43e4bba000 ---p 00000000 00:00 0 
7f43e4bba000-7f43e4c06000 rw-p 00000000 00:00 0 
7f43e4c06000-7f43e4f91000 ---p 00000000 00:00 0 
7f43e4f91000-7f43e4fdd000 rw-p 00000000 00:00 0 
7f43e4fdd000-7f43e5368000 ---p 00000000 00:00 0 
7f43e5368000-7f43e576d000 rw-p 00000000 00:00 0 
7f43e576d000-7f43e576e000 ---p 00000000 00:00 0 
7f43e576e000-7f43e5874000 rw-p 00000000 00:00 0 
7f43e5874000-7f43e595a000 ---p 00000000 00:00 0 
7f43e595a000-7f43e596d000 rw-p 00000000 00:00 0 
7f43e596d000-7f43e5a45000 ---p 00000000 00:00 0 
7f43e5a45000-7f43e5a48000 r--p 00000000 08:03 524921                     /lib/x86_64-linux-gnu/libnss_files-2.28.so
7f43e5a48000-7f43e5a4f000 r-xp 00003000 08:03 524921                     /lib/x86_64-linux-gnu/libnss_files-2.28.so
7f43e5a4f000-7f43e5a51000 r--p 0000a000 08:03 524921                     /lib/x86_64-linux-gnu/libnss_files-2.28.so
7f43e5a51000-7f43e5a52000 ---p 0000c000 08:03 524921                     /lib/x86_64-linux-gnu/libnss_files-2.28.so
7f43e5a52000-7f43e5a53000 r--p 0000c000 08:03 524921                     /lib/x86_64-linux-gnu/libnss_files-2.28.so
7f43e5a53000-7f43e5a54000 rw-p 0000d000 08:03 524921                     /lib/x86_64-linux-gnu/libnss_files-2.28.so
7f43e5a54000-7f43e5a5a000 rw-p 00000000 00:00 0 
7f43e5a5a000-7f43e5a5e000 r--p 00000000 08:03 524896                     /lib/x86_64-linux-gnu/libnsl-2.28.so
7f43e5a5e000-7f43e5a6a000 r-xp 00004000 08:03 524896                     /lib/x86_64-linux-gnu/libnsl-2.28.so
7f43e5a6a000-7f43e5a6f000 r--p 00010000 08:03 524896                     /lib/x86_64-linux-gnu/libnsl-2.28.so
7f43e5a6f000-7f43e5a70000 r--p 00014000 08:03 524896                     /lib/x86_64-linux-gnu/libnsl-2.28.so
7f43e5a70000-7f43e5a71000 rw-p 00015000 08:03 524896                     /lib/x86_64-linux-gnu/libnsl-2.28.so
7f43e5a71000-7f43e5a73000 rw-p 00000000 00:00 0 
7f43e5a74000-7f43e5a77000 r--p 00000000 08:03 11284662                   /usr/lib/jvm/java-11-openjdk-amd64/lib/libmanagement.so
7f43e5a77000-7f43e5a78000 r-xp 00003000 08:03 11284662                   /usr/lib/jvm/java-11-openjdk-amd64/lib/libmanagement.so
7f43e5a78000-7f43e5a79000 r--p 00004000 08:03 11284662                   /usr/lib/jvm/java-11-openjdk-amd64/lib/libmanagement.so
7f43e5a79000-7f43e5a7a000 r--p 00004000 08:03 11284662                   /usr/lib/jvm/java-11-openjdk-amd64/lib/libmanagement.so
7f43e5a7a000-7f43e5a7b000 rw-p 00005000 08:03 11284662                   /usr/lib/jvm/java-11-openjdk-amd64/lib/libmanagement.so
7f43e5a7b000-7f43e5a82000 r--p 00000000 08:03 11284667                   /usr/lib/jvm/java-11-openjdk-amd64/lib/libnio.so
7f43e5a82000-7f43e5a89000 r-xp 00007000 08:03 11284667                   /usr/lib/jvm/java-11-openjdk-amd64/lib/libnio.so
7f43e5a89000-7f43e5a8c000 r--p 0000e000 08:03 11284667                   /usr/lib/jvm/java-11-openjdk-amd64/lib/libnio.so
7f43e5a8c000-7f43e5a8d000 r--p 00010000 08:03 11284667                   /usr/lib/jvm/java-11-openjdk-amd64/lib/libnio.so
7f43e5a8d000-7f43e5a8e000 rw-p 00011000 08:03 11284667                   /usr/lib/jvm/java-11-openjdk-amd64/lib/libnio.so
7f43e5a8e000-7f43e5a93000 rw-p 00000000 00:00 0 
7f43e5a93000-7f43e5a9a000 ---p 00000000 00:00 0 
7f43e5a9a000-7f43e5a9c000 r--p 00000000 08:03 11284658                   /usr/lib/jvm/java-11-openjdk-amd64/lib/libjimage.so
7f43e5a9c000-7f43e5a9f000 r-xp 00002000 08:03 11284658                   /usr/lib/jvm/java-11-openjdk-amd64/lib/libjimage.so
7f43e5a9f000-7f43e5aa1000 r--p 00005000 08:03 11284658                   /usr/lib/jvm/java-11-openjdk-amd64/lib/libjimage.so
7f43e5aa1000-7f43e5aa2000 r--p 00006000 08:03 11284658                   /usr/lib/jvm/java-11-openjdk-amd64/lib/libjimage.so
7f43e5aa2000-7f43e5aa3000 rw-p 00007000 08:03 11284658                   /usr/lib/jvm/java-11-openjdk-amd64/lib/libjimage.so
7f43e5aa3000-7f43e5aa5000 r--p 00000000 08:03 11284675                   /usr/lib/jvm/java-11-openjdk-amd64/lib/libzip.so
7f43e5aa5000-7f43e5aa9000 r-xp 00002000 08:03 11284675                   /usr/lib/jvm/java-11-openjdk-amd64/lib/libzip.so
7f43e5aa9000-7f43e5aab000 r--p 00006000 08:03 11284675                   /usr/lib/jvm/java-11-openjdk-amd64/lib/libzip.so
7f43e5aab000-7f43e5aac000 r--p 00007000 08:03 11284675                   /usr/lib/jvm/java-11-openjdk-amd64/lib/libzip.so
7f43e5aac000-7f43e5aad000 rw-p 00008000 08:03 11284675                   /usr/lib/jvm/java-11-openjdk-amd64/lib/libzip.so
7f43e5aad000-7f43e5aba000 r--p 00000000 08:03 11284654                   /usr/lib/jvm/java-11-openjdk-amd64/lib/libjava.so
7f43e5aba000-7f43e5acf000 r-xp 0000d000 08:03 11284654                   /usr/lib/jvm/java-11-openjdk-amd64/lib/libjava.so
7f43e5acf000-7f43e5ad6000 r--p 00022000 08:03 11284654                   /usr/lib/jvm/java-11-openjdk-amd64/lib/libjava.so
7f43e5ad6000-7f43e5ad7000 r--p 00028000 08:03 11284654                   /usr/lib/jvm/java-11-openjdk-amd64/lib/libjava.so
7f43e5ad7000-7f43e5ad9000 rw-p 00029000 08:03 11284654                   /usr/lib/jvm/java-11-openjdk-amd64/lib/libjava.so
7f43e5ad9000-7f43e5adb000 r--p 00000000 08:03 525084                     /lib/x86_64-linux-gnu/librt-2.28.so
7f43e5adb000-7f43e5adf000 r-xp 00002000 08:03 525084                     /lib/x86_64-linux-gnu/librt-2.28.so
7f43e5adf000-7f43e5ae1000 r--p 00006000 08:03 525084                     /lib/x86_64-linux-gnu/librt-2.28.so
7f43e5ae1000-7f43e5ae2000 r--p 00007000 08:03 525084                     /lib/x86_64-linux-gnu/librt-2.28.so
7f43e5ae2000-7f43e5ae3000 rw-p 00008000 08:03 525084                     /lib/x86_64-linux-gnu/librt-2.28.so
7f43e5ae3000-7f43e5ae7000 ---p 00000000 00:00 0 
7f43e5ae7000-7f43e5be4000 rw-p 00000000 00:00 0 
7f43e5be4000-7f43e5be7000 r--p 00000000 08:03 524308                     /lib/x86_64-linux-gnu/libgcc_s.so.1
7f43e5be7000-7f43e5bf8000 r-xp 00003000 08:03 524308                     /lib/x86_64-linux-gnu/libgcc_s.so.1
7f43e5bf8000-7f43e5bfb000 r--p 00014000 08:03 524308                     /lib/x86_64-linux-gnu/libgcc_s.so.1
7f43e5bfb000-7f43e5bfc000 ---p 00017000 08:03 524308                     /lib/x86_64-linux-gnu/libgcc_s.so.1
7f43e5bfc000-7f43e5bfd000 r--p 00017000 08:03 524308                     /lib/x86_64-linux-gnu/libgcc_s.so.1
7f43e5bfd000-7f43e5bfe000 rw-p 00018000 08:03 524308                     /lib/x86_64-linux-gnu/libgcc_s.so.1
7f43e5bfe000-7f43e5c0b000 r--p 00000000 08:03 524804                     /lib/x86_64-linux-gnu/libm-2.28.so
7f43e5c0b000-7f43e5caa000 r-xp 0000d000 08:03 524804                     /lib/x86_64-linux-gnu/libm-2.28.so
7f43e5caa000-7f43e5d7f000 r--p 000ac000 08:03 524804                     /lib/x86_64-linux-gnu/libm-2.28.so
7f43e5d7f000-7f43e5d80000 r--p 00180000 08:03 524804                     /lib/x86_64-linux-gnu/libm-2.28.so
7f43e5d80000-7f43e5d81000 rw-p 00181000 08:03 524804                     /lib/x86_64-linux-gnu/libm-2.28.so
7f43e5d81000-7f43e5e0a000 r--p 00000000 08:03 11011327                   /usr/lib/x86_64-linux-gnu/libstdc++.so.6.0.25
7f43e5e0a000-7f43e5eb6000 r-xp 00089000 08:03 11011327                   /usr/lib/x86_64-linux-gnu/libstdc++.so.6.0.25
7f43e5eb6000-7f43e5ef4000 r--p 00135000 08:03 11011327                   /usr/lib/x86_64-linux-gnu/libstdc++.so.6.0.25
7f43e5ef4000-7f43e5ef5000 ---p 00173000 08:03 11011327                   /usr/lib/x86_64-linux-gnu/libstdc++.so.6.0.25
7f43e5ef5000-7f43e5eff000 r--p 00173000 08:03 11011327                   /usr/lib/x86_64-linux-gnu/libstdc++.so.6.0.25
7f43e5eff000-7f43e5f01000 rw-p 0017d000 08:03 11011327                   /usr/lib/x86_64-linux-gnu/libstdc++.so.6.0.25
7f43e5f01000-7f43e5f05000 rw-p 00000000 00:00 0 
7f43e5f05000-7f43e6173000 r--p 00000000 08:03 11284679                   /usr/lib/jvm/java-11-openjdk-amd64/lib/server/libjvm.so
7f43e6173000-7f43e6c92000 r-xp 0026e000 08:03 11284679                   /usr/lib/jvm/java-11-openjdk-amd64/lib/server/libjvm.so
7f43e6c92000-7f43e6eca000 r--p 00d8d000 08:03 11284679                   /usr/lib/jvm/java-11-openjdk-amd64/lib/server/libjvm.so
7f43e6eca000-7f43e6ecb000 ---p 00fc5000 08:03 11284679                   /usr/lib/jvm/java-11-openjdk-amd64/lib/server/libjvm.so
7f43e6ecb000-7f43e6f88000 r--p 00fc5000 08:03 11284679                   /usr/lib/jvm/java-11-openjdk-amd64/lib/server/libjvm.so
7f43e6f88000-7f43e6fc1000 rw-p 01082000 08:03 11284679                   /usr/lib/jvm/java-11-openjdk-amd64/lib/server/libjvm.so
7f43e6fc1000-7f43e7019000 rw-p 00000000 00:00 0 
7f43e7019000-7f43e703b000 r--p 00000000 08:03 524788                     /lib/x86_64-linux-gnu/libc-2.28.so
7f43e703b000-7f43e7183000 r-xp 00022000 08:03 524788                     /lib/x86_64-linux-gnu/libc-2.28.so
7f43e7183000-7f43e71cf000 r--p 0016a000 08:03 524788                     /lib/x86_64-linux-gnu/libc-2.28.so
7f43e71cf000-7f43e71d0000 ---p 001b6000 08:03 524788                     /lib/x86_64-linux-gnu/libc-2.28.so
7f43e71d0000-7f43e71d4000 r--p 001b6000 08:03 524788                     /lib/x86_64-linux-gnu/libc-2.28.so
7f43e71d4000-7f43e71d6000 rw-p 001ba000 08:03 524788                     /lib/x86_64-linux-gnu/libc-2.28.so
7f43e71d6000-7f43e71da000 rw-p 00000000 00:00 0 
7f43e71da000-7f43e71db000 r--p 00000000 08:03 524802                     /lib/x86_64-linux-gnu/libdl-2.28.so
7f43e71db000-7f43e71dc000 r-xp 00001000 08:03 524802                     /lib/x86_64-linux-gnu/libdl-2.28.so
7f43e71dc000-7f43e71dd000 r--p 00002000 08:03 524802                     /lib/x86_64-linux-gnu/libdl-2.28.so
7f43e71dd000-7f43e71de000 r--p 00002000 08:03 524802                     /lib/x86_64-linux-gnu/libdl-2.28.so
7f43e71de000-7f43e71df000 rw-p 00003000 08:03 524802                     /lib/x86_64-linux-gnu/libdl-2.28.so
7f43e71df000-7f43e71e2000 r--p 00000000 08:03 11279388                   /usr/lib/jvm/java-11-openjdk-amd64/lib/jli/libjli.so
7f43e71e2000-7f43e71ec000 r-xp 00003000 08:03 11279388                   /usr/lib/jvm/java-11-openjdk-amd64/lib/jli/libjli.so
7f43e71ec000-7f43e71ef000 r--p 0000d000 08:03 11279388                   /usr/lib/jvm/java-11-openjdk-amd64/lib/jli/libjli.so
7f43e71ef000-7f43e71f0000 r--p 0000f000 08:03 11279388                   /usr/lib/jvm/java-11-openjdk-amd64/lib/jli/libjli.so
7f43e71f0000-7f43e71f1000 rw-p 00010000 08:03 11279388                   /usr/lib/jvm/java-11-openjdk-amd64/lib/jli/libjli.so
7f43e71f1000-7f43e71f7000 r--p 00000000 08:03 525074                     /lib/x86_64-linux-gnu/libpthread-2.28.so
7f43e71f7000-7f43e7206000 r-xp 00006000 08:03 525074                     /lib/x86_64-linux-gnu/libpthread-2.28.so
7f43e7206000-7f43e720c000 r--p 00015000 08:03 525074                     /lib/x86_64-linux-gnu/libpthread-2.28.so
7f43e720c000-7f43e720d000 r--p 0001a000 08:03 525074                     /lib/x86_64-linux-gnu/libpthread-2.28.so
7f43e720d000-7f43e720e000 rw-p 0001b000 08:03 525074                     /lib/x86_64-linux-gnu/libpthread-2.28.so
7f43e720e000-7f43e7212000 rw-p 00000000 00:00 0 
7f43e7212000-7f43e722e000 r-xp 00000000 08:03 524343                     /lib/x86_64-linux-gnu/libz.so.1.2.11
7f43e722e000-7f43e742e000 ---p 0001c000 08:03 524343                     /lib/x86_64-linux-gnu/libz.so.1.2.11
7f43e742e000-7f43e742f000 r--p 0001c000 08:03 524343                     /lib/x86_64-linux-gnu/libz.so.1.2.11
7f43e742f000-7f43e7430000 rw-p 0001d000 08:03 524343                     /lib/x86_64-linux-gnu/libz.so.1.2.11
7f43e7430000-7f43e7432000 rw-p 00000000 00:00 0 
7f43e7434000-7f43e7435000 r--p 00000000 08:03 525087                     /lib/x86_64-linux-gnu/libutil-2.28.so
7f43e7435000-7f43e7436000 r-xp 00001000 08:03 525087                     /lib/x86_64-linux-gnu/libutil-2.28.so
7f43e7436000-7f43e7437000 r--p 00002000 08:03 525087                     /lib/x86_64-linux-gnu/libutil-2.28.so
7f43e7437000-7f43e7438000 r--p 00002000 08:03 525087                     /lib/x86_64-linux-gnu/libutil-2.28.so
7f43e7438000-7f43e7439000 rw-p 00003000 08:03 525087                     /lib/x86_64-linux-gnu/libutil-2.28.so
7f43e7439000-7f43e7441000 rw-s 00000000 00:27 129125                     /tmp/hsperfdata_k/31457
7f43e7441000-7f43e7443000 r--p 00000000 08:03 524924                     /lib/x86_64-linux-gnu/libnss_nis-2.28.so
7f43e7443000-7f43e744a000 r-xp 00002000 08:03 524924                     /lib/x86_64-linux-gnu/libnss_nis-2.28.so
7f43e744a000-7f43e744c000 r--p 00009000 08:03 524924                     /lib/x86_64-linux-gnu/libnss_nis-2.28.so
7f43e744c000-7f43e744d000 r--p 0000a000 08:03 524924                     /lib/x86_64-linux-gnu/libnss_nis-2.28.so
7f43e744d000-7f43e744e000 rw-p 0000b000 08:03 524924                     /lib/x86_64-linux-gnu/libnss_nis-2.28.so
7f43e744e000-7f43e7450000 r--p 00000000 08:03 524901                     /lib/x86_64-linux-gnu/libnss_compat-2.28.so
7f43e7450000-7f43e7455000 r-xp 00002000 08:03 524901                     /lib/x86_64-linux-gnu/libnss_compat-2.28.so
7f43e7455000-7f43e7457000 r--p 00007000 08:03 524901                     /lib/x86_64-linux-gnu/libnss_compat-2.28.so
7f43e7457000-7f43e7458000 r--p 00008000 08:03 524901                     /lib/x86_64-linux-gnu/libnss_compat-2.28.so
7f43e7458000-7f43e7459000 rw-p 00009000 08:03 524901                     /lib/x86_64-linux-gnu/libnss_compat-2.28.so
7f43e7459000-7f43e745a000 ---p 00000000 00:00 0 
7f43e745a000-7f43e745b000 r--p 00000000 00:00 0 
7f43e745b000-7f43e7460000 r--p 00000000 08:03 11284674                   /usr/lib/jvm/java-11-openjdk-amd64/lib/libverify.so
7f43e7460000-7f43e7467000 r-xp 00005000 08:03 11284674                   /usr/lib/jvm/java-11-openjdk-amd64/lib/libverify.so
7f43e7467000-7f43e7469000 r--p 0000c000 08:03 11284674                   /usr/lib/jvm/java-11-openjdk-amd64/lib/libverify.so
7f43e7469000-7f43e746b000 r--p 0000d000 08:03 11284674                   /usr/lib/jvm/java-11-openjdk-amd64/lib/libverify.so
7f43e746b000-7f43e746c000 rw-p 0000f000 08:03 11284674                   /usr/lib/jvm/java-11-openjdk-amd64/lib/libverify.so
7f43e746c000-7f43e746d000 r--p 00000000 08:03 524338                     /lib/x86_64-linux-gnu/ld-2.28.so
7f43e746d000-7f43e748b000 r-xp 00001000 08:03 524338                     /lib/x86_64-linux-gnu/ld-2.28.so
7f43e748b000-7f43e7493000 r--p 0001f000 08:03 524338                     /lib/x86_64-linux-gnu/ld-2.28.so
7f43e7493000-7f43e7494000 r--p 00026000 08:03 524338                     /lib/x86_64-linux-gnu/ld-2.28.so
7f43e7494000-7f43e7495000 rw-p 00027000 08:03 524338                     /lib/x86_64-linux-gnu/ld-2.28.so
7f43e7495000-7f43e7496000 rw-p 00000000 00:00 0 
7ffd3d911000-7ffd3d933000 rw-p 00000000 00:00 0                          [stack]
7ffd3d95c000-7ffd3d95f000 r--p 00000000 00:00 0                          [vvar]
7ffd3d95f000-7ffd3d961000 r-xp 00000000 00:00 0                          [vdso]
ffffffffff600000-ffffffffff601000 r-xp 00000000 00:00 0                  [vsyscall]


VM Arguments:
jvm_args: -Dclassworlds.conf=/opt/apache-maven-3.5.2/bin/m2.conf -Dmaven.home=/opt/apache-maven-3.5.2 -Dlibrary.jansi.path=/opt/apache-maven-3.5.2/lib/jansi-native -Dmaven.multiModuleProjectDirectory=/home/k/src/java-workspace/joddt1/joddt1 
java_command: org.codehaus.plexus.classworlds.launcher.Launcher jetty:run
java_class_path (initial): /opt/apache-maven-3.5.2/boot/plexus-classworlds-2.5.2.jar
Launcher Type: SUN_STANDARD

[Global flags]
     intx CICompilerCount                          = 3                                         {product} {ergonomic}
     uint ConcGCThreads                            = 1                                         {product} {ergonomic}
     uint G1ConcRefinementThreads                  = 4                                         {product} {ergonomic}
   size_t G1HeapRegionSize                         = 1048576                                   {product} {ergonomic}
    uintx GCDrainStackTargetSize                   = 64                                        {product} {ergonomic}
   size_t InitialHeapSize                          = 130023424                                 {product} {ergonomic}
   size_t MarkStackSize                            = 4194304                                   {product} {ergonomic}
   size_t MaxHeapSize                              = 2061500416                                {product} {ergonomic}
   size_t MaxNewSize                               = 1236271104                                {product} {ergonomic}
   size_t MinHeapDeltaBytes                        = 1048576                                   {product} {ergonomic}
    uintx NonNMethodCodeHeapSize                   = 5830092                                {pd product} {ergonomic}
    uintx NonProfiledCodeHeapSize                  = 122914074                              {pd product} {ergonomic}
    uintx ProfiledCodeHeapSize                     = 122914074                              {pd product} {ergonomic}
    uintx ReservedCodeCacheSize                    = 251658240                              {pd product} {ergonomic}
     bool SegmentedCodeCache                       = true                                      {product} {ergonomic}
     bool UseCompressedClassPointers               = true                                 {lp64_product} {ergonomic}
     bool UseCompressedOops                        = true                                 {lp64_product} {ergonomic}
     bool UseG1GC                                  = true                                      {product} {ergonomic}

Logging:
Log output configuration:
 #0: stdout all=warning uptime,level,tags
 #1: stderr all=off uptime,level,tags

Environment Variables:
JAVA_HOME=/usr/lib/jvm/java-11-openjdk-amd64/
PATH=/home/k/.cargo/bin:/home/k/src/GOROOT/bin:/usr/lib/go//bin:/opt/java/bin:/home/k/bin:/home/k/.local/bin:/home/k/.cargo/bin:/sbin/:/usr/sbin/:/home/k/ownCloud.enc/bin/:/home/k/src/GOROOT/bin:/usr/lib/go//bin:/home/k/.cargo/bin:/home/k/src/GOROOT/bin:/usr/lib/go//bin:/opt/java/bin:/home/k/bin:/home/k/.local/bin:/home/k/.cargo/bin:/sbin/:/usr/sbin/:/home/k/ownCloud.enc/bin/:/home/k/.cargo/bin:/home/k/src/GOROOT/bin:/usr/lib/go//bin:/opt/java/bin:/home/k/bin:/home/k/.local/bin:/home/k/.cargo/bin:/sbin/:/usr/sbin/:/home/k/ownCloud.enc/bin/:/usr/local/bin:/usr/bin:/bin:/usr/local/games:/usr/games:/home/k/.fzf/bin:/opt/calibre/bin/:/opt/esp-open-sdk/esptool/:/opt/esp-open-sdk/xtensa-lx106-elf/bin:/opt/esp-open-sdk/esptool2:/opt/apache-maven-3.5.2/bin:/opt/calibre/bin/:/opt/esp-open-sdk/esptool/:/opt/esp-open-sdk/xtensa-lx106-elf/bin:/opt/esp-open-sdk/esptool2:/opt/apache-maven-3.5.2/bin:/home/k/.fzf/bin/:/opt/calibre/bin/:/opt/esp-open-sdk/esptool/:/opt/esp-open-sdk/xtensa-lx106-elf/bin:/opt/esp-open-sdk/esptool2:/opt/apache-maven-3.5.2/bin:/home/k/.fzf/bin/
SHELL=/bin/bash
DISPLAY=:0.0

Signal Handlers:
SIGSEGV: [libjvm.so+0xd1ab70], sa_mask[0]=11111111011111111101111111111110, sa_flags=SA_RESTART|SA_SIGINFO
SIGBUS: [libjvm.so+0xd1ab70], sa_mask[0]=11111111011111111101111111111110, sa_flags=SA_RESTART|SA_SIGINFO
SIGFPE: [libjvm.so+0xd1ab70], sa_mask[0]=11111111011111111101111111111110, sa_flags=SA_RESTART|SA_SIGINFO
SIGPIPE: [libjvm.so+0xb22280], sa_mask[0]=11111111011111111101111111111110, sa_flags=SA_RESTART|SA_SIGINFO
SIGXFSZ: [libjvm.so+0xb22280], sa_mask[0]=11111111011111111101111111111110, sa_flags=SA_RESTART|SA_SIGINFO
SIGILL: [libjvm.so+0xd1ab70], sa_mask[0]=11111111011111111101111111111110, sa_flags=SA_RESTART|SA_SIGINFO
SIGUSR2: [libjvm.so+0xb22110], sa_mask[0]=00000000000000000000000000000000, sa_flags=SA_RESTART|SA_SIGINFO
SIGHUP: [libjvm.so+0xb22680], sa_mask[0]=11111111011111111101111111111110, sa_flags=SA_RESTART|SA_SIGINFO
SIGINT: [libjvm.so+0xb22680], sa_mask[0]=11111111011111111101111111111110, sa_flags=SA_RESTART|SA_SIGINFO
SIGTERM: [libjvm.so+0xb22680], sa_mask[0]=11111111011111111101111111111110, sa_flags=SA_RESTART|SA_SIGINFO
SIGQUIT: [libjvm.so+0xb22680], sa_mask[0]=11111111011111111101111111111110, sa_flags=SA_RESTART|SA_SIGINFO


---------------  S Y S T E M  ---------------

OS:PRETTY_NAME="Debian GNU/Linux buster/sid"
NAME="Debian GNU/Linux"
ID=debian
HOME_URL="https://www.debian.org/"
SUPPORT_URL="https://www.debian.org/support"
BUG_REPORT_URL="https://bugs.debian.org/"
uname:Linux 4.19.0-4-amd64 #1 SMP Debian 4.19.28-2 (2019-03-15) x86_64
libc:glibc 2.28 NPTL 2.28 
rlimit: STACK 8192k, CORE 0k, NPROC 31275, NOFILE 1048576, AS 2147483648k, DATA infinity, FSIZE infinity
load average:1,14 1,14 1,17

/proc/meminfo:
MemTotal:        8046004 kB
MemFree:         4831288 kB
MemAvailable:    6857844 kB
Buffers:          430184 kB
Cached:          1672584 kB
SwapCached:            0 kB
Active:          1736356 kB
Inactive:         982932 kB
Active(anon):     618760 kB
Inactive(anon):    67184 kB
Active(file):    1117596 kB
Inactive(file):   915748 kB
Unevictable:         164 kB
Mlocked:             164 kB
SwapTotal:             0 kB
SwapFree:              0 kB
Dirty:             14344 kB
Writeback:             0 kB
AnonPages:        608588 kB
Mapped:           269300 kB
Shmem:             69424 kB
Slab:             380940 kB
SReclaimable:     295596 kB
SUnreclaim:        85344 kB
KernelStack:        5888 kB
PageTables:        11024 kB
NFS_Unstable:          0 kB
Bounce:                0 kB
WritebackTmp:          0 kB
CommitLimit:     4023000 kB
Committed_AS:    2167788 kB
VmallocTotal:   34359738367 kB
VmallocUsed:           0 kB
VmallocChunk:          0 kB
Percpu:             6848 kB
HardwareCorrupted:     0 kB
AnonHugePages:    264192 kB
ShmemHugePages:        0 kB
ShmemPmdMapped:        0 kB
HugePages_Total:       0
HugePages_Free:        0
HugePages_Rsvd:        0
HugePages_Surp:        0
Hugepagesize:       2048 kB
Hugetlb:               0 kB
DirectMap4k:      163280 kB
DirectMap2M:     8103936 kB


/proc/sys/kernel/threads-max (system-wide limit on the number of threads):
62551


/proc/sys/vm/max_map_count (maximum number of memory map areas a process may have):
65530


/proc/sys/kernel/pid_max (system-wide limit on number of process identifiers):
32768



/etc/ld.so.preload:

container (cgroup) information:
container_type: cgroupv1
cpu_cpuset_cpus: 0-3
cpu_memory_nodes: 0
active_processor_count: 4
cpu_quota: -1
cpu_period: 100000
cpu_shares: -1
memory_limit_in_bytes: -1
memory_and_swap_limit_in_bytes: -2
memory_soft_limit_in_bytes: -1
memory_usage_in_bytes: 1655447552
memory_max_usage_in_bytes: 4461940736


CPU:total 4 (initial active 4) (2 cores per cpu, 2 threads per core) family 6 model 42 stepping 7, cmov, cx8, fxsr, mmx, sse, sse2, sse3, ssse3, sse4.1, sse4.2, popcnt, avx, aes, clmul, ht, tsc, tscinvbit
CPU Model and flags from /proc/cpuinfo:
model name	: Intel(R) Core(TM) i5-2520M CPU @ 2.50GHz
flags		: fpu vme de pse tsc msr pae mce cx8 apic sep mtrr pge mca cmov pat pse36 clflush dts acpi mmx fxsr sse sse2 ss ht tm pbe syscall nx rdtscp lm constant_tsc arch_perfmon pebs bts rep_good nopl xtopology nonstop_tsc cpuid aperfmperf pni pclmulqdq dtes64 monitor ds_cpl vmx smx est tm2 ssse3 cx16 xtpr pdcm pcid sse4_1 sse4_2 x2apic popcnt tsc_deadline_timer aes xsave avx lahf_lm epb pti ssbd ibrs ibpb stibp tpr_shadow vnmi flexpriority ept vpid xsaveopt dtherm ida arat pln pts flush_l1d

Memory: 4k page, physical 8046004k(4831288k free), swap 0k(0k free)

vm_info: OpenJDK 64-Bit Server VM (11.0.3+4-Debian-1) for linux-amd64 JRE (11.0.3+4-Debian-1), built on Mar 21 2019 13:57:00 by "buildd" with gcc 8.3.0

END.
